Read 953 queries.
Using Bao: True
Executing queries using PG optimizer for initial training
x x 1632174118.6096563 bao_train/bao_679.sql 0.21198344230651855 PG
x x 1632174118.7225144 bao_train/bao_1021.sql 0.11279082298278809 PG
x x 1632174118.863328 bao_train/bao_186.sql 0.14074921607971191 PG
x x 1632174118.9730525 bao_train/bao_1199.sql 0.10964488983154297 PG
x x 1632174119.0825508 bao_train/bao_765.sql 0.10943746566772461 PG
x x 1632174119.1916678 bao_train/bao_711.sql 0.1090538501739502 PG
x x 1632174119.2995903 bao_train/bao_905.sql 0.10786199569702148 PG
x x 1632174119.4089553 bao_train/bao_1077.sql 0.10930538177490234 PG
x x 1632174120.4878519 bao_train/bao_398.sql 1.0788319110870361 PG
x x 1632174120.5965693 bao_train/bao_1026.sql 0.10865235328674316 PG
x x 1632174120.7066474 bao_train/bao_1195.sql 0.1100151538848877 PG
x x 1632174131.7292397 bao_train/bao_523.sql 11.022430658340454 PG
x x 1632174131.8389587 bao_train/bao_1023.sql 0.10961484909057617 PG
x x 1632174131.9492738 bao_train/bao_1177.sql 0.11024951934814453 PG
x x 1632174132.0595307 bao_train/bao_689.sql 0.11019396781921387 PG
x x 1632174132.303282 bao_train/bao_584.sql 0.24368548393249512 PG
x x 1632174132.4127424 bao_train/bao_1197.sql 0.10938262939453125 PG
x x 1632174132.522729 bao_train/bao_633.sql 0.10992121696472168 PG
x x 1632174132.6317189 bao_train/bao_831.sql 0.10892271995544434 PG
x x 1632174132.7427433 bao_train/bao_1005.sql 0.1109619140625 PG
x x 1632174132.853365 bao_train/bao_827.sql 0.11055779457092285 PG
x x 1632174132.9642 bao_train/bao_731.sql 0.11077404022216797 PG
x x 1632174133.4344525 bao_train/bao_27.sql 0.47016453742980957 PG
x x 1632174133.5427547 bao_train/bao_1139.sql 0.10823893547058105 PG
x x 1632174133.65476 bao_train/bao_963.sql 0.11194252967834473 PG
x x 1632174137.332913 bao_train/bao_275.sql 3.6780877113342285 PG
x x 1632174137.443697 bao_train/bao_1083.sql 0.11071658134460449 PG
x x 1632174137.5543773 bao_train/bao_1087.sql 0.11061573028564453 PG
x x 1632174137.6631997 bao_train/bao_865.sql 0.1087636947631836 PG
x x 1632174137.773041 bao_train/bao_646.sql 0.10977816581726074 PG
x x 1632174137.882815 bao_train/bao_829.sql 0.1097109317779541 PG
x x 1632174137.9933994 bao_train/bao_759.sql 0.11052417755126953 PG
x x 1632174138.2244287 bao_train/bao_571.sql 0.23096323013305664 PG
x x 1632174138.333464 bao_train/bao_977.sql 0.10897016525268555 PG
x x 1632174138.6388144 bao_train/bao_335.sql 0.3052847385406494 PG
x x 1632174138.8625247 bao_train/bao_591.sql 0.22364592552185059 PG
x x 1632174138.9715476 bao_train/bao_849.sql 0.10895991325378418 PG
x x 1632174139.754881 bao_train/bao_65.sql 0.7832691669464111 PG
x x 1632174139.8668199 bao_train/bao_879.sql 0.11187863349914551 PG
x x 1632174140.7932775 bao_train/bao_623.sql 0.9263954162597656 PG
x x 1632174140.9033659 bao_train/bao_737.sql 0.11001062393188477 PG
x x 1632174141.012376 bao_train/bao_1040.sql 0.1089475154876709 PG
x x 1632174141.1501815 bao_train/bao_124.sql 0.1377429962158203 PG
x x 1632174152.174314 bao_train/bao_207.sql 11.02394962310791 PG
x x 1632174152.2861097 bao_train/bao_1071.sql 0.11171936988830566 PG
x x 1632174152.5358794 bao_train/bao_131.sql 0.24970459938049316 PG
x x 1632174152.6461394 bao_train/bao_1090.sql 0.11019730567932129 PG
x x 1632174153.196928 bao_train/bao_189.sql 0.5507268905639648 PG
x x 1632174153.3065798 bao_train/bao_675.sql 0.10959100723266602 PG
x x 1632174164.3310003 bao_train/bao_313.sql 11.02425479888916 PG
Initial input channels: 12
Epoch 0 training loss: 0.054553860798478127
Epoch 15 training loss: 0.0061951262565950556
Stopped training from convergence condition at epoch 24
Old model # regressions: 0 regression amount: 0
New model # regressions: 0 regression amount: 0
New model had no regressions.
0 0 1632174168.1061702 bao_train/bao_321.sql 1.4145491123199463
0 1 1632174168.2233856 bao_train/bao_1186.sql 0.11713266372680664
0 2 1632174168.425302 bao_train/bao_177.sql 0.20185065269470215
0 3 1632174168.5419676 bao_train/bao_945.sql 0.11659836769104004
0 4 1632174168.65714 bao_train/bao_687.sql 0.11510396003723145
0 5 1632174168.7717257 bao_train/bao_651.sql 0.11452269554138184
0 6 1632174168.8882384 bao_train/bao_1153.sql 0.11644864082336426
0 7 1632174169.0040646 bao_train/bao_758.sql 0.11574506759643555
0 8 1632174169.119995 bao_train/bao_1146.sql 0.11587142944335938
0 9 1632174169.5397322 bao_train/bao_336.sql 0.41967272758483887
0 10 1632174169.656447 bao_train/bao_991.sql 0.11664772033691406
0 11 1632174169.7736185 bao_train/bao_679.sql 0.11710262298583984
0 12 1632174170.0911417 bao_train/bao_599.sql 0.3174560070037842
0 13 1632174170.209363 bao_train/bao_719.sql 0.11815810203552246
0 14 1632174170.326779 bao_train/bao_861.sql 0.11735033988952637
0 15 1632174170.4431539 bao_train/bao_800.sql 0.11631178855895996
0 16 1632174170.7775695 bao_train/bao_125.sql 0.3343546390533447
0 17 1632174170.892913 bao_train/bao_1028.sql 0.11527442932128906
0 18 1632174171.080562 bao_train/bao_243.sql 0.1875782012939453
0 19 1632174171.7856622 bao_train/bao_178.sql 0.70503830909729
0 20 1632174171.901536 bao_train/bao_1188.sql 0.11580824851989746
0 21 1632174172.0165997 bao_train/bao_950.sql 0.11500239372253418
0 22 1632174172.1313365 bao_train/bao_892.sql 0.11467123031616211
0 23 1632174172.733875 bao_train/bao_242.sql 0.602466344833374
0 24 1632174172.848988 bao_train/bao_693.sql 0.1150507926940918
0 25 1632174174.4464233 bao_train/bao_362.sql 1.5973725318908691
0 26 1632174174.562948 bao_train/bao_925.sql 0.11645770072937012
0 27 1632174174.714608 bao_train/bao_452.sql 0.1515944004058838
0 28 1632174175.039247 bao_train/bao_174.sql 0.32457661628723145
0 29 1632174175.1689918 bao_train/bao_154.sql 0.12966442108154297
0 30 1632174175.342407 bao_train/bao_602.sql 0.17334437370300293
0 31 1632174175.7113318 bao_train/bao_171.sql 0.368863582611084
0 32 1632174175.9441705 bao_train/bao_62.sql 0.23275375366210938
0 33 1632174186.970304 bao_train/bao_90.sql 11.025980710983276
0 34 1632174187.2909162 bao_train/bao_366.sql 0.320512056350708
0 35 1632174187.407977 bao_train/bao_1196.sql 0.11700129508972168
0 36 1632174187.5243497 bao_train/bao_998.sql 0.11630773544311523
0 37 1632174198.5507717 bao_train/bao_528.sql 11.026245594024658
0 38 1632174198.6688287 bao_train/bao_1081.sql 0.11796045303344727
0 39 1632174198.7851305 bao_train/bao_1041.sql 0.11623835563659668
0 40 1632174198.9024117 bao_train/bao_1098.sql 0.11721968650817871
0 41 1632174199.019363 bao_train/bao_667.sql 0.11689066886901855
0 42 1632174199.1355193 bao_train/bao_815.sql 0.11609196662902832
0 43 1632174199.4650433 bao_train/bao_398.sql 0.32946133613586426
0 44 1632174199.5809653 bao_train/bao_1056.sql 0.11585736274719238
0 45 1632174200.8830354 bao_train/bao_338.sql 1.3020086288452148
0 46 1632174200.999456 bao_train/bao_997.sql 0.11636018753051758
0 47 1632174201.1352227 bao_train/bao_55.sql 0.13570523262023926
0 48 1632174201.2513351 bao_train/bao_975.sql 0.11603569984436035
0 49 1632174201.3668053 bao_train/bao_878.sql 0.11540770530700684
Initial input channels: 12
Epoch 0 training loss: 0.06250395035992067
Stopped training from convergence condition at epoch 14
Old model # regressions: 0 regression amount: 0
New model # regressions: 0 regression amount: 0
New model had no regressions.
1 0 1632174203.5767925 bao_train/bao_1009.sql 0.1164708137512207
1 1 1632174203.6928456 bao_train/bao_750.sql 0.11597180366516113
1 2 1632174203.8083043 bao_train/bao_716.sql 0.11539244651794434
1 3 1632174203.9664276 bao_train/bao_571.sql 0.15805435180664062
1 4 1632174204.1004078 bao_train/bao_177.sql 0.13391351699829102
1 5 1632174204.2178407 bao_train/bao_680.sql 0.11736655235290527
1 6 1632174204.8447764 bao_train/bao_10.sql 0.6268727779388428
1 7 1632174205.213692 bao_train/bao_417.sql 0.3688528537750244
1 8 1632174205.3583083 bao_train/bao_444.sql 0.14451384544372559
1 9 1632174205.49516 bao_train/bao_95.sql 0.13678765296936035
1 10 1632174205.6123052 bao_train/bao_891.sql 0.11707544326782227
1 11 1632174205.829502 bao_train/bao_172.sql 0.21712303161621094
1 12 1632174205.9840467 bao_train/bao_514.sql 0.1544780731201172
1 13 1632174206.1237133 bao_train/bao_115.sql 0.13959407806396484
1 14 1632174206.23891 bao_train/bao_923.sql 0.11512899398803711
1 15 1632174206.355316 bao_train/bao_886.sql 0.11634683609008789
1 16 1632174206.6809766 bao_train/bao_222.sql 0.3255934715270996
1 17 1632174206.7975821 bao_train/bao_678.sql 0.11654067039489746
1 18 1632174206.9141202 bao_train/bao_651.sql 0.11647248268127441
1 19 1632174207.0298948 bao_train/bao_1136.sql 0.11571455001831055
1 20 1632174207.275376 bao_train/bao_78.sql 0.24541974067687988
1 21 1632174208.2064412 bao_train/bao_574.sql 0.9309954643249512
1 22 1632174208.323366 bao_train/bao_803.sql 0.11685585975646973
1 23 1632174209.1176972 bao_train/bao_560.sql 0.794273853302002
1 24 1632174209.3010395 bao_train/bao_0.sql 0.18327546119689941
1 25 1632174220.3254097 bao_train/bao_259.sql 11.024219274520874
1 26 1632174220.443496 bao_train/bao_1017.sql 0.11799502372741699
1 27 1632174220.5615027 bao_train/bao_939.sql 0.11794114112854004
1 28 1632174220.678683 bao_train/bao_894.sql 0.11712002754211426
1 29 1632174220.7964728 bao_train/bao_851.sql 0.11772680282592773
1 30 1632174229.5850577 bao_train/bao_233.sql 8.78850507736206
1 31 1632174229.7032082 bao_train/bao_1051.sql 0.11808395385742188
1 32 1632174229.8226995 bao_train/bao_893.sql 0.11941981315612793
1 33 1632174229.940445 bao_train/bao_954.sql 0.11768722534179688
1 34 1632174230.0593562 bao_train/bao_1076.sql 0.1188511848449707
1 35 1632174230.3723443 bao_train/bao_497.sql 0.3129243850708008
1 36 1632174230.4882798 bao_train/bao_1061.sql 0.11587142944335938
1 37 1632174230.60521 bao_train/bao_788.sql 0.11684250831604004
1 38 1632174230.7224436 bao_train/bao_792.sql 0.11716055870056152
1 39 1632174230.8404834 bao_train/bao_1115.sql 0.11797571182250977
1 40 1632174231.0146134 bao_train/bao_475.sql 0.17407011985778809
1 41 1632174231.7277057 bao_train/bao_588.sql 0.7130279541015625
1 42 1632174232.0535033 bao_train/bao_174.sql 0.325732946395874
1 43 1632174232.1712306 bao_train/bao_888.sql 0.11766338348388672
1 44 1632174232.3056052 bao_train/bao_399.sql 0.13429856300354004
1 45 1632174232.4239714 bao_train/bao_1188.sql 0.1183011531829834
1 46 1632174232.5616322 bao_train/bao_573.sql 0.13760113716125488
1 47 1632174232.681395 bao_train/bao_759.sql 0.11969637870788574
1 48 1632174232.79919 bao_train/bao_1179.sql 0.11773133277893066
1 49 1632174233.4272013 bao_train/bao_240.sql 0.6279423236846924
Initial input channels: 12
Epoch 0 training loss: 0.043975163044201
Stopped training from convergence condition at epoch 13
Old model # regressions: 0 regression amount: 0
New model # regressions: 0 regression amount: 0
New model had no regressions.
2 0 1632174235.884867 bao_train/bao_996.sql 0.11737465858459473
2 1 1632174236.003488 bao_train/bao_689.sql 0.11853718757629395
2 2 1632174236.261857 bao_train/bao_424.sql 0.2583026885986328
2 3 1632174239.2908459 bao_train/bao_540.sql 3.028923273086548
2 4 1632174239.4088397 bao_train/bao_1108.sql 0.11792564392089844
2 5 1632174239.5263612 bao_train/bao_1201.sql 0.11745715141296387
2 6 1632174240.2645638 bao_train/bao_277.sql 0.7381343841552734
2 7 1632174240.3825068 bao_train/bao_632.sql 0.11787819862365723
2 8 1632174240.864421 bao_train/bao_126.sql 0.48185181617736816
2 9 1632174240.9837198 bao_train/bao_1196.sql 0.11923694610595703
2 10 1632174241.1006436 bao_train/bao_1063.sql 0.11685991287231445
2 11 1632174241.216996 bao_train/bao_671.sql 0.1162869930267334
2 12 1632174241.362491 bao_train/bao_125.sql 0.14543485641479492
2 13 1632174241.4802282 bao_train/bao_916.sql 0.11766886711120605
2 14 1632174241.5982401 bao_train/bao_877.sql 0.11792993545532227
2 15 1632174241.7150478 bao_train/bao_1063.sql 0.11673331260681152
2 16 1632174252.7422733 bao_train/bao_140.sql 11.02706527709961
2 17 1632174252.8585372 bao_train/bao_705.sql 0.1161491870880127
2 18 1632174252.9751449 bao_train/bao_1191.sql 0.11654400825500488
2 19 1632174253.0923045 bao_train/bao_1119.sql 0.11709904670715332
2 20 1632174253.2087257 bao_train/bao_944.sql 0.11634230613708496
2 21 1632174253.818312 bao_train/bao_615.sql 0.6095225811004639
2 22 1632174254.0948775 bao_train/bao_473.sql 0.27648282051086426
2 23 1632174254.2131207 bao_train/bao_808.sql 0.11817240715026855
2 24 1632174254.3294022 bao_train/bao_829.sql 0.11621236801147461
2 25 1632174254.477226 bao_train/bao_116.sql 0.14775824546813965
2 26 1632174254.5960493 bao_train/bao_1087.sql 0.11874222755432129
2 27 1632174254.8750944 bao_train/bao_412.sql 0.27898168563842773
2 28 1632174254.995711 bao_train/bao_399.sql 0.12054872512817383
2 29 1632174255.6111596 bao_train/bao_464.sql 0.6153879165649414
2 30 1632174255.73009 bao_train/bao_758.sql 0.11886310577392578
2 31 1632174255.8474994 bao_train/bao_709.sql 0.11734962463378906
2 32 1632174255.964414 bao_train/bao_986.sql 0.1168515682220459
2 33 1632174256.081495 bao_train/bao_1088.sql 0.11702251434326172
2 34 1632174256.2041533 bao_train/bao_36.sql 0.12259626388549805
2 35 1632174256.5343497 bao_train/bao_278.sql 0.33013343811035156
2 36 1632174256.6512523 bao_train/bao_879.sql 0.11683845520019531
2 37 1632174256.8501122 bao_train/bao_155.sql 0.19878172874450684
2 38 1632174256.9827228 bao_train/bao_116.sql 0.13254857063293457
2 39 1632174268.021812 bao_train/bao_436.sql 11.03892469406128
2 40 1632174268.3707645 bao_train/bao_398.sql 0.3488657474517822
2 41 1632174268.5375566 bao_train/bao_190.sql 0.16669392585754395
2 42 1632174279.5748775 bao_train/bao_158.sql 11.03715991973877
2 43 1632174279.693051 bao_train/bao_933.sql 0.11809301376342773
2 44 1632174279.8368404 bao_train/bao_430.sql 0.14373111724853516
2 45 1632174279.9556563 bao_train/bao_878.sql 0.11875295639038086
2 46 1632174280.096371 bao_train/bao_589.sql 0.14065337181091309
2 47 1632174280.2134185 bao_train/bao_1045.sql 0.11698150634765625
2 48 1632174280.3696208 bao_train/bao_9.sql 0.1561439037322998
2 49 1632174280.4873474 bao_train/bao_855.sql 0.11765408515930176
Initial input channels: 12
Epoch 0 training loss: 0.07293241424486041
Epoch 15 training loss: 0.009724512424630424
Stopped training from convergence condition at epoch 22
Old model # regressions: 0 regression amount: 0
New model # regressions: 0 regression amount: 0
New model had no regressions.
3 0 1632174284.7448428 bao_train/bao_973.sql 0.11860346794128418
3 1 1632174284.864138 bao_train/bao_936.sql 0.11921262741088867
3 2 1632174284.9829023 bao_train/bao_866.sql 0.11869549751281738
3 3 1632174285.100873 bao_train/bao_1149.sql 0.1179044246673584
3 4 1632174285.2940555 bao_train/bao_496.sql 0.1931135654449463
3 5 1632174285.410394 bao_train/bao_1190.sql 0.11626958847045898
3 6 1632174286.5922818 bao_train/bao_369.sql 1.181821584701538
3 7 1632174286.709958 bao_train/bao_1051.sql 0.11758995056152344
3 8 1632174286.8758557 bao_train/bao_336.sql 0.1658315658569336
3 9 1632174286.993509 bao_train/bao_987.sql 0.11758804321289062
3 10 1632174287.3221986 bao_train/bao_174.sql 0.3286266326904297
3 11 1632174287.440098 bao_train/bao_808.sql 0.11781764030456543
3 12 1632174287.5743 bao_train/bao_445.sql 0.13413691520690918
3 13 1632174287.6927543 bao_train/bao_399.sql 0.11837148666381836
3 14 1632174287.8101146 bao_train/bao_963.sql 0.11730122566223145
3 15 1632174287.9286911 bao_train/bao_996.sql 0.11851787567138672
3 16 1632174288.0867994 bao_train/bao_597.sql 0.15804409980773926
3 17 1632174288.2040977 bao_train/bao_749.sql 0.11722898483276367
3 18 1632174288.321414 bao_train/bao_1138.sql 0.11725592613220215
3 19 1632174288.5596793 bao_train/bao_220.sql 0.23820185661315918
3 20 1632174288.6766 bao_train/bao_973.sql 0.1168513298034668
3 21 1632174289.6111984 bao_train/bao_624.sql 0.9345381259918213
3 22 1632174289.7405457 bao_train/bao_580.sql 0.12926506996154785
3 23 1632174289.8587952 bao_train/bao_776.sql 0.11818289756774902
3 24 1632174289.976884 bao_train/bao_1050.sql 0.11802530288696289
3 25 1632174290.095584 bao_train/bao_629.sql 0.11863589286804199
3 26 1632174290.22077 bao_train/bao_519.sql 0.12511372566223145
3 27 1632174290.3394668 bao_train/bao_870.sql 0.11862897872924805
3 28 1632174290.4596803 bao_train/bao_1141.sql 0.12015342712402344
3 29 1632174290.5775225 bao_train/bao_966.sql 0.11778569221496582
3 30 1632174290.6955001 bao_train/bao_1071.sql 0.11792159080505371
3 31 1632174290.8125145 bao_train/bao_1166.sql 0.11695408821105957
3 32 1632174290.9281683 bao_train/bao_639.sql 0.11559152603149414
3 33 1632174291.044914 bao_train/bao_710.sql 0.11667895317077637
3 34 1632174291.4262788 bao_train/bao_135.sql 0.3813004493713379
3 35 1632174291.5442972 bao_train/bao_1107.sql 0.11793971061706543
3 36 1632174291.6616726 bao_train/bao_903.sql 0.11730337142944336
3 37 1632174291.9363756 bao_train/bao_151.sql 0.27463865280151367
3 38 1632174292.0554194 bao_train/bao_638.sql 0.11898493766784668
3 39 1632174292.1727855 bao_train/bao_660.sql 0.11730742454528809
3 40 1632174292.4525805 bao_train/bao_395.sql 0.2797279357910156
3 41 1632174292.5704744 bao_train/bao_629.sql 0.11783075332641602
3 42 1632174303.5971966 bao_train/bao_548.sql 11.026566982269287
3 43 1632174303.715146 bao_train/bao_943.sql 0.11785221099853516
3 44 1632174303.8326583 bao_train/bao_1181.sql 0.11745119094848633
3 45 1632174303.9495177 bao_train/bao_747.sql 0.11679863929748535
3 46 1632174304.1677814 bao_train/bao_141.sql 0.2182025909423828
3 47 1632174304.3992205 bao_train/bao_362.sql 0.23138165473937988
3 48 1632174304.5176005 bao_train/bao_708.sql 0.11829757690429688
3 49 1632174305.0994318 bao_train/bao_224.sql 0.5817675590515137
Initial input channels: 12
Epoch 0 training loss: 0.040888513717800376
Epoch 15 training loss: 0.011193151872915526
Stopped training from convergence condition at epoch 15
Old model # regressions: 0 regression amount: 0
New model # regressions: 0 regression amount: 0
New model had no regressions.
4 0 1632174308.8907971 bao_train/bao_249.sql 0.22901105880737305
4 1 1632174309.008463 bao_train/bao_780.sql 0.1175837516784668
4 2 1632174309.1243136 bao_train/bao_1065.sql 0.11578512191772461
4 3 1632174309.299913 bao_train/bao_449.sql 0.175520658493042
4 4 1632174309.4169948 bao_train/bao_999.sql 0.11700654029846191
4 5 1632174309.5351677 bao_train/bao_997.sql 0.11810970306396484
4 6 1632174309.6556685 bao_train/bao_1065.sql 0.12044048309326172
4 7 1632174309.7772434 bao_train/bao_1190.sql 0.12150716781616211
4 8 1632174310.117738 bao_train/bao_174.sql 0.34041523933410645
4 9 1632174310.237223 bao_train/bao_942.sql 0.1194157600402832
4 10 1632174310.3575675 bao_train/bao_896.sql 0.12026190757751465
4 11 1632174310.4778728 bao_train/bao_894.sql 0.1202385425567627
4 12 1632174311.05986 bao_train/bao_321.sql 0.5819177627563477
4 13 1632174311.180853 bao_train/bao_1141.sql 0.1209263801574707
4 14 1632174311.3008702 bao_train/bao_853.sql 0.1199500560760498
4 15 1632174311.4205418 bao_train/bao_736.sql 0.11960411071777344
4 16 1632174311.539851 bao_train/bao_653.sql 0.11924123764038086
4 17 1632174311.661156 bao_train/bao_989.sql 0.12124133110046387
4 18 1632174311.7812443 bao_train/bao_692.sql 0.12002158164978027
4 19 1632174311.9012094 bao_train/bao_1006.sql 0.11988472938537598
4 20 1632174312.0205681 bao_train/bao_838.sql 0.1192779541015625
4 21 1632174312.2091975 bao_train/bao_224.sql 0.188568115234375
4 22 1632174312.3292964 bao_train/bao_700.sql 0.12001800537109375
4 23 1632174312.4490674 bao_train/bao_947.sql 0.11968874931335449
4 24 1632174312.7781858 bao_train/bao_111.sql 0.32904934883117676
4 25 1632174312.8989074 bao_train/bao_1103.sql 0.1206521987915039
4 26 1632174313.0185587 bao_train/bao_1096.sql 0.11958980560302734
4 27 1632174313.2296703 bao_train/bao_592.sql 0.21104025840759277
4 28 1632174313.5333347 bao_train/bao_182.sql 0.30357837677001953
4 29 1632174313.6537118 bao_train/bao_647.sql 0.12031126022338867
4 30 1632174313.7744715 bao_train/bao_748.sql 0.1206972599029541
4 31 1632174313.8949025 bao_train/bao_1181.sql 0.12036681175231934
4 32 1632174314.014418 bao_train/bao_674.sql 0.11945223808288574
4 33 1632174314.2259688 bao_train/bao_172.sql 0.21149086952209473
4 34 1632174314.8442307 bao_train/bao_499.sql 0.6181981563568115
4 35 1632174314.9671526 bao_train/bao_916.sql 0.12284183502197266
4 36 1632174315.0873473 bao_train/bao_864.sql 0.12013459205627441
4 37 1632174315.2071316 bao_train/bao_1082.sql 0.11972427368164062
4 38 1632174315.3283896 bao_train/bao_399.sql 0.12118840217590332
4 39 1632174315.5881464 bao_train/bao_187.sql 0.25969433784484863
4 40 1632174315.7081425 bao_train/bao_1002.sql 0.11993074417114258
4 41 1632174315.8282192 bao_train/bao_797.sql 0.12001466751098633
4 42 1632174315.9479415 bao_train/bao_677.sql 0.11963891983032227
4 43 1632174316.1098077 bao_train/bao_170.sql 0.16180181503295898
4 44 1632174316.2295449 bao_train/bao_770.sql 0.11966753005981445
4 45 1632174327.2715333 bao_train/bao_590.sql 11.041804790496826
4 46 1632174327.405702 bao_train/bao_408.sql 0.13408446311950684
4 47 1632174327.5255241 bao_train/bao_1008.sql 0.11975359916687012
4 48 1632174327.6454237 bao_train/bao_1067.sql 0.11983561515808105
4 49 1632174327.7653487 bao_train/bao_898.sql 0.11986541748046875
Initial input channels: 12
Epoch 0 training loss: 0.03034684136702325
Stopped training from convergence condition at epoch 12
Old model # regressions: 0 regression amount: 0
New model # regressions: 0 regression amount: 0
New model had no regressions.
5 0 1632174332.386395 bao_train/bao_915.sql 0.12018513679504395
5 1 1632174332.5680635 bao_train/bao_584.sql 0.18158578872680664
5 2 1632174332.686441 bao_train/bao_854.sql 0.11830449104309082
5 3 1632174332.8073707 bao_train/bao_628.sql 0.12085962295532227
5 4 1632174332.925435 bao_train/bao_1132.sql 0.1179962158203125
5 5 1632174333.0452955 bao_train/bao_1114.sql 0.1197957992553711
5 6 1632174334.2390773 bao_train/bao_233.sql 1.1937158107757568
5 7 1632174334.3584788 bao_train/bao_910.sql 0.1193399429321289
5 8 1632174334.4789374 bao_train/bao_819.sql 0.12039422988891602
5 9 1632174334.599311 bao_train/bao_878.sql 0.12026262283325195
5 10 1632174334.7214417 bao_train/bao_910.sql 0.1220712661743164
5 11 1632174334.8454993 bao_train/bao_1187.sql 0.12399029731750488
5 12 1632174336.2050006 bao_train/bao_157.sql 1.3594324588775635
5 13 1632174336.325119 bao_train/bao_1091.sql 0.12005186080932617
5 14 1632174336.4450982 bao_train/bao_804.sql 0.11991262435913086
5 15 1632174336.56502 bao_train/bao_899.sql 0.11985516548156738
5 16 1632174336.7054904 bao_train/bao_37.sql 0.14040422439575195
5 17 1632174336.8263206 bao_train/bao_661.sql 0.1207265853881836
5 18 1632174336.9469132 bao_train/bao_1138.sql 0.12053346633911133
5 19 1632174337.0964093 bao_train/bao_93.sql 0.1494302749633789
5 20 1632174337.2158616 bao_train/bao_880.sql 0.11938691139221191
5 21 1632174337.4542427 bao_train/bao_97.sql 0.2383098602294922
5 22 1632174337.5740738 bao_train/bao_832.sql 0.11975502967834473
5 23 1632174337.6937656 bao_train/bao_896.sql 0.11963009834289551
5 24 1632174337.813666 bao_train/bao_1021.sql 0.11983704566955566
5 25 1632174337.9333029 bao_train/bao_765.sql 0.11956620216369629
5 26 1632174338.8546596 bao_train/bao_269.sql 0.921288013458252
5 27 1632174338.9751918 bao_train/bao_940.sql 0.12045454978942871
5 28 1632174339.095346 bao_train/bao_824.sql 0.12009310722351074
5 29 1632174339.2140398 bao_train/bao_880.sql 0.11862826347351074
5 30 1632174339.3341067 bao_train/bao_832.sql 0.12000513076782227
5 31 1632174339.473456 bao_train/bao_177.sql 0.13928627967834473
5 32 1632174339.5929837 bao_train/bao_811.sql 0.11946558952331543
5 33 1632174339.7135844 bao_train/bao_1097.sql 0.12053894996643066
5 34 1632174339.8349793 bao_train/bao_888.sql 0.12132453918457031
5 35 1632174339.9553113 bao_train/bao_876.sql 0.12027168273925781
5 36 1632174340.0757945 bao_train/bao_1198.sql 0.1204066276550293
5 37 1632174340.1956987 bao_train/bao_838.sql 0.11980605125427246
5 38 1632174340.389324 bao_train/bao_456.sql 0.1935572624206543
5 39 1632174341.0996237 bao_train/bao_230.sql 0.710219144821167
5 40 1632174341.2204545 bao_train/bao_818.sql 0.12076187133789062
5 41 1632174341.344621 bao_train/bao_121.sql 0.12410163879394531
5 42 1632174341.4655795 bao_train/bao_1020.sql 0.1208958625793457
5 43 1632174341.5859153 bao_train/bao_1172.sql 0.12025189399719238
5 44 1632174341.7608788 bao_train/bao_264.sql 0.17489957809448242
5 45 1632174341.8804383 bao_train/bao_880.sql 0.11949563026428223
5 46 1632174341.9989834 bao_train/bao_971.sql 0.11848640441894531
5 47 1632174342.2214596 bao_train/bao_191.sql 0.2224133014678955
5 48 1632174342.3408387 bao_train/bao_681.sql 0.11931228637695312
5 49 1632174342.5781827 bao_train/bao_366.sql 0.23728418350219727
Initial input channels: 12
Epoch 0 training loss: 0.020892947314264762
Stopped training from convergence condition at epoch 12
Old model # regressions: 0 regression amount: 0
New model # regressions: 0 regression amount: 0
New model had no regressions.
6 0 1632174347.6862142 bao_train/bao_984.sql 0.11913943290710449
6 1 1632174347.8525064 bao_train/bao_571.sql 0.1661970615386963
6 2 1632174347.9725487 bao_train/bao_948.sql 0.11997318267822266
6 3 1632174348.09149 bao_train/bao_1102.sql 0.11887288093566895
6 4 1632174348.2110217 bao_train/bao_974.sql 0.11946916580200195
6 5 1632174348.3543038 bao_train/bao_115.sql 0.14321398735046387
6 6 1632174348.4740627 bao_train/bao_968.sql 0.11959147453308105
6 7 1632174348.8162017 bao_train/bao_174.sql 0.3420698642730713
6 8 1632174348.9350893 bao_train/bao_1097.sql 0.11879658699035645
6 9 1632174349.1812997 bao_train/bao_417.sql 0.24613690376281738
6 10 1632174349.3008056 bao_train/bao_758.sql 0.11942124366760254
6 11 1632174352.569367 bao_train/bao_241.sql 3.268491744995117
6 12 1632174352.6885738 bao_train/bao_648.sql 0.11913704872131348
6 13 1632174352.8412962 bao_train/bao_530.sql 0.1526503562927246
6 14 1632174352.9968543 bao_train/bao_342.sql 0.1554734706878662
6 15 1632174355.1861343 bao_train/bao_622.sql 2.1892149448394775
6 16 1632174357.526376 bao_train/bao_163.sql 2.340174913406372
6 17 1632174357.6465755 bao_train/bao_740.sql 0.1201333999633789
6 18 1632174357.7662508 bao_train/bao_1000.sql 0.11960887908935547
6 19 1632174357.8859284 bao_train/bao_936.sql 0.11959981918334961
6 20 1632174358.0145483 bao_train/bao_573.sql 0.1285555362701416
6 21 1632174358.2029161 bao_train/bao_74.sql 0.18830180168151855
6 22 1632174358.3222883 bao_train/bao_771.sql 0.1193079948425293
6 23 1632174358.4420998 bao_train/bao_707.sql 0.11973381042480469
6 24 1632174369.4830596 bao_train/bao_313.sql 11.040787696838379
6 25 1632174369.603165 bao_train/bao_1062.sql 0.12001276016235352
6 26 1632174369.7213485 bao_train/bao_701.sql 0.1181173324584961
6 27 1632174370.101856 bao_train/bao_267.sql 0.3804445266723633
6 28 1632174370.7058525 bao_train/bao_242.sql 0.6039383411407471
6 29 1632174370.823209 bao_train/bao_866.sql 0.11729073524475098
6 30 1632174370.9689796 bao_train/bao_74.sql 0.14569616317749023
6 31 1632174371.097322 bao_train/bao_225.sql 0.12827849388122559
6 32 1632174371.756938 bao_train/bao_234.sql 0.659543514251709
6 33 1632174372.0163953 bao_train/bao_383.sql 0.2593963146209717
6 34 1632174372.1361952 bao_train/bao_36.sql 0.11973357200622559
6 35 1632174383.1775193 bao_train/bao_21.sql 11.04116439819336
6 36 1632174383.2959306 bao_train/bao_1114.sql 0.1183176040649414
6 37 1632174383.4550464 bao_train/bao_396.sql 0.15904998779296875
6 38 1632174383.5739226 bao_train/bao_949.sql 0.11881589889526367
6 39 1632174383.690691 bao_train/bao_712.sql 0.11670660972595215
6 40 1632174383.8085737 bao_train/bao_914.sql 0.11781740188598633
6 41 1632174383.9255507 bao_train/bao_657.sql 0.1169130802154541
6 42 1632174384.0490913 bao_train/bao_225.sql 0.12348341941833496
6 43 1632174384.5984118 bao_train/bao_587.sql 0.549262523651123
6 44 1632174384.7834713 bao_train/bao_0.sql 0.18259382247924805
6 45 1632174385.0877867 bao_train/bao_1.sql 0.3042421340942383
6 46 1632174385.403687 bao_train/bao_410.sql 0.31583738327026367
6 47 1632174385.5713723 bao_train/bao_625.sql 0.1676194667816162
6 48 1632174385.6905894 bao_train/bao_692.sql 0.1191549301147461
6 49 1632174386.106039 bao_train/bao_462.sql 0.41538381576538086
Initial input channels: 12
Epoch 0 training loss: 0.02097179202362895
Epoch 15 training loss: 0.012841066548135131
Stopped training from convergence condition at epoch 15
Old model # regressions: 0 regression amount: 0
New model # regressions: 0 regression amount: 0
New model had no regressions.
7 0 1632174393.1860523 bao_train/bao_42.sql 1.7083086967468262
7 1 1632174393.3029034 bao_train/bao_1190.sql 0.11676716804504395
7 2 1632174393.4728136 bao_train/bao_473.sql 0.16984891891479492
7 3 1632174393.5889168 bao_train/bao_912.sql 0.11603498458862305
7 4 1632174393.7062726 bao_train/bao_819.sql 0.11728978157043457
7 5 1632174393.8233168 bao_train/bao_1151.sql 0.11696362495422363
7 6 1632174393.9422512 bao_train/bao_1075.sql 0.11885428428649902
7 7 1632174394.212551 bao_train/bao_538.sql 0.2702193260192871
7 8 1632174394.3317857 bao_train/bao_673.sql 0.11916613578796387
7 9 1632174394.49482 bao_train/bao_273.sql 0.16296768188476562
7 10 1632174394.6133564 bao_train/bao_839.sql 0.1184694766998291
7 11 1632174394.7328568 bao_train/bao_779.sql 0.11943554878234863
7 12 1632174394.853216 bao_train/bao_709.sql 0.12029266357421875
7 13 1632174394.971921 bao_train/bao_1201.sql 0.11862683296203613
7 14 1632174395.0912762 bao_train/bao_1177.sql 0.11928033828735352
7 15 1632174395.2092469 bao_train/bao_1021.sql 0.1179044246673584
7 16 1632174395.436495 bao_train/bao_150.sql 0.22717022895812988
7 17 1632174395.5868254 bao_train/bao_475.sql 0.15026426315307617
7 18 1632174395.704965 bao_train/bao_867.sql 0.11806726455688477
7 19 1632174395.8231661 bao_train/bao_1065.sql 0.11813879013061523
7 20 1632174396.0383575 bao_train/bao_389.sql 0.21512508392333984
7 21 1632174396.1570098 bao_train/bao_670.sql 0.11858630180358887
7 22 1632174396.2750893 bao_train/bao_1173.sql 0.1180124282836914
7 23 1632174396.5009465 bao_train/bao_72.sql 0.22579550743103027
7 24 1632174396.6781793 bao_train/bao_506.sql 0.17716193199157715
7 25 1632174396.8047888 bao_train/bao_14.sql 0.1265249252319336
7 26 1632174396.9235666 bao_train/bao_694.sql 0.1187131404876709
7 27 1632174397.0427177 bao_train/bao_1004.sql 0.11908698081970215
7 28 1632174397.1615956 bao_train/bao_779.sql 0.1188197135925293
7 29 1632174397.278881 bao_train/bao_796.sql 0.11722183227539062
7 30 1632174397.3971412 bao_train/bao_1095.sql 0.11819601058959961
7 31 1632174397.5256603 bao_train/bao_405.sql 0.12845325469970703
7 32 1632174397.6431587 bao_train/bao_1157.sql 0.11743330955505371
7 33 1632174397.7616866 bao_train/bao_963.sql 0.11846184730529785
7 34 1632174397.9992707 bao_train/bao_540.sql 0.23751091957092285
7 35 1632174398.1165364 bao_train/bao_1044.sql 0.1172029972076416
7 36 1632174398.2471552 bao_train/bao_157.sql 0.13054871559143066
7 37 1632174398.3660715 bao_train/bao_866.sql 0.11885356903076172
7 38 1632174398.5743022 bao_train/bao_448.sql 0.20815277099609375
7 39 1632174398.691769 bao_train/bao_823.sql 0.1173868179321289
7 40 1632174398.8095915 bao_train/bao_704.sql 0.11776113510131836
7 41 1632174398.9470415 bao_train/bao_98.sql 0.13738369941711426
7 42 1632174399.0634716 bao_train/bao_639.sql 0.116363525390625
7 43 1632174399.1808205 bao_train/bao_957.sql 0.11728501319885254
7 44 1632174399.2985022 bao_train/bao_904.sql 0.11762094497680664
7 45 1632174399.41713 bao_train/bao_654.sql 0.11857199668884277
7 46 1632174399.563386 bao_train/bao_74.sql 0.14619231224060059
7 47 1632174410.603784 bao_train/bao_523.sql 11.040204524993896
7 48 1632174410.7228448 bao_train/bao_850.sql 0.11896824836730957
7 49 1632174411.0672355 bao_train/bao_587.sql 0.3443264961242676
Initial input channels: 12
Epoch 0 training loss: 0.03698886964619825
Epoch 15 training loss: 0.010485524062200316
Stopped training from convergence condition at epoch 22
Old model # regressions: 0 regression amount: 0
New model # regressions: 0 regression amount: 0
New model had no regressions.
8 0 1632174429.9923012 bao_train/bao_90.sql 11.039400815963745
8 1 1632174430.1107981 bao_train/bao_772.sql 0.11837029457092285
8 2 1632174430.2482014 bao_train/bao_475.sql 0.13734126091003418
8 3 1632174430.3891013 bao_train/bao_168.sql 0.14081454277038574
8 4 1632174430.511902 bao_train/bao_154.sql 0.12273335456848145
8 5 1632174430.6286008 bao_train/bao_677.sql 0.11663103103637695
8 6 1632174430.7458954 bao_train/bao_792.sql 0.1172332763671875
8 7 1632174438.1472943 bao_train/bao_546.sql 7.4013354778289795
8 8 1632174438.2647083 bao_train/bao_667.sql 0.11733198165893555
8 9 1632174438.57034 bao_train/bao_185.sql 0.30555105209350586
8 10 1632174438.6873932 bao_train/bao_1069.sql 0.11699104309082031
8 11 1632174447.1122284 bao_train/bao_19.sql 8.42475438117981
8 12 1632174447.5789664 bao_train/bao_180.sql 0.4666748046875
8 13 1632174449.090964 bao_train/bao_251.sql 1.511929988861084
8 14 1632174449.9557157 bao_train/bao_574.sql 0.8646864891052246
8 15 1632174450.0738711 bao_train/bao_1123.sql 0.11808967590332031
8 16 1632174451.3876777 bao_train/bao_130.sql 1.313744068145752
8 17 1632174451.5031004 bao_train/bao_728.sql 0.11535358428955078
8 18 1632174451.619345 bao_train/bao_739.sql 0.11618590354919434
8 19 1632174451.7352114 bao_train/bao_1057.sql 0.11580443382263184
8 20 1632174452.0055516 bao_train/bao_380.sql 0.27025580406188965
8 21 1632174452.6820827 bao_train/bao_582.sql 0.6764688491821289
8 22 1632174453.228534 bao_train/bao_392.sql 0.5463900566101074
8 23 1632174453.343628 bao_train/bao_1184.sql 0.11502933502197266
8 24 1632174453.4977372 bao_train/bao_396.sql 0.15404915809631348
8 25 1632174453.6138313 bao_train/bao_916.sql 0.11602377891540527
8 26 1632174453.730706 bao_train/bao_629.sql 0.11680841445922852
8 27 1632174453.8460972 bao_train/bao_729.sql 0.11533117294311523
8 28 1632174453.962963 bao_train/bao_874.sql 0.1168060302734375
8 29 1632174454.0781653 bao_train/bao_792.sql 0.11514520645141602
8 30 1632174458.2182195 bao_train/bao_337.sql 4.139993190765381
8 31 1632174458.3348436 bao_train/bao_1004.sql 0.11653947830200195
8 32 1632174458.4984853 bao_train/bao_296.sql 0.1635749340057373
8 33 1632174458.6135874 bao_train/bao_782.sql 0.11503481864929199
8 34 1632174458.7292845 bao_train/bao_871.sql 0.11563634872436523
8 35 1632174458.8701992 bao_train/bao_95.sql 0.140838623046875
8 36 1632174459.021244 bao_train/bao_395.sql 0.15097951889038086
8 37 1632174459.1375716 bao_train/bao_776.sql 0.11625242233276367
8 38 1632174459.6333766 bao_train/bao_585.sql 0.495746374130249
8 39 1632174459.7511227 bao_train/bao_645.sql 0.1176753044128418
8 40 1632174459.8683503 bao_train/bao_1197.sql 0.11716938018798828
8 41 1632174459.9855006 bao_train/bao_1196.sql 0.11709403991699219
8 42 1632174461.3124926 bao_train/bao_419.sql 1.326927900314331
8 43 1632174461.4293401 bao_train/bao_1025.sql 0.11678695678710938
8 44 1632174465.2059395 bao_train/bao_275.sql 3.7765371799468994
8 45 1632174465.3211782 bao_train/bao_714.sql 0.11517190933227539
8 46 1632174465.7641704 bao_train/bao_375.sql 0.4429304599761963
8 47 1632174465.8802037 bao_train/bao_1148.sql 0.11597061157226562
8 48 1632174466.461395 bao_train/bao_464.sql 0.5811161994934082
8 49 1632174466.578264 bao_train/bao_1114.sql 0.11680150032043457
Initial input channels: 12
Epoch 0 training loss: 0.03424201810717462
Epoch 15 training loss: 0.013300401529704686
Epoch 30 training loss: 0.010536534069556623
Stopped training from convergence condition at epoch 37
Old model # regressions: 0 regression amount: 0
New model # regressions: 0 regression amount: 0
New model had no regressions.
9 0 1632174480.0641022 bao_train/bao_663.sql 0.11720466613769531
9 1 1632174480.1823022 bao_train/bao_1023.sql 0.11811971664428711
9 2 1632174480.3947132 bao_train/bao_35.sql 0.2123258113861084
9 3 1632174481.820024 bao_train/bao_606.sql 1.4252421855926514
9 4 1632174481.9366736 bao_train/bao_1023.sql 0.11658954620361328
9 5 1632174482.052404 bao_train/bao_682.sql 0.11566638946533203
9 6 1632174482.16901 bao_train/bao_1121.sql 0.11654543876647949
9 7 1632174482.3140793 bao_train/bao_459.sql 0.1450061798095703
9 8 1632174482.4312537 bao_train/bao_1044.sql 0.1171102523803711
9 9 1632174482.6384556 bao_train/bao_336.sql 0.20712494850158691
9 10 1632174482.7549906 bao_train/bao_1188.sql 0.11646437644958496
9 11 1632174482.9125664 bao_train/bao_263.sql 0.15750813484191895
9 12 1632174483.0302005 bao_train/bao_789.sql 0.11756563186645508
9 13 1632174483.1929715 bao_train/bao_336.sql 0.16269516944885254
9 14 1632174483.3100538 bao_train/bao_780.sql 0.1170201301574707
9 15 1632174483.4255197 bao_train/bao_851.sql 0.11539864540100098
9 16 1632174485.4492447 bao_train/bao_160.sql 2.0236613750457764
9 17 1632174485.5659423 bao_train/bao_1073.sql 0.11661267280578613
9 18 1632174485.6822655 bao_train/bao_1017.sql 0.11626029014587402
9 19 1632174486.1606011 bao_train/bao_574.sql 0.4782586097717285
9 20 1632174486.2969198 bao_train/bao_9.sql 0.13625168800354004
9 21 1632174486.7216272 bao_train/bao_293.sql 0.424640417098999
9 22 1632174486.8390625 bao_train/bao_689.sql 0.11736631393432617
9 23 1632174486.9547691 bao_train/bao_805.sql 0.11564421653747559
9 24 1632174487.0712664 bao_train/bao_690.sql 0.11643505096435547
9 25 1632174487.1865308 bao_train/bao_782.sql 0.11519384384155273
9 26 1632174487.3038244 bao_train/bao_956.sql 0.11722826957702637
9 27 1632174487.4208415 bao_train/bao_1177.sql 0.1169595718383789
9 28 1632174487.5394812 bao_train/bao_1018.sql 0.11858105659484863
9 29 1632174487.6565006 bao_train/bao_1136.sql 0.11695718765258789
9 30 1632174487.7720397 bao_train/bao_1113.sql 0.115478515625
9 31 1632174487.8887792 bao_train/bao_705.sql 0.11667895317077637
9 32 1632174489.159382 bao_train/bao_606.sql 1.2705447673797607
9 33 1632174489.2756 bao_train/bao_1194.sql 0.11615395545959473
9 34 1632174489.3925734 bao_train/bao_732.sql 0.11690640449523926
9 35 1632174489.5082974 bao_train/bao_793.sql 0.11566686630249023
9 36 1632174489.8119001 bao_train/bao_114.sql 0.303530216217041
9 37 1632174489.928879 bao_train/bao_649.sql 0.11691665649414062
9 38 1632174490.0457702 bao_train/bao_776.sql 0.11682844161987305
9 39 1632174490.1624584 bao_train/bao_1102.sql 0.11663246154785156
9 40 1632174490.9674683 bao_train/bao_83.sql 0.8049473762512207
9 41 1632174491.0976694 bao_train/bao_96.sql 0.1301417350769043
9 42 1632174491.214009 bao_train/bao_1097.sql 0.11627483367919922
9 43 1632174491.3292084 bao_train/bao_1022.sql 0.11513781547546387
9 44 1632174491.8595035 bao_train/bao_240.sql 0.5302188396453857
9 45 1632174491.9748566 bao_train/bao_712.sql 0.11529326438903809
9 46 1632174492.0913699 bao_train/bao_964.sql 0.11644935607910156
9 47 1632174492.224849 bao_train/bao_363.sql 0.13341879844665527
9 48 1632174492.340108 bao_train/bao_746.sql 0.11519241333007812
9 49 1632174492.45623 bao_train/bao_1068.sql 0.11606025695800781
Initial input channels: 12
Epoch 0 training loss: 0.02917199340128504
Epoch 15 training loss: 0.011300992898588233
Stopped training from convergence condition at epoch 21
Old model # regressions: 0 regression amount: 0
New model # regressions: 0 regression amount: 0
New model had no regressions.
10 0 1632174501.5406628 bao_train/bao_725.sql 0.1163327693939209
10 1 1632174501.6566 bao_train/bao_667.sql 0.11585712432861328
10 2 1632174501.7740493 bao_train/bao_1091.sql 0.11738228797912598
10 3 1632174501.8895297 bao_train/bao_799.sql 0.11541414260864258
10 4 1632174502.0061815 bao_train/bao_868.sql 0.11658883094787598
10 5 1632174502.1209705 bao_train/bao_643.sql 0.11472916603088379
10 6 1632174502.235611 bao_train/bao_1108.sql 0.1145780086517334
10 7 1632174502.3514023 bao_train/bao_986.sql 0.11572861671447754
10 8 1632174502.4670863 bao_train/bao_806.sql 0.11561989784240723
10 9 1632174502.8515444 bao_train/bao_289.sql 0.38439440727233887
10 10 1632174503.061665 bao_train/bao_40.sql 0.21005034446716309
10 11 1632174503.5650542 bao_train/bao_322.sql 0.5033221244812012
10 12 1632174507.23868 bao_train/bao_524.sql 3.673557758331299
10 13 1632174508.2818415 bao_train/bao_281.sql 1.0431015491485596
10 14 1632174508.3970659 bao_train/bao_867.sql 0.1151576042175293
10 15 1632174508.5145013 bao_train/bao_842.sql 0.11737513542175293
10 16 1632174508.6299999 bao_train/bao_1094.sql 0.11543869972229004
10 17 1632174508.7457755 bao_train/bao_966.sql 0.11570858955383301
10 18 1632174508.861538 bao_train/bao_675.sql 0.11569905281066895
10 19 1632174508.976931 bao_train/bao_848.sql 0.11533474922180176
10 20 1632174509.110677 bao_train/bao_73.sql 0.1336829662322998
10 21 1632174510.3911133 bao_train/bao_419.sql 1.280369758605957
10 22 1632174510.5079606 bao_train/bao_763.sql 0.11678576469421387
10 23 1632174510.625323 bao_train/bao_970.sql 0.11730241775512695
10 24 1632174510.8947031 bao_train/bao_17.sql 0.2693145275115967
10 25 1632174511.0106544 bao_train/bao_830.sql 0.11588454246520996
10 26 1632174511.4329636 bao_train/bao_572.sql 0.4222393035888672
10 27 1632174512.2421446 bao_train/bao_490.sql 0.8091132640838623
10 28 1632174513.509116 bao_train/bao_419.sql 1.266909122467041
10 29 1632174513.625042 bao_train/bao_760.sql 0.11586642265319824
10 30 1632174514.393729 bao_train/bao_178.sql 0.7686319351196289
10 31 1632174514.509428 bao_train/bao_869.sql 0.11563491821289062
10 32 1632174514.6263554 bao_train/bao_850.sql 0.11686325073242188
10 33 1632174514.7450602 bao_train/bao_1077.sql 0.11864399909973145
10 34 1632174514.8608117 bao_train/bao_897.sql 0.11568880081176758
10 35 1632174514.9840112 bao_train/bao_14.sql 0.12312936782836914
10 36 1632174515.1492999 bao_train/bao_461.sql 0.16522669792175293
10 37 1632174515.2659123 bao_train/bao_652.sql 0.11654829978942871
10 38 1632174515.4301004 bao_train/bao_336.sql 0.1641237735748291
10 39 1632174515.5477443 bao_train/bao_1025.sql 0.11757516860961914
10 40 1632174515.6647794 bao_train/bao_868.sql 0.11697816848754883
10 41 1632174515.7836058 bao_train/bao_1162.sql 0.11876296997070312
10 42 1632174515.9014409 bao_train/bao_1189.sql 0.11777114868164062
10 43 1632174516.0184674 bao_train/bao_820.sql 0.11696481704711914
10 44 1632174516.1605637 bao_train/bao_27.sql 0.14203429222106934
10 45 1632174516.277252 bao_train/bao_895.sql 0.11662960052490234
10 46 1632174516.3929949 bao_train/bao_734.sql 0.11566829681396484
10 47 1632174516.6103406 bao_train/bao_187.sql 0.2172853946685791
10 48 1632174516.7270741 bao_train/bao_1008.sql 0.11665892601013184
10 49 1632174516.8430164 bao_train/bao_955.sql 0.11588191986083984
Initial input channels: 12
Epoch 0 training loss: 0.025601133729356365
Epoch 15 training loss: 0.011633754202882079
Stopped training from convergence condition at epoch 23
Old model # regressions: 0 regression amount: 0
New model # regressions: 0 regression amount: 0
New model had no regressions.
11 0 1632174527.3859782 bao_train/bao_1076.sql 0.1147463321685791
11 1 1632174527.5031557 bao_train/bao_750.sql 0.11710000038146973
11 2 1632174527.8448422 bao_train/bao_499.sql 0.3416168689727783
11 3 1632174527.9607308 bao_train/bao_786.sql 0.11582398414611816
11 4 1632174528.0766106 bao_train/bao_725.sql 0.11581683158874512
11 5 1632174528.1934452 bao_train/bao_685.sql 0.11676907539367676
11 6 1632174529.2799084 bao_train/bao_500.sql 1.0864002704620361
11 7 1632174529.3959148 bao_train/bao_816.sql 0.1159365177154541
11 8 1632174529.513959 bao_train/bao_1083.sql 0.11798238754272461
11 9 1632174529.6306567 bao_train/bao_1198.sql 0.11662936210632324
11 10 1632174529.7494357 bao_train/bao_726.sql 0.11871457099914551
11 11 1632174533.1100025 bao_train/bao_231.sql 3.3604965209960938
11 12 1632174533.228353 bao_train/bao_627.sql 0.11828160285949707
11 13 1632174533.351837 bao_train/bao_474.sql 0.12342166900634766
11 14 1632174534.007559 bao_train/bao_560.sql 0.6556591987609863
11 15 1632174534.1287737 bao_train/bao_405.sql 0.12114763259887695
11 16 1632174534.2464395 bao_train/bao_774.sql 0.11760377883911133
11 17 1632174534.4431734 bao_train/bao_268.sql 0.19666743278503418
11 18 1632174534.5605428 bao_train/bao_735.sql 0.1173090934753418
11 19 1632174534.7345643 bao_train/bao_180.sql 0.17395877838134766
11 20 1632174534.99959 bao_train/bao_15.sql 0.2649571895599365
11 21 1632174535.1161706 bao_train/bao_1107.sql 0.11651134490966797
11 22 1632174535.233315 bao_train/bao_1171.sql 0.1170814037322998
11 23 1632174535.349368 bao_train/bao_1106.sql 0.11599206924438477
11 24 1632174536.9043205 bao_train/bao_570.sql 1.554889440536499
11 25 1632174537.0611823 bao_train/bao_78.sql 0.15677905082702637
11 26 1632174537.1787055 bao_train/bao_1165.sql 0.11746072769165039
11 27 1632174537.2954588 bao_train/bao_1193.sql 0.11669683456420898
11 28 1632174538.0791905 bao_train/bao_493.sql 0.7836747169494629
11 29 1632174538.1954815 bao_train/bao_754.sql 0.11622810363769531
11 30 1632174538.36854 bao_train/bao_97.sql 0.17299723625183105
11 31 1632174539.4969149 bao_train/bao_54.sql 1.1283106803894043
11 32 1632174540.9815195 bao_train/bao_196.sql 1.4845447540283203
11 33 1632174541.1391382 bao_train/bao_108.sql 0.15755367279052734
11 34 1632174541.2576554 bao_train/bao_1172.sql 0.11845636367797852
11 35 1632174541.3787556 bao_train/bao_121.sql 0.12103557586669922
11 36 1632174541.497391 bao_train/bao_1160.sql 0.1185753345489502
11 37 1632174541.6160796 bao_train/bao_1012.sql 0.11862587928771973
11 38 1632174541.7369552 bao_train/bao_566.sql 0.12081241607666016
11 39 1632174541.9868727 bao_train/bao_185.sql 0.24985361099243164
11 40 1632174542.1040497 bao_train/bao_978.sql 0.1171102523803711
11 41 1632174542.2929041 bao_train/bao_592.sql 0.18879270553588867
11 42 1632174542.4097333 bao_train/bao_730.sql 0.11677002906799316
11 43 1632174542.527728 bao_train/bao_1113.sql 0.11793279647827148
11 44 1632174542.6441321 bao_train/bao_884.sql 0.11633920669555664
11 45 1632174543.684526 bao_train/bao_500.sql 1.0403387546539307
11 46 1632174543.8031669 bao_train/bao_888.sql 0.11857891082763672
11 47 1632174543.9302435 bao_train/bao_61.sql 0.1270124912261963
11 48 1632174544.5041904 bao_train/bao_468.sql 0.5738675594329834
11 49 1632174544.6338866 bao_train/bao_427.sql 0.12962651252746582
Initial input channels: 12
Epoch 0 training loss: 0.03053905234555714
Epoch 15 training loss: 0.01161688773718197
Stopped training from convergence condition at epoch 25
Old model # regressions: 0 regression amount: 0
New model # regressions: 0 regression amount: 0
New model had no regressions.
12 0 1632174557.1881282 bao_train/bao_1164.sql 0.11757254600524902
12 1 1632174557.3054442 bao_train/bao_1045.sql 0.1172325611114502
12 2 1632174557.4235158 bao_train/bao_949.sql 0.11800646781921387
12 3 1632174559.1470313 bao_train/bao_484.sql 1.7234477996826172
12 4 1632174559.2636561 bao_train/bao_842.sql 0.11655640602111816
12 5 1632174560.6961384 bao_train/bao_368.sql 1.4324109554290771
12 6 1632174560.8131557 bao_train/bao_1066.sql 0.11694884300231934
12 7 1632174560.930996 bao_train/bao_669.sql 0.11776041984558105
12 8 1632174561.0480669 bao_train/bao_1048.sql 0.11700630187988281
12 9 1632174561.1655073 bao_train/bao_1133.sql 0.11737394332885742
12 10 1632174572.204823 bao_train/bao_604.sql 11.039150714874268
12 11 1632174572.3857386 bao_train/bao_229.sql 0.18082213401794434
12 12 1632174572.5024524 bao_train/bao_995.sql 0.11664772033691406
12 13 1632174572.6187363 bao_train/bao_1105.sql 0.11621809005737305
12 14 1632174572.736372 bao_train/bao_791.sql 0.11756610870361328
12 15 1632174572.8527267 bao_train/bao_648.sql 0.11629319190979004
12 16 1632174572.9688706 bao_train/bao_814.sql 0.11608147621154785
12 17 1632174573.0860395 bao_train/bao_1202.sql 0.11710929870605469
12 18 1632174584.1254082 bao_train/bao_548.sql 11.039213180541992
12 19 1632174584.467312 bao_train/bao_439.sql 0.34182310104370117
12 20 1632174586.1607084 bao_train/bao_42.sql 1.6933176517486572
12 21 1632174586.277824 bao_train/bao_877.sql 0.11704683303833008
12 22 1632174586.3936837 bao_train/bao_991.sql 0.11580109596252441
12 23 1632174588.4054382 bao_train/bao_231.sql 2.0116970539093018
12 24 1632174588.523687 bao_train/bao_661.sql 0.11818909645080566
12 25 1632174588.640958 bao_train/bao_651.sql 0.11721467971801758
12 26 1632174588.7570767 bao_train/bao_769.sql 0.11606121063232422
12 27 1632174588.8742263 bao_train/bao_955.sql 0.11708521842956543
12 28 1632174588.9911673 bao_train/bao_1185.sql 0.11686134338378906
12 29 1632174589.1078348 bao_train/bao_1188.sql 0.1166083812713623
12 30 1632174589.226021 bao_train/bao_698.sql 0.11811995506286621
12 31 1632174589.341987 bao_train/bao_1140.sql 0.11590695381164551
12 32 1632174589.4581754 bao_train/bao_1155.sql 0.11612939834594727
12 33 1632174589.5760348 bao_train/bao_1067.sql 0.11780214309692383
12 34 1632174589.6938877 bao_train/bao_1001.sql 0.11778497695922852
12 35 1632174589.8992243 bao_train/bao_439.sql 0.20527410507202148
12 36 1632174590.0161104 bao_train/bao_637.sql 0.11679959297180176
12 37 1632174590.2818456 bao_train/bao_20.sql 0.26567625999450684
12 38 1632174591.5564988 bao_train/bao_130.sql 1.274585247039795
12 39 1632174591.6739283 bao_train/bao_739.sql 0.11736583709716797
12 40 1632174591.7902708 bao_train/bao_735.sql 0.1162717342376709
12 41 1632174591.9242716 bao_train/bao_444.sql 0.13392233848571777
12 42 1632174592.0411386 bao_train/bao_722.sql 0.1167900562286377
12 43 1632174592.158237 bao_train/bao_934.sql 0.11702823638916016
12 44 1632174592.2743053 bao_train/bao_811.sql 0.11599087715148926
12 45 1632174592.3914785 bao_train/bao_665.sql 0.11709785461425781
12 46 1632174592.5100818 bao_train/bao_699.sql 0.11854267120361328
12 47 1632174592.6264834 bao_train/bao_942.sql 0.11633682250976562
12 48 1632174592.7479513 bao_train/bao_405.sql 0.12140655517578125
12 49 1632174592.8978717 bao_train/bao_583.sql 0.1498579978942871
Initial input channels: 12
Epoch 0 training loss: 0.025730913959790106
Epoch 15 training loss: 0.012351574875728423
Stopped training from convergence condition at epoch 17
Old model # regressions: 0 regression amount: 0
New model # regressions: 0 regression amount: 0
New model had no regressions.
13 0 1632174602.5897388 bao_train/bao_687.sql 0.11799979209899902
13 1 1632174602.7078404 bao_train/bao_919.sql 0.11801767349243164
13 2 1632174602.8259864 bao_train/bao_846.sql 0.11807775497436523
13 3 1632174602.94324 bao_train/bao_1064.sql 0.11718916893005371
13 4 1632174603.0612786 bao_train/bao_1149.sql 0.11796236038208008
13 5 1632174604.2201533 bao_train/bao_233.sql 1.1587839126586914
13 6 1632174604.3372152 bao_train/bao_777.sql 0.11699414253234863
13 7 1632174604.9637623 bao_train/bao_610.sql 0.6264698505401611
13 8 1632174609.8516257 bao_train/bao_207.sql 4.88779354095459
13 9 1632174609.9763148 bao_train/bao_1111.sql 0.12462663650512695
13 10 1632174610.0963724 bao_train/bao_723.sql 0.1199791431427002
13 11 1632174610.2145472 bao_train/bao_732.sql 0.11811542510986328
13 12 1632174610.3337002 bao_train/bao_950.sql 0.11908197402954102
13 13 1632174610.6072028 bao_train/bao_513.sql 0.2734363079071045
13 14 1632174621.6487055 bao_train/bao_505.sql 11.041337490081787
13 15 1632174621.7693386 bao_train/bao_1071.sql 0.12054562568664551
13 16 1632174621.8904893 bao_train/bao_1035.sql 0.12108898162841797
13 17 1632174622.2505245 bao_train/bao_414.sql 0.3599660396575928
13 18 1632174622.5603638 bao_train/bao_256.sql 0.3097677230834961
13 19 1632174633.6004019 bao_train/bao_158.sql 11.039875745773315
13 20 1632174633.7208729 bao_train/bao_1082.sql 0.12038660049438477
13 21 1632174633.8405757 bao_train/bao_967.sql 0.11963558197021484
13 22 1632174633.960289 bao_train/bao_855.sql 0.11964797973632812
13 23 1632174637.7236695 bao_train/bao_621.sql 3.763300895690918
13 24 1632174637.8438509 bao_train/bao_958.sql 0.1201174259185791
13 25 1632174637.980111 bao_train/bao_9.sql 0.1361985206604004
13 26 1632174638.0978293 bao_train/bao_708.sql 0.11765408515930176
13 27 1632174638.2304401 bao_train/bao_179.sql 0.13254785537719727
13 28 1632174638.3479545 bao_train/bao_1036.sql 0.11744880676269531
13 29 1632174638.4665015 bao_train/bao_784.sql 0.11847996711730957
13 30 1632174645.0940566 bao_train/bao_470.sql 6.627490282058716
13 31 1632174645.219142 bao_train/bao_68.sql 0.12502002716064453
13 32 1632174645.3394768 bao_train/bao_927.sql 0.1202688217163086
13 33 1632174645.4582715 bao_train/bao_1161.sql 0.11871933937072754
13 34 1632174645.63361 bao_train/bao_62.sql 0.17527031898498535
13 35 1632174645.7536862 bao_train/bao_674.sql 0.12000918388366699
13 36 1632174645.9637196 bao_train/bao_501.sql 0.20997023582458496
13 37 1632174646.083222 bao_train/bao_1081.sql 0.11943817138671875
13 38 1632174646.231942 bao_train/bao_28.sql 0.14864158630371094
13 39 1632174646.470266 bao_train/bao_271.sql 0.23825788497924805
13 40 1632174646.5884397 bao_train/bao_706.sql 0.11809563636779785
13 41 1632174646.7063549 bao_train/bao_875.sql 0.11784982681274414
13 42 1632174647.0984707 bao_train/bao_267.sql 0.39205360412597656
13 43 1632174647.2180014 bao_train/bao_728.sql 0.1194612979888916
13 44 1632174647.343166 bao_train/bao_204.sql 0.12510395050048828
13 45 1632174647.4611382 bao_train/bao_952.sql 0.11790895462036133
13 46 1632174647.5799975 bao_train/bao_835.sql 0.11879849433898926
13 47 1632174647.7050476 bao_train/bao_589.sql 0.12498593330383301
13 48 1632174647.8299766 bao_train/bao_445.sql 0.1248629093170166
13 49 1632174648.389209 bao_train/bao_242.sql 0.5591704845428467
Initial input channels: 12
Epoch 0 training loss: 0.030685378864765644
Epoch 15 training loss: 0.013030609305449458
Stopped training from convergence condition at epoch 19
Old model # regressions: 0 regression amount: 0
New model # regressions: 0 regression amount: 0
New model had no regressions.
14 0 1632174671.6107597 bao_train/bao_259.sql 11.041076421737671
14 1 1632174671.7270813 bao_train/bao_974.sql 0.11621451377868652
14 2 1632174672.0576754 bao_train/bao_375.sql 0.33051300048828125
14 3 1632174676.7824605 bao_train/bao_536.sql 4.724718809127808
14 4 1632174676.9178898 bao_train/bao_98.sql 0.13536357879638672
14 5 1632174677.0349312 bao_train/bao_695.sql 0.11697530746459961
14 6 1632174677.6333382 bao_train/bao_582.sql 0.5983242988586426
14 7 1632174678.2879832 bao_train/bao_388.sql 0.6545798778533936
14 8 1632174678.4033847 bao_train/bao_1167.sql 0.11533355712890625
14 9 1632174678.5515418 bao_train/bao_308.sql 0.14809513092041016
14 10 1632174678.668211 bao_train/bao_784.sql 0.11660099029541016
14 11 1632174678.7834704 bao_train/bao_666.sql 0.11518144607543945
14 12 1632174678.9008005 bao_train/bao_788.sql 0.11726641654968262
14 13 1632174679.0177312 bao_train/bao_1180.sql 0.1168677806854248
14 14 1632174679.5010939 bao_train/bao_588.sql 0.4833042621612549
14 15 1632174679.6189868 bao_train/bao_938.sql 0.117828369140625
14 16 1632174679.8596926 bao_train/bao_424.sql 0.24063777923583984
14 17 1632174679.9776561 bao_train/bao_731.sql 0.11789751052856445
14 18 1632174680.0955245 bao_train/bao_1108.sql 0.11780238151550293
14 19 1632174680.2120972 bao_train/bao_977.sql 0.11651110649108887
14 20 1632174680.3296037 bao_train/bao_651.sql 0.11744236946105957
14 21 1632174680.5123875 bao_train/bao_144.sql 0.18271946907043457
14 22 1632174680.6287673 bao_train/bao_1141.sql 0.1163182258605957
14 23 1632174680.7483387 bao_train/bao_589.sql 0.11950898170471191
14 24 1632174680.9348567 bao_train/bao_591.sql 0.18645620346069336
14 25 1632174681.052581 bao_train/bao_1083.sql 0.11765408515930176
14 26 1632174681.1714416 bao_train/bao_993.sql 0.11880230903625488
14 27 1632174681.2896316 bao_train/bao_924.sql 0.11812877655029297
14 28 1632174681.4368079 bao_train/bao_459.sql 0.14711427688598633
14 29 1632174681.553515 bao_train/bao_1104.sql 0.11664485931396484
14 30 1632174681.6693473 bao_train/bao_852.sql 0.11576604843139648
14 31 1632174681.8190925 bao_train/bao_510.sql 0.14968013763427734
14 32 1632174681.935872 bao_train/bao_747.sql 0.1167147159576416
14 33 1632174687.7154849 bao_train/bao_527.sql 5.7795562744140625
14 34 1632174687.857161 bao_train/bao_183.sql 0.14161181449890137
14 35 1632174687.97269 bao_train/bao_854.sql 0.11542034149169922
14 36 1632174688.0891883 bao_train/bao_983.sql 0.1164398193359375
14 37 1632174688.2189927 bao_train/bao_14.sql 0.1297471523284912
14 38 1632174699.2569742 bao_train/bao_590.sql 11.037819385528564
14 39 1632174699.4006145 bao_train/bao_340.sql 0.1435534954071045
14 40 1632174699.5149739 bao_train/bao_932.sql 0.11430025100708008
14 41 1632174701.875071 bao_train/bao_527.sql 2.3600356578826904
14 42 1632174701.9925754 bao_train/bao_894.sql 0.11743593215942383
14 43 1632174702.1061647 bao_train/bao_880.sql 0.11352705955505371
14 44 1632174702.306926 bao_train/bao_187.sql 0.2006974220275879
14 45 1632174702.422701 bao_train/bao_813.sql 0.11571002006530762
14 46 1632174702.6250873 bao_train/bao_391.sql 0.20232272148132324
14 47 1632174702.7425413 bao_train/bao_943.sql 0.1173851490020752
14 48 1632174713.754604 bao_train/bao_525.sql 11.01190733909607
14 49 1632174713.8709686 bao_train/bao_840.sql 0.11628007888793945
Initial input channels: 12
Epoch 0 training loss: 0.022227420138993433
Epoch 15 training loss: 0.012661415511000978
Stopped training from convergence condition at epoch 21
Old model # regressions: 0 regression amount: 0
New model # regressions: 0 regression amount: 0
New model had no regressions.
15 0 1632174728.1455986 bao_train/bao_196.sql 1.8704259395599365
15 1 1632174728.448703 bao_train/bao_222.sql 0.30301904678344727
15 2 1632174728.5642374 bao_train/bao_631.sql 0.11546635627746582
15 3 1632174728.6793957 bao_train/bao_999.sql 0.1150822639465332
15 4 1632174734.7911632 bao_train/bao_4.sql 6.111695289611816
15 5 1632174734.9099262 bao_train/bao_1132.sql 0.11869263648986816
15 6 1632174735.0430586 bao_train/bao_573.sql 0.13306546211242676
15 7 1632174735.4120479 bao_train/bao_287.sql 0.36891961097717285
15 8 1632174746.4495687 bao_train/bao_590.sql 11.037354230880737
15 9 1632174746.9280705 bao_train/bao_582.sql 0.4784204959869385
15 10 1632174747.0479674 bao_train/bao_445.sql 0.11983060836791992
15 11 1632174747.2980537 bao_train/bao_255.sql 0.25002336502075195
15 12 1632174747.4142423 bao_train/bao_1168.sql 0.11611056327819824
15 13 1632174747.5302787 bao_train/bao_730.sql 0.11595487594604492
15 14 1632174748.0637825 bao_train/bao_615.sql 0.5334224700927734
15 15 1632174748.9770038 bao_train/bao_133.sql 0.913149356842041
15 16 1632174749.093151 bao_train/bao_800.sql 0.11608123779296875
15 17 1632174749.2088387 bao_train/bao_1039.sql 0.11562442779541016
15 18 1632174749.3259451 bao_train/bao_773.sql 0.11704254150390625
15 19 1632174749.4401174 bao_train/bao_738.sql 0.11411094665527344
15 20 1632174749.5549808 bao_train/bao_833.sql 0.11480307579040527
15 21 1632174749.6997027 bao_train/bao_342.sql 0.1446547508239746
15 22 1632174749.8140695 bao_train/bao_700.sql 0.11429953575134277
15 23 1632174749.9304261 bao_train/bao_841.sql 0.11629581451416016
15 24 1632174750.047235 bao_train/bao_983.sql 0.11674261093139648
15 25 1632174750.2585433 bao_train/bao_507.sql 0.21123456954956055
15 26 1632174750.3728726 bao_train/bao_1033.sql 0.11426997184753418
15 27 1632174750.6021702 bao_train/bao_516.sql 0.22923636436462402
15 28 1632174750.7183106 bao_train/bao_634.sql 0.11607885360717773
15 29 1632174750.834515 bao_train/bao_885.sql 0.11612796783447266
15 30 1632174750.9507527 bao_train/bao_890.sql 0.1161813735961914
15 31 1632174751.0735564 bao_train/bao_427.sql 0.12273979187011719
15 32 1632174751.3042648 bao_train/bao_554.sql 0.23064851760864258
15 33 1632174751.5024984 bao_train/bao_448.sql 0.19815373420715332
15 34 1632174751.6190453 bao_train/bao_752.sql 0.1164863109588623
15 35 1632174762.656054 bao_train/bao_385.sql 11.036850929260254
15 36 1632174762.7717748 bao_train/bao_693.sql 0.11563444137573242
15 37 1632174762.888961 bao_train/bao_1138.sql 0.11712384223937988
15 38 1632174763.4195366 bao_train/bao_468.sql 0.5305182933807373
15 39 1632174763.5363083 bao_train/bao_973.sql 0.11670613288879395
15 40 1632174764.282144 bao_train/bao_277.sql 0.7457542419433594
15 41 1632174764.3988397 bao_train/bao_727.sql 0.11663079261779785
15 42 1632174764.5139065 bao_train/bao_689.sql 0.11500716209411621
15 43 1632174764.6293557 bao_train/bao_869.sql 0.11538243293762207
15 44 1632174764.7467775 bao_train/bao_870.sql 0.11736154556274414
15 45 1632174764.8633797 bao_train/bao_876.sql 0.11654257774353027
15 46 1632174767.720658 bao_train/bao_337.sql 2.857215166091919
15 47 1632174767.9084277 bao_train/bao_249.sql 0.18771028518676758
15 48 1632174768.024102 bao_train/bao_749.sql 0.11560630798339844
15 49 1632174768.1405246 bao_train/bao_787.sql 0.11636233329772949
Initial input channels: 12
Epoch 0 training loss: 0.027699484891714886
Epoch 15 training loss: 0.013402939683426386
Stopped training from convergence condition at epoch 18
Old model # regressions: 0 regression amount: 0
New model # regressions: 0 regression amount: 0
New model had no regressions.
16 0 1632174779.8124888 bao_train/bao_888.sql 0.11743617057800293
16 1 1632174779.9306698 bao_train/bao_1032.sql 0.11809825897216797
16 2 1632174780.047686 bao_train/bao_1061.sql 0.11695241928100586
16 3 1632174780.166068 bao_train/bao_671.sql 0.1183159351348877
16 4 1632174780.2822561 bao_train/bao_931.sql 0.11611604690551758
16 5 1632174780.3999 bao_train/bao_998.sql 0.11756467819213867
16 6 1632174780.5165522 bao_train/bao_775.sql 0.11658883094787598
16 7 1632174780.8549795 bao_train/bao_416.sql 0.3383605480194092
16 8 1632174780.971776 bao_train/bao_1088.sql 0.11671328544616699
16 9 1632174781.0876539 bao_train/bao_673.sql 0.1158139705657959
16 10 1632174781.2034001 bao_train/bao_888.sql 0.11568903923034668
16 11 1632174781.3460205 bao_train/bao_430.sql 0.1425621509552002
16 12 1632174781.462896 bao_train/bao_728.sql 0.1168067455291748
16 13 1632174781.5789042 bao_train/bao_914.sql 0.11594486236572266
16 14 1632174781.696688 bao_train/bao_1040.sql 0.1177210807800293
16 15 1632174781.8147936 bao_train/bao_819.sql 0.11803936958312988
16 16 1632174782.003624 bao_train/bao_213.sql 0.18876242637634277
16 17 1632174788.769285 bao_train/bao_330.sql 6.765589475631714
16 18 1632174789.0165222 bao_train/bao_112.sql 0.24717307090759277
16 19 1632174789.2417588 bao_train/bao_561.sql 0.22516775131225586
16 20 1632174789.3885612 bao_train/bao_608.sql 0.14673876762390137
16 21 1632174789.5039413 bao_train/bao_816.sql 0.11531758308410645
16 22 1632174789.6190124 bao_train/bao_1151.sql 0.11500835418701172
16 23 1632174789.7362359 bao_train/bao_1070.sql 0.11716318130493164
16 24 1632174789.8522215 bao_train/bao_886.sql 0.11591553688049316
16 25 1632174789.9693146 bao_train/bao_660.sql 0.11700248718261719
16 26 1632174790.138479 bao_train/bao_147.sql 0.16910052299499512
16 27 1632174790.2547917 bao_train/bao_923.sql 0.11624550819396973
16 28 1632174790.3720183 bao_train/bao_1128.sql 0.11716771125793457
16 29 1632174790.5112965 bao_train/bao_459.sql 0.13921737670898438
16 30 1632174792.7556949 bao_train/bao_163.sql 2.2443346977233887
16 31 1632174792.8771427 bao_train/bao_164.sql 0.12138915061950684
16 32 1632174792.993039 bao_train/bao_1007.sql 0.11583185195922852
16 33 1632174793.1089032 bao_train/bao_826.sql 0.11580538749694824
16 34 1632174793.2252932 bao_train/bao_912.sql 0.11633110046386719
16 35 1632174793.3404446 bao_train/bao_712.sql 0.11508774757385254
16 36 1632174793.4557488 bao_train/bao_1141.sql 0.11524677276611328
16 37 1632174793.7988145 bao_train/bao_428.sql 0.3430018424987793
16 38 1632174793.98797 bao_train/bao_288.sql 0.1890885829925537
16 39 1632174794.1041214 bao_train/bao_631.sql 0.11608433723449707
16 40 1632174794.2194932 bao_train/bao_678.sql 0.11531352996826172
16 41 1632174794.4716604 bao_train/bao_401.sql 0.2521047592163086
16 42 1632174805.5093467 bao_train/bao_158.sql 11.037527322769165
16 43 1632174805.6266587 bao_train/bao_863.sql 0.1172022819519043
16 44 1632174805.7444053 bao_train/bao_1177.sql 0.11767935752868652
16 45 1632174806.0863948 bao_train/bao_341.sql 0.3419198989868164
16 46 1632174806.909624 bao_train/bao_490.sql 0.8231668472290039
16 47 1632174817.9443994 bao_train/bao_140.sql 11.03462553024292
16 48 1632174818.1562924 bao_train/bao_616.sql 0.2118055820465088
16 49 1632174818.2830906 bao_train/bao_61.sql 0.12671685218811035
Initial input channels: 12
Epoch 0 training loss: 0.017295655189082028
Epoch 15 training loss: 0.013039326989515262
Stopped training from convergence condition at epoch 19
Old model # regressions: 0 regression amount: 0
New model # regressions: 0 regression amount: 0
New model had no regressions.
17 0 1632174830.990289 bao_train/bao_994.sql 0.11592936515808105
17 1 1632174842.0034518 bao_train/bao_21.sql 11.012977123260498
17 2 1632174842.1214974 bao_train/bao_980.sql 0.11794066429138184
17 3 1632174842.2376935 bao_train/bao_696.sql 0.11613082885742188
17 4 1632174842.5289383 bao_train/bao_185.sql 0.291179895401001
17 5 1632174842.6710715 bao_train/bao_608.sql 0.14206814765930176
17 6 1632174842.787181 bao_train/bao_720.sql 0.11603403091430664
17 7 1632174842.904693 bao_train/bao_773.sql 0.11743831634521484
17 8 1632174843.0202243 bao_train/bao_1043.sql 0.11546635627746582
17 9 1632174843.13548 bao_train/bao_648.sql 0.1151735782623291
17 10 1632174843.3110015 bao_train/bao_509.sql 0.17545795440673828
17 11 1632174843.4279969 bao_train/bao_915.sql 0.1169290542602539
17 12 1632174849.8643816 bao_train/bao_19.sql 6.436321020126343
17 13 1632174849.9819736 bao_train/bao_821.sql 0.11753106117248535
17 14 1632174850.0993767 bao_train/bao_649.sql 0.1173410415649414
17 15 1632174850.267397 bao_train/bao_296.sql 0.1679527759552002
17 16 1632174850.384654 bao_train/bao_676.sql 0.11719107627868652
17 17 1632174850.5016263 bao_train/bao_661.sql 0.11691451072692871
17 18 1632174850.6183162 bao_train/bao_712.sql 0.11662936210632324
17 19 1632174850.7356126 bao_train/bao_751.sql 0.11722493171691895
17 20 1632174850.851036 bao_train/bao_697.sql 0.11536598205566406
17 21 1632174850.9673421 bao_train/bao_857.sql 0.11624336242675781
17 22 1632174851.0841405 bao_train/bao_668.sql 0.11673760414123535
17 23 1632174851.19933 bao_train/bao_914.sql 0.1150968074798584
17 24 1632174851.3153589 bao_train/bao_685.sql 0.1159508228302002
17 25 1632174851.921393 bao_train/bao_234.sql 0.6059646606445312
17 26 1632174852.1356976 bao_train/bao_428.sql 0.21423768997192383
17 27 1632174852.301387 bao_train/bao_625.sql 0.16562843322753906
17 28 1632174852.4176648 bao_train/bao_761.sql 0.11621832847595215
17 29 1632174852.5343323 bao_train/bao_1080.sql 0.11659073829650879
17 30 1632174863.5473242 bao_train/bao_21.sql 11.012823104858398
17 31 1632174863.664721 bao_train/bao_776.sql 0.11729884147644043
17 32 1632174863.780209 bao_train/bao_1157.sql 0.11542439460754395
17 33 1632174863.8961272 bao_train/bao_1118.sql 0.11584067344665527
17 34 1632174864.3876486 bao_train/bao_574.sql 0.4914572238922119
17 35 1632174864.5046837 bao_train/bao_975.sql 0.11697220802307129
17 36 1632174865.268799 bao_train/bao_560.sql 0.7640526294708252
17 37 1632174865.3857138 bao_train/bao_924.sql 0.11685061454772949
17 38 1632174865.5018425 bao_train/bao_850.sql 0.11606359481811523
17 39 1632174865.8879793 bao_train/bao_165.sql 0.3860740661621094
17 40 1632174866.0055623 bao_train/bao_844.sql 0.11752104759216309
17 41 1632174866.2187858 bao_train/bao_48.sql 0.21315884590148926
17 42 1632174866.335423 bao_train/bao_828.sql 0.1165771484375
17 43 1632174866.4499586 bao_train/bao_775.sql 0.11447501182556152
17 44 1632174866.590176 bao_train/bao_277.sql 0.14014935493469238
17 45 1632174866.7063725 bao_train/bao_1102.sql 0.11613202095031738
17 46 1632174866.8236816 bao_train/bao_968.sql 0.11724591255187988
17 47 1632174866.9391932 bao_train/bao_1126.sql 0.1154487133026123
17 48 1632174867.054743 bao_train/bao_971.sql 0.11549019813537598
17 49 1632174867.1708913 bao_train/bao_877.sql 0.11608457565307617
Initial input channels: 12
Epoch 0 training loss: 0.024818403088359225
Epoch 15 training loss: 0.012653496032099015
Stopped training from convergence condition at epoch 23
Old model # regressions: 0 regression amount: 0
New model # regressions: 0 regression amount: 0
New model had no regressions.
18 0 1632174883.5355177 bao_train/bao_754.sql 0.11717391014099121
18 1 1632174883.651064 bao_train/bao_982.sql 0.11546730995178223
18 2 1632174883.7683215 bao_train/bao_971.sql 0.11719417572021484
