Listening on localhost port 9381
Spawning server process...
Loading existing model
Old model # regressions: 0 regression amount: 0
New model # regressions: 0 regression amount: 0
New model had no regressions.
Accepted new model.
Logged reward of 7032.092363
Logged reward of 245.940699
Logged reward of 789.974471
Logged reward of 2007.115158
Logged reward of 219.303959
Logged reward of 72.873553
Logged reward of 149.78275
Logged reward of 235.300332
Logged reward of 1719.839515
Logged reward of 246.208482
Logged reward of 570.868228
Logged reward of 12000.597919
Logged reward of 242.302637
Logged reward of 590.553735
Logged reward of 78.938361
Logged reward of 227.353716
Logged reward of 1913.36174
Logged reward of 2657.286506
Logged reward of 1208.016785
Logged reward of 378.181809
Logged reward of 1169.690523
Logged reward of 71.817011
Logged reward of 1095.245845
Logged reward of 745.805996
Logged reward of 885.888364
Old model # regressions: 0 regression amount: 0
New model # regressions: 0 regression amount: 0
New model had no regressions.
Accepted new model.
6, 0.022135257720947266, 0.539705810546875, 2.049905517578125
Logged reward of 706.995451
6, 0.014044761657714844, 0.11200912475585938, 0.264348388671875
Logged reward of 191.800775
6, 0.01217031478881836, 0.11314686584472657, 0.26633547973632815
Logged reward of 189.008113
6, 0.021276235580444336, 0.11362576293945313, 0.5213358764648437
Logged reward of 54.769286
6, 0.01481485366821289, 0.3240616149902344, 0.4783776245117187
Logged reward of 596.402182
18, 0.01639866828918457, 0.3214934997558594, 0.6862445068359375
Logged reward of 1169.471445
14, 0.01793956756591797, 0.2164576873779297, 0.21798585510253907
Logged reward of 208.704404
15, 0.011829137802124023, 0.2905345458984375, 1.3046654052734374
Logged reward of 461.038083
6, 0.011889457702636719, 0.40799224853515625, 0.6117858276367187
Logged reward of 264.876397
6, 0.011469841003417969, 0.8046611938476562, 1.5272449951171876
Logged reward of 20642.964746
20, 0.010269403457641602, 0.20617291259765624, 0.37850997924804686
Logged reward of 238.921155
6, 0.010571956634521484, 0.3047612609863281, 0.4478250427246094
Logged reward of 63.415666
6, 0.014510631561279297, 0.678753662109375, 8.251169921875
Logged reward of 2522.181251
6, 0.01898026466369629, 0.11353762054443359, 0.5212319946289062
Logged reward of 54.16584
1, 0.014260053634643555, 0.6858575439453125, 3.508413330078125
Logged reward of 3489.018013
6, 0.009387969970703125, 0.09048488616943359, 0.3127753295898438
Logged reward of 1.646765
14, 0.010488510131835938, 0.2763987121582031, 1.6549400634765625
Logged reward of 9165.096877
1, 0.013177871704101562, 0.7185498046875, 1.2686019287109376
Logged reward of 3709.736949
6, 0.012351036071777344, 0.26978302001953125, 2.590142578125
Logged reward of 499.917895
6, 0.011208772659301758, 0.24407363891601563, 0.695555419921875
Logged reward of 115.224743
1, 0.012316226959228516, 0.7316263427734375, 1.303219970703125
Logged reward of 3695.590584
6, 0.011201620101928711, 0.11304348754882812, 0.26349066162109375
Logged reward of 193.582016
6, 0.011268854141235352, 0.22997520446777345, 1.2711021728515626
Logged reward of 891.847469
1, 0.013719558715820312, 1.539483154296875, 9.2437060546875
Logged reward of 4420.959298
6, 0.03708529472351074, 0.7230548095703125, 1.53987548828125
Logged reward of 317.977903
Old model # regressions: 0 regression amount: 0
New model # regressions: 0 regression amount: 0
New model had no regressions.
Accepted new model.
15, 0.01117849349975586, 1.231516357421875, 2.784398193359375
Logged reward of 226.164032
15, 0.012195825576782227, 0.5732049560546875, 0.6702197875976562
Logged reward of 1230.121956
6, 0.011173725128173828, 0.38598797607421875, 0.40891400146484375
Logged reward of 208.426272
0, 0.008417367935180664, 1.235442626953125, 1.235442626953125
Logged reward of 440.436702
6, 0.008037328720092773, 0.18417892456054688, 0.4940828857421875
Logged reward of 12.896926
15, 0.013879060745239258, 0.693046630859375, 2.54539990234375
Logged reward of 170.759247
0, 0.013849496841430664, 1.9579071044921874, 1.9579071044921874
Logged reward of 1306.916229
14, 0.016061067581176758, 0.4143626098632813, 0.4373521423339844
Logged reward of 238.406362
0, 0.012457609176635742, 1.09798876953125, 1.09798876953125
Logged reward of 751.787034
1, 0.011358976364135742, 1.790937255859375, 4.952330078125
Logged reward of 4513.542231
0, 0.011384248733520508, 1.47639208984375, 1.47639208984375
Logged reward of 4204.023683
1, 0.014234781265258789, 3.352035888671875, 7.29232080078125
Logged reward of 4376.373897
20, 0.011554718017578125, 0.5403016967773437, 0.6661354370117187
Logged reward of 246.481844
6, 0.008165121078491211, 0.17161660766601564, 0.47315185546875
Logged reward of 8.586097
0, 0.009299039840698242, 0.543978271484375, 0.543978271484375
Logged reward of 157.054505
14, 0.015464305877685547, 0.9254025268554688, 1.2132952880859376
Logged reward of 1270.394299
0, 0.013590574264526367, 2.0098978271484373, 2.0098978271484373
Logged reward of 1968.122716
0, 0.010051965713500977, 0.5681762084960937, 0.5681762084960937
Logged reward of 257.467134
15, 0.012250423431396484, 0.29981796264648436, 1.390413330078125
Logged reward of 32.395483
6, 0.01150822639465332, 0.4008341369628906, 0.421068603515625
Logged reward of 199.626945
15, 0.01232290267944336, 0.6051286010742187, 0.7022662963867188
Logged reward of 1229.787284
0, 0.007254123687744141, 1.4306480712890626, 1.4306480712890626
Logged reward of 346.074435
0, 0.01972198486328125, 0.7660308837890625, 0.7660308837890625
Logged reward of 51.983831
15, 0.012739896774291992, 0.3431160888671875, 1.549546142578125
Logged reward of 31.5317
6, 0.008122444152832031, 0.18417892456054688, 0.4940828857421875
Logged reward of 11.068122
Old model # regressions: 0 regression amount: 0
New model # regressions: 0 regression amount: 0
New model had no regressions.
Accepted new model.
15, 0.011223077774047852, 1.792906982421875, 3.169775390625
Logged reward of 2087.235324
6, 0.0072286128997802734, 0.99101513671875, 1.3135047607421875
Logged reward of 234.076359
15, 0.01021265983581543, 1.54776171875, 4.39044677734375
Logged reward of 5886.682511
6, 0.011656761169433594, 0.40051043701171873, 0.4321307678222656
Logged reward of 203.494998
6, 0.012848615646362305, 0.6322922973632813, 1.1718250732421875
Logged reward of 379.15311
15, 0.010166645050048828, 0.782755615234375, 2.274314697265625
Logged reward of 3692.058062
6, 0.011780261993408203, 0.38883016967773437, 0.41970025634765623
Logged reward of 213.866336
6, 0.014531612396240234, 0.737477294921875, 2.115952880859375
Logged reward of 7797.101182
15, 0.020642757415771484, 0.09347425842285156, 0.25265521240234373
Logged reward of 95.607372
15, 0.0113983154296875, 1.77918701171875, 3.012146728515625
Logged reward of 2191.848014
6, 0.012912511825561523, 0.5007134094238281, 0.641673095703125
Logged reward of 1269.114933
21, 0.012469053268432617, 0.728763427734375, 2.493670166015625
Logged reward of 7387.447722
15, 0.010192155838012695, 2.52271923828125, 4.77708935546875
Logged reward of 8218.974746
1, 0.011183500289916992, 0.29678607177734373, 0.43427114868164063
Logged reward of 294.779221
18, 0.010401725769042969, 0.9667462768554688, 4.46049951171875
Logged reward of 8035.25159
24, 0.01116180419921875, 0.27741897583007813, 0.550600830078125
Logged reward of 2886.045317
6, 0.014652013778686523, 1.36031201171875, 8.30203125
Logged reward of 7323.139481
0, 0.01652073860168457, 0.5471608276367188, 0.5471608276367188
Logged reward of 257.102254
15, 0.012271642684936523, 1.7782890625, 3.045238037109375
Logged reward of 1653.793602
1, 0.011935710906982422, 0.2571603393554687, 1.05209716796875
Logged reward of 184.441854
15, 0.012418508529663086, 2.109404541015625, 3.460498779296875
Logged reward of 20468.504409
21, 0.012224197387695312, 0.7350466918945312, 2.5421455078125
Logged reward of 7397.230377
20, 0.011562347412109375, 0.2975898742675781, 2.808104248046875
Logged reward of 471.587247
6, 0.012123823165893555, 0.7861542358398438, 1.2048427734375
Logged reward of 267.705228
15, 0.019783973693847656, 0.12006777954101562, 0.43782080078125
Logged reward of 31.730701
Old model # regressions: 0 regression amount: 0
New model # regressions: 0 regression amount: 0
New model had no regressions.
Accepted new model.
6, 0.010289669036865234, 0.169632080078125, 0.25206034851074216
Logged reward of 399.969071
20, 0.016467571258544922, 0.1268536605834961, 0.22550547790527345
Logged reward of 1900.466936
6, 0.008635520935058594, 0.04109334564208984, 0.11216463470458984
Logged reward of 10.586717
20, 0.010960817337036133, 0.14534504699707032, 0.48650015258789064
Logged reward of 434.313828
0, 0.011866569519042969, 0.05081018447875976, 0.05081018447875976
Logged reward of 147.085086
19, 0.014101266860961914, 0.3669868469238281, 1.7275950927734376
Logged reward of 9398.464662
0, 0.012492179870605469, 0.1206622314453125, 0.1206622314453125
Logged reward of 248.054155
1, 0.010903596878051758, 0.7197152099609375, 1.5718602294921875
Logged reward of 2919.600974
6, 0.010386466979980469, 0.4858294677734375, 0.7517100830078125
Logged reward of 5585.595773
2, 0.011205673217773438, 0.29693377685546873, 0.5573699340820313
Logged reward of 1154.526873
0, 0.019675493240356445, 0.029139520645141602, 0.029139520645141602
Logged reward of 54.324636
0, 0.012535810470581055, 0.05074884033203125, 0.05074884033203125
Logged reward of 158.60546
21, 0.010155200958251953, 0.7483023071289062, 1.647216796875
Logged reward of 6986.8108
0, 0.01233053207397461, 0.36742156982421875, 0.36742156982421875
Logged reward of 1388.626369
1, 0.0073699951171875, 0.3537406921386719, 0.4705231323242188
Logged reward of 1748.770085
0, 0.019763708114624023, 0.030536285400390627, 0.030536285400390627
Logged reward of 53.447763
23, 0.01292109489440918, 0.09105010986328126, 0.3128238220214844
Logged reward of 375.442639
19, 0.013892650604248047, 0.347621826171875, 1.6327542724609374
Logged reward of 8959.575271
15, 0.014965295791625977, 0.07368441772460937, 0.1139689712524414
Logged reward of 177.839806
0, 0.01239323616027832, 0.24486419677734375, 0.24486419677734375
Logged reward of 766.964073
20, 0.01671600341796875, 0.14360165405273437, 0.2367122039794922
Logged reward of 3146.527096
20, 0.011254310607910156, 0.15904541015625, 0.5320717163085937
Logged reward of 518.287921
14, 0.015747785568237305, 0.2766396789550781, 0.4021958923339844
Logged reward of 1267.380529
20, 0.011317729949951172, 0.15057637023925782, 0.5400242919921875
Logged reward of 437.936832
6, 0.010316848754882812, 0.19743310546875, 0.25605111694335936
Logged reward of 420.644492
Old model # regressions: 0 regression amount: 0
New model # regressions: 0 regression amount: 0
New model had no regressions.
Accepted new model.
15, 0.013390779495239258, 0.31118218994140623, 1.202974365234375
Logged reward of 817.868704
15, 0.011347770690917969, 0.2530589141845703, 0.283830322265625
Logged reward of 151.581213
6, 0.007384061813354492, 0.23679927062988282, 0.35161355590820315
Logged reward of 181.941843
0, 0.019726276397705078, 0.057233299255371094, 0.057233299255371094
Logged reward of 54.292592
6, 0.009121894836425781, 0.19419715881347657, 0.20091456604003907
Logged reward of 212.544709
15, 0.013345718383789062, 0.06695186614990234, 0.13247779846191407
Logged reward of 33.335288
1, 0.01260232925415039, 0.14782717895507813, 0.24585296630859374
Logged reward of 189.710067
0, 0.019554853439331055, 0.062397144317626954, 0.062397144317626954
Logged reward of 52.362904
1, 0.0072803497314453125, 0.361770263671875, 0.5176074829101562
Logged reward of 2470.94187
6, 0.011492252349853516, 0.11407257080078125, 0.2360217742919922
Logged reward of 186.613042
1, 0.011294126510620117, 0.8276580810546875, 1.5214981689453124
Logged reward of 3186.206988
1, 0.012489795684814453, 0.1659808807373047, 0.2492022705078125
Logged reward of 406.356027
18, 0.017796993255615234, 0.26161965942382814, 0.4967472839355469
Logged reward of 3410.043595
14, 0.01619577407836914, 0.3799348449707031, 0.5919430541992188
Logged reward of 1255.240581
20, 0.01264190673828125, 0.15533998107910157, 0.6323894653320312
Logged reward of 237.804691
1, 0.011583566665649414, 0.8273040771484375, 1.5179342041015624
Logged reward of 3075.236182
20, 0.010235309600830078, 0.13798318481445312, 0.24335240173339845
Logged reward of 240.872957
6, 0.01214909553527832, 0.14211470031738282, 0.15117840576171876
Logged reward of 199.725203
0, 0.02067089080810547, 0.0629518928527832, 0.0629518928527832
Logged reward of 52.055928
6, 0.011335372924804688, 0.747630126953125, 1.0344552001953125
Logged reward of 1728.302359
0, 0.012785196304321289, 0.27584530639648436, 0.27584530639648436
Logged reward of 590.096054
20, 0.011367559432983398, 0.23596697998046876, 0.6551407470703124
Logged reward of 449.578294
9, 0.017620563507080078, 0.15949729919433595, 0.16842906188964843
Logged reward of 228.038827
0, 0.013724803924560547, 0.27573654174804685, 0.27573654174804685
Logged reward of 605.338967
15, 0.014067411422729492, 0.06205824279785156, 0.12201067352294923
Logged reward of 34.65821
Old model # regressions: 0 regression amount: 0
New model # regressions: 0 regression amount: 0
New model had no regressions.
Accepted new model.
8, 0.012431859970092773, 0.8792140502929687, 1.9593638916015625
Logged reward of 4991.200079
6, 0.00900125503540039, 0.14893107604980468, 0.28793524169921875
Logged reward of 12.113825
15, 0.01041555404663086, 1.25077880859375, 3.071918701171875
Logged reward of 11222.46012
15, 0.010775089263916016, 1.3668663330078126, 2.758900146484375
Logged reward of 8216.412275
20, 0.012058019638061523, 0.22404069519042968, 0.7359091796875
Logged reward of 238.121913
19, 0.012736797332763672, 1.4089371337890626, 1.603659912109375
Logged reward of 17124.04519
15, 0.012554645538330078, 0.3844948425292969, 0.9119846801757813
Logged reward of 836.715795
23, 0.014026880264282227, 0.9274752807617187, 1.153160400390625
Logged reward of 2639.834146
19, 0.013782024383544922, 1.441396484375, 1.6219119873046874
Logged reward of 16551.587417
0, 0.01230311393737793, 0.45092010498046875, 0.45092010498046875
Logged reward of 592.001949
6, 0.0113525390625, 0.1861314697265625, 0.4326451416015625
Logged reward of 131.409943
21, 0.014089107513427734, 2.924522216796875, 4.9939609375
Logged reward of 8337.124779
0, 0.01393437385559082, 1.212461181640625, 1.212461181640625
Logged reward of 1901.590733
0, 0.0072154998779296875, 0.5226008911132812, 0.5226008911132812
Logged reward of 231.542004
15, 0.0196535587310791, 0.03233213424682617, 0.3053026123046875
Logged reward of 29.859421
21, 0.011375904083251953, 0.17942056274414062, 0.45887542724609376
Logged reward of 1555.947353
6, 0.011725664138793945, 0.4868153991699219, 0.6893373413085937
Logged reward of 456.00378
6, 0.008058786392211914, 0.07441690063476562, 0.4374449462890625
Logged reward of 0.649947
0, 0.012610197067260742, 0.45289764404296873, 0.45289764404296873
Logged reward of 584.630313
20, 0.011313676834106445, 0.2415806884765625, 0.7485885009765625
Logged reward of 236.333336
0, 0.007272243499755859, 0.5479412841796875, 0.5479412841796875
Logged reward of 345.62935
0, 0.010321617126464844, 1.3693138427734375, 1.3693138427734375
Logged reward of 3913.895663
15, 0.010344505310058594, 1.0297467041015624, 1.1521937255859376
Logged reward of 5531.315409
0, 0.014894723892211914, 0.34481842041015626, 0.34481842041015626
Logged reward of 276.44871
14, 0.016075849533081055, 0.4939403381347656, 0.6329225463867187
Logged reward of 1388.942241
Old model # regressions: 0 regression amount: 0
New model # regressions: 0 regression amount: 0
New model had no regressions.
Accepted new model.
0, 0.013704061508178711, 0.5637843017578125, 0.5637843017578125
Logged reward of 643.493497
6, 0.012561798095703125, 0.19949366760253906, 0.3661595764160156
Logged reward of 194.550235
5, 0.010167360305786133, 5.58726806640625, 13.104162109375
Logged reward of 30216.752185
6, 0.011688232421875, 5.01680615234375, 5.5464453125
Logged reward of 1663.229196
1, 0.010750293731689453, 3.0312822265625, 8.140208984375
Logged reward of 2408.059726
14, 0.017765283584594727, 0.42597787475585935, 0.4266413269042969
Logged reward of 231.22256
6, 0.008199691772460938, 0.03195011138916016, 0.28020068359375
Logged reward of 0.67041
19, 0.012210607528686523, 0.5679920043945312, 3.287486328125
Logged reward of 6372.293427
6, 0.011240005493164062, 0.24757205200195312, 0.4647529602050781
Logged reward of 190.363317
8, 0.011723518371582031, 5.6530810546875, 6.0885400390625
Logged reward of 54375.018253
14, 0.014166593551635742, 2.62273974609375, 3.981629638671875
Logged reward of 1081.094608
15, 0.021001577377319336, 0.05058075332641602, 0.5317474975585937
Logged reward of 30.114821
6, 0.011560916900634766, 0.848605712890625, 2.1482802734375
Logged reward of 423.778221
0, 0.013288497924804688, 0.6213823852539062, 0.6213823852539062
Logged reward of 591.861825
1, 0.01122140884399414, 3.02941162109375, 8.2455126953125
Logged reward of 3518.749047
8, 0.011873245239257812, 5.63840673828125, 5.8002275390625
Logged reward of 54112.752495
6, 0.011760711669921875, 1.0714210205078125, 1.8014205322265624
Logged reward of 838.990081
6, 0.012891054153442383, 0.8987310791015625, 2.196137451171875
Logged reward of 375.699506
6, 0.007406473159790039, 0.6605382690429688, 1.0418709716796875
Logged reward of 189.204384
1, 0.011312007904052734, 3.02939697265625, 8.2564130859375
Logged reward of 3521.204793
15, 0.019743919372558594, 0.05085938262939453, 0.5389601440429688
Logged reward of 26.877567
20, 0.010221719741821289, 0.28017855834960936, 0.6047951049804687
Logged reward of 259.549535
15, 0.010178089141845703, 1.27872119140625, 5.1719384765625
Logged reward of 8537.93182
19, 0.01115107536315918, 0.5813117065429687, 3.463950439453125
Logged reward of 5751.595705
0, 0.009136199951171875, 0.31079571533203126, 0.31079571533203126
Logged reward of 154.876695
Old model # regressions: 0 regression amount: 0
New model # regressions: 0 regression amount: 0
New model had no regressions.
Accepted new model.
2, 0.011552572250366211, 0.48694830322265625, 0.9010980834960938
Logged reward of 331.835853
1, 0.007957220077514648, 0.5130346069335937, 0.8091746826171875
Logged reward of 1035.590676
15, 0.019840240478515625, 0.03169197463989258, 0.2709801635742187
Logged reward of 28.718676
0, 0.012050628662109375, 0.41429510498046873, 0.41429510498046873
Logged reward of 834.728877
0, 0.01018071174621582, 1.2949783935546875, 1.2949783935546875
Logged reward of 5418.039799
0, 0.01242518424987793, 0.5207631225585938, 0.5207631225585938
Logged reward of 570.919928
0, 0.011426210403442383, 1.1418775634765626, 1.1418775634765626
Logged reward of 1985.5492
1, 0.011191368103027344, 0.2078081512451172, 0.72168603515625
Logged reward of 184.762066
0, 0.011369705200195312, 1.2847728271484375, 1.2847728271484375
Logged reward of 20290.545089
15, 0.01124119758605957, 0.8452539672851562, 1.187748046875
Logged reward of 4083.821516
0, 0.030491113662719727, 0.15137081909179687, 0.15137081909179687
Logged reward of 200.310749
2, 0.015015840530395508, 0.29913250732421875, 0.6691142578125
Logged reward of 562.718294
0, 0.01124429702758789, 1.289730224609375, 1.289730224609375
Logged reward of 5322.244181
0, 0.011732816696166992, 1.0827386474609375, 1.0827386474609375
Logged reward of 1525.477328
0, 0.011181116104125977, 0.9851625366210938, 0.9851625366210938
Logged reward of 849.290058
15, 0.011169910430908203, 0.67084228515625, 0.9968062133789063
Logged reward of 3784.44954
20, 0.010379314422607422, 0.29701025390625, 0.5418916625976562
Logged reward of 257.967894
15, 0.01680469512939453, 0.5296558227539062, 0.8033150024414063
Logged reward of 3092.823353
0, 0.012522697448730469, 0.4307181091308594, 0.4307181091308594
Logged reward of 797.61116
23, 0.012565135955810547, 0.4104986877441406, 0.7729614868164062
Logged reward of 360.402704
2, 0.011147260665893555, 0.4251601867675781, 0.8546448364257813
Logged reward of 340.770746
20, 0.013902425765991211, 1.2250906982421874, 1.6164144287109374
Logged reward of 7745.272625
15, 0.010648727416992188, 0.4856231689453125, 1.153666259765625
Logged reward of 529.093522
15, 0.017811059951782227, 0.4810193176269531, 0.772295654296875
Logged reward of 4963.508358
1, 0.012332439422607422, 0.19737954711914063, 0.753184814453125
Logged reward of 190.965447
Old model # regressions: 0 regression amount: 0
New model # regressions: 0 regression amount: 0
New model had no regressions.
Accepted new model.
23, 0.014809370040893555, 0.8749951782226563, 0.9294869995117188
Logged reward of 2675.974372
1, 0.011433601379394531, 1.1258931884765624, 3.827188232421875
Logged reward of 3616.744957
15, 0.019794464111328125, 0.017444700241088868, 0.209505859375
Logged reward of 30.946489
14, 0.012643098831176758, 0.3477516784667969, 0.3946836853027344
Logged reward of 1668.171605
2, 0.011240243911743164, 0.3509453125, 0.42778634643554686
Logged reward of 1275.766281
1, 0.011310577392578125, 0.18054804992675783, 0.5226038818359375
Logged reward of 336.272847
19, 0.013370275497436523, 0.7935439453125, 0.8204209594726563
Logged reward of 3106.286229
15, 0.015445470809936523, 0.08127980804443359, 0.2170172882080078
Logged reward of 172.557991
6, 0.008809804916381836, 0.028115179061889647, 0.16770712280273437
Logged reward of 0.669799
0, 0.01419210433959961, 0.8950703735351563, 0.8950703735351563
Logged reward of 1922.781391
20, 0.012572288513183594, 0.13787109375, 0.5894827880859375
Logged reward of 233.241522
15, 0.01987290382385254, 0.07775802612304687, 0.10113141632080078
Logged reward of 88.238563
6, 0.011296272277832031, 0.3678013916015625, 0.5736787719726563
Logged reward of 445.242009
15, 0.014470100402832031, 0.08173263549804688, 0.21589836120605468
Logged reward of 170.508656
6, 0.015266180038452148, 0.7037449951171875, 1.5218328857421874
Logged reward of 2571.788204
24, 0.012691497802734375, 0.8678661499023438, 1.419425537109375
Logged reward of 7238.765521
23, 0.015547513961791992, 0.934963623046875, 1.076107666015625
Logged reward of 2555.804568
1, 0.011209249496459961, 0.9249551391601563, 4.39946435546875
Logged reward of 3188.369063
1, 0.00761103630065918, 0.33039968872070313, 0.712363525390625
Logged reward of 2101.721453
0, 0.01451730728149414, 0.26284475708007815, 0.26284475708007815
Logged reward of 579.422224
20, 0.01790475845336914, 0.28485745239257815, 0.43380523681640626
Logged reward of 1954.151057
6, 0.012233734130859375, 0.36073382568359375, 0.5324923706054687
Logged reward of 402.713826
24, 0.011221647262573242, 0.8839409790039062, 1.512791748046875
Logged reward of 6570.628801
6, 0.008206367492675781, 0.02738105773925781, 0.16873350524902345
Logged reward of 0.723089
15, 0.013252735137939453, 0.13198310852050782, 0.5718989868164063
Logged reward of 429.26604
Old model # regressions: 0 regression amount: 0
New model # regressions: 0 regression amount: 0
New model had no regressions.
Accepted new model.
15, 0.01350259780883789, 0.11934082794189453, 0.3959017639160156
Logged reward of 34.154739
20, 0.016082048416137695, 0.8340450439453125, 1.3505208740234376
Logged reward of 3323.609121
6, 0.012572526931762695, 0.3828240661621094, 1.03745166015625
Logged reward of 98.622244
1, 0.010280609130859375, 1.4333519287109375, 3.87957861328125
Logged reward of 2395.094485
2, 0.011254072189331055, 1.2437279052734376, 1.634288818359375
Logged reward of 2184.920496
1, 0.011415481567382812, 1.8140089111328126, 2.06597607421875
Logged reward of 6522.727431
1, 0.011244058609008789, 0.5011709899902344, 1.1875582275390626
Logged reward of 312.161266
0, 0.012365579605102539, 0.4995916442871094, 0.4995916442871094
Logged reward of 627.040611
2, 0.011353492736816406, 0.27846038818359375, 0.3710658264160156
Logged reward of 201.857132
21, 0.007169246673583984, 0.5364668579101562, 2.764832763671875
Logged reward of 12834.846362
15, 0.01967477798461914, 0.06279789733886719, 0.06489114379882813
Logged reward of 92.349152
15, 0.020284652709960938, 0.0627971076965332, 0.0648751449584961
Logged reward of 25.652926
6, 0.011204004287719727, 1.4401632080078124, 1.6080626220703125
Logged reward of 541.310636
0, 0.01136159896850586, 0.7654090576171875, 0.7654090576171875
Logged reward of 986.738568
21, 0.009915828704833984, 0.5023980407714844, 0.827988037109375
Logged reward of 866.801645
6, 0.008128643035888672, 0.3285196533203125, 0.3942601318359375
Logged reward of 2.406429
15, 0.014056921005249023, 0.7695479736328125, 3.35098388671875
Logged reward of 3497.849863
2, 0.012431621551513672, 1.29481787109375, 1.5766343994140626
Logged reward of 2252.588214
0, 0.00810694694519043, 0.36641995239257813, 0.36641995239257813
Logged reward of 100.324557
6, 0.010201454162597656, 0.44244253540039064, 0.6367682495117187
Logged reward of 725.740608
21, 0.009508371353149414, 0.49788861083984376, 0.8055398559570313
Logged reward of 245.044294
15, 0.012574195861816406, 0.29742715454101565, 0.8499716796875
Logged reward of 409.227762
6, 0.00804281234741211, 0.304753662109375, 0.3902465515136719
Logged reward of 0.672031
1, 0.007281780242919922, 0.5393480834960938, 2.689230712890625
Logged reward of 2939.571018
20, 0.011331558227539062, 0.26465530395507814, 1.1257530517578125
Logged reward of 231.623854
Old model # regressions: 0 regression amount: 0
New model # regressions: 0 regression amount: 0
New model had no regressions.
Accepted new model.
6, 0.01130223274230957, 0.43056295776367187, 0.47193093872070313
Logged reward of 177.95991
6, 0.011725425720214844, 0.43056295776367187, 0.47193093872070313
Logged reward of 184.067844
20, 0.011342287063598633, 0.4971906127929687, 0.7873453369140625
Logged reward of 246.002126
2, 0.012173175811767578, 0.41322988891601564, 1.2699974365234374
Logged reward of 897.303665
15, 0.0137481689453125, 0.25502590942382813, 0.4949271240234375
Logged reward of 173.792941
1, 0.016618728637695312, 0.65807080078125, 1.659177001953125
Logged reward of 3608.770825
2, 0.01243138313293457, 0.34554806518554687, 0.8978772583007812
Logged reward of 734.874131
15, 0.013456344604492188, 2.445108642578125, 5.16161328125
Logged reward of 10705.281819
2, 0.011594295501708984, 0.23004876708984376, 0.2616728820800781
Logged reward of 172.842485
1, 0.010659456253051758, 2.3480673828125, 2.687434326171875
Logged reward of 3049.833867
0, 0.0074710845947265625, 0.5451627197265625, 0.5451627197265625
Logged reward of 227.459905
0, 0.009114503860473633, 0.2730223388671875, 0.2730223388671875
Logged reward of 153.789026
0, 0.012024879455566406, 0.281086669921875, 0.281086669921875
Logged reward of 223.950923
15, 0.012637853622436523, 1.7317799072265625, 1.8353319091796876
Logged reward of 1710.241054
2, 0.012575864791870117, 0.4134256591796875, 1.260092041015625
Logged reward of 816.978682
19, 0.010308504104614258, 0.48100210571289065, 1.13270361328125
Logged reward of 600.538069
2, 0.015590667724609375, 0.7238436889648437, 1.9287890625
Logged reward of 7862.880814
15, 0.015180349349975586, 2.429788330078125, 5.23267041015625
Logged reward of 7894.827618
2, 0.01253366470336914, 0.22916151428222656, 0.2538125762939453
Logged reward of 171.590737
14, 0.01783275604248047, 0.441564208984375, 0.47215335083007814
Logged reward of 232.850223
20, 0.01100015640258789, 0.4825071105957031, 0.775768798828125
Logged reward of 246.715979
15, 0.010357856750488281, 2.2844892578125, 5.10636474609375
Logged reward of 12060.338415
19, 0.010344505310058594, 0.46912063598632814, 1.1347694091796876
Logged reward of 533.306184
22, 0.011799812316894531, 0.21121607971191406, 0.9714766235351563
Logged reward of 12.142465
15, 0.019741058349609375, 0.11153306579589843, 0.23538813781738283
Logged reward of 96.683937
Old model # regressions: 0 regression amount: 0
New model # regressions: 0 regression amount: 0
New model had no regressions.
Accepted new model.
0, 0.007363557815551758, 0.39459747314453125, 0.39459747314453125
Logged reward of 225.128253
20, 0.010502815246582031, 0.2616470947265625, 0.3641809387207031
Logged reward of 243.09844
0, 0.009310245513916016, 0.15357374572753907, 0.15357374572753907
Logged reward of 181.998168
2, 0.013797760009765625, 1.919818603515625, 2.3123232421875
Logged reward of 10740.734496
19, 0.011264324188232422, 0.22095770263671874, 0.4605450439453125
Logged reward of 213.155117
20, 0.011205434799194336, 0.3060263061523438, 1.1328663330078126
Logged reward of 253.132558
15, 0.012366056442260742, 0.05991465377807617, 0.10553069305419922
Logged reward of 36.616099
0, 0.007293701171875, 0.39217605590820315, 0.39217605590820315
Logged reward of 210.800992
0, 0.014777898788452148, 0.32703265380859375, 0.32703265380859375
Logged reward of 265.597053
15, 0.02005171775817871, 0.038087451934814456, 0.2313968048095703
Logged reward of 27.462999
0, 0.007319211959838867, 0.39370379638671876, 0.39370379638671876
Logged reward of 195.71427
22, 0.01264047622680664, 0.3826745910644531, 0.5980780639648438
Logged reward of 338.684034
22, 0.011356830596923828, 0.24446440124511717, 1.2367020263671875
Logged reward of 2355.941286
17, 0.01129007339477539, 0.23910807800292969, 0.42617437744140624
Logged reward of 195.345628
0, 0.014893531799316406, 0.3280690307617187, 0.3280690307617187
Logged reward of 235.820016
15, 0.01952528953552246, 0.09841635131835938, 0.20268623352050782
Logged reward of 87.764775
0, 0.012267351150512695, 2.50773681640625, 2.50773681640625
Logged reward of 2032.197371
8, 0.013890266418457031, 0.49163031005859376, 3.97638427734375
Logged reward of 11361.907435
0, 0.011455059051513672, 0.84364453125, 0.84364453125
Logged reward of 965.481105
0, 0.007235527038574219, 0.24278121948242187, 0.24278121948242187
Logged reward of 145.424083
15, 0.018668413162231445, 0.05417216110229492, 0.06755823516845703
Logged reward of 27.089363
2, 0.012481451034545898, 0.3974584045410156, 0.9078422241210937
Logged reward of 357.695563
14, 0.01536703109741211, 1.3723836669921874, 1.3726495361328126
Logged reward of 1312.91776
15, 0.019674062728881836, 0.09858815002441407, 0.20263963317871095
Logged reward of 88.906702
15, 0.010929584503173828, 0.30627093505859376, 0.3940691223144531
Logged reward of 167.016265
Old model # regressions: 0 regression amount: 0
New model # regressions: 0 regression amount: 0
New model had no regressions.
Accepted new model.
9, 0.017070293426513672, 0.16903428649902344, 0.1806123046875
Logged reward of 229.372034
6, 0.013844728469848633, 0.23664466857910157, 0.7799987182617187
Logged reward of 845.688842
1, 0.007701873779296875, 0.35054763793945315, 0.38498248291015624
Logged reward of 1077.140902
14, 0.016475677490234375, 0.4587511291503906, 0.7295252685546875
Logged reward of 1268.05984
15, 0.02026510238647461, 0.03094828987121582, 0.24403732299804687
Logged reward of 27.436971
14, 0.01578664779663086, 0.4587511291503906, 0.7295252685546875
Logged reward of 1253.515151
22, 0.012665510177612305, 0.044053302764892575, 0.0862364501953125
Logged reward of 413.836933
2, 0.015482425689697266, 0.16908091735839845, 0.20825567626953126
Logged reward of 519.550196
6, 0.012463092803955078, 0.18366960144042968, 0.18762020874023438
Logged reward of 184.000094
0, 0.020279645919799805, 0.035941741943359376, 0.035941741943359376
Logged reward of 52.199897
15, 0.019888877868652344, 0.030979520797729494, 0.24407447814941408
Logged reward of 27.485849
0, 0.013453006744384766, 0.9933171997070313, 0.9933171997070313
Logged reward of 1997.016567
0, 0.009943962097167969, 0.17273658752441406, 0.17273658752441406
Logged reward of 15.551226
6, 0.010801076889038086, 0.8112142333984375, 2.2718076171875
Logged reward of 5735.532395
15, 0.013873815536499023, 0.04249882507324219, 0.08757650756835937
Logged reward of 37.088753
2, 0.01627326011657715, 0.1699000701904297, 0.21186480712890626
Logged reward of 520.941267
0, 0.013861656188964844, 1.0148572998046874, 1.0148572998046874
Logged reward of 1886.645768
15, 0.011188983917236328, 0.20209075927734374, 0.27900344848632813
Logged reward of 166.303239
22, 0.013789892196655273, 0.14378884887695312, 0.33252655029296874
Logged reward of 301.471838
6, 0.014334917068481445, 0.2516259460449219, 0.7279329833984375
Logged reward of 831.414625
15, 0.020396709442138672, 0.030663782119750977, 0.24264743041992187
Logged reward of 27.65218
8, 0.01154780387878418, 0.15519154357910156, 0.6061131591796876
Logged reward of 1146.515719
2, 0.012971162796020508, 0.35547891235351564, 0.47316448974609376
Logged reward of 848.672547
6, 0.01543736457824707, 2.0014775390625, 4.62695263671875
Logged reward of 7257.371075
6, 0.012804746627807617, 0.9637601318359375, 1.4806602783203124
Logged reward of 2142.337612
Old model # regressions: 0 regression amount: 0
New model # regressions: 0 regression amount: 0
New model had no regressions.
Accepted new model.
6, 0.012402534484863281, 0.25717852783203127, 0.5777808227539063
Logged reward of 288.140665
20, 0.010266542434692383, 0.3330054626464844, 1.0179271850585938
Logged reward of 476.580932
1, 0.007462978363037109, 0.30594668579101564, 0.6342960205078125
Logged reward of 2476.040981
6, 0.011185646057128906, 0.12994486999511717, 0.39629071044921876
Logged reward of 184.523273
6, 0.011183977127075195, 0.2571317443847656, 0.5827111206054687
Logged reward of 258.931377
19, 0.012693405151367188, 0.7939224243164062, 0.9220315551757813
Logged reward of 3141.161391
6, 0.011237859725952148, 0.28549636840820314, 0.6384912109375
Logged reward of 927.158943
0, 0.011271476745605469, 0.21585523986816407, 0.21585523986816407
Logged reward of 152.412436
6, 0.027911901473999023, 0.13046012878417967, 0.40754510498046875
Logged reward of 178.659495
1, 0.010398626327514648, 0.9155125122070312, 4.55412109375
Logged reward of 2873.771142
19, 0.016237974166870117, 0.3084020385742188, 0.805187255859375
Logged reward of 6458.778296
15, 0.013745307922363281, 0.05931991195678711, 0.13200999450683593
Logged reward of 36.577574
15, 0.013944625854492188, 0.11373430633544922, 0.171531005859375
Logged reward of 171.003963
1, 0.011145353317260742, 0.9566920166015624, 4.2368662109375
Logged reward of 3202.726214
1, 0.011662006378173828, 1.024164794921875, 2.582994873046875
Logged reward of 4477.270598
1, 0.013933420181274414, 1.133651611328125, 1.2237373046875
Logged reward of 3789.740022
0, 0.012315511703491211, 0.21133328247070313, 0.21133328247070313
Logged reward of 151.76372
6, 0.008183717727661133, 0.026357368469238283, 0.15618231201171875
Logged reward of 0.733616
15, 0.010208368301391602, 0.354461181640625, 0.5596168823242188
Logged reward of 363.492164
1, 0.00746464729309082, 0.2279112548828125, 0.5114603881835937
Logged reward of 1060.387409
20, 0.010293245315551758, 0.34277349853515626, 1.0370357666015626
Logged reward of 455.871076
19, 0.016165494918823242, 0.3430145568847656, 0.868282470703125
Logged reward of 5718.291486
19, 0.01747298240661621, 0.13365066528320313, 0.27654782104492187
Logged reward of 511.401075
6, 0.008365154266357422, 0.02566330337524414, 0.1565678253173828
Logged reward of 0.651619
9, 0.012399673461914062, 0.6385808715820313, 1.04377490234375
Logged reward of 301.879932
Old model # regressions: 0 regression amount: 0
New model # regressions: 0 regression amount: 0
New model had no regressions.
Accepted new model.
22, 0.011711835861206055, 0.07497068786621094, 1.4395743408203125
Logged reward of 12.074999
6, 0.008175134658813477, 0.03347077178955078, 0.16923896789550782
Logged reward of 0.64132
20, 0.01274418830871582, 1.185957763671875, 2.659176025390625
Logged reward of 862.1233
15, 0.012611627578735352, 0.06037744903564453, 0.12639019012451172
Logged reward of 36.477757
15, 0.019189119338989258, 0.037188194274902345, 0.6719644775390625
Logged reward of 29.521147
14, 0.017097949981689453, 1.6135294189453124, 2.341884521484375
Logged reward of 1418.07659
20, 0.013937950134277344, 0.38944537353515624, 0.63619189453125
Logged reward of 389.163724
15, 0.01233816146850586, 0.0702724609375, 0.16456842041015626
Logged reward of 36.090961
0, 0.011113166809082031, 1.365095947265625, 1.365095947265625
Logged reward of 1728.965475
0, 0.011270523071289062, 1.7526802978515625, 1.7526802978515625
Logged reward of 1964.299845
20, 0.012318849563598633, 0.476745849609375, 0.7923569946289063
Logged reward of 368.543433
20, 0.011420488357543945, 0.35323947143554685, 1.6700531005859376
Logged reward of 244.669935
0, 0.011440515518188477, 1.3570023193359375, 1.3570023193359375
Logged reward of 1537.676741
0, 0.0072765350341796875, 0.7824656982421875, 0.7824656982421875
Logged reward of 363.398065
6, 0.008099555969238281, 0.033361648559570314, 0.16966755676269532
Logged reward of 0.636466
0, 0.007246494293212891, 0.6120645751953125, 0.6120645751953125
Logged reward of 196.519166
1, 0.013523340225219727, 2.515553466796875, 3.926385009765625
Logged reward of 4026.777968
20, 0.012428760528564453, 0.4779801025390625, 0.7940028076171874
Logged reward of 372.441526
20, 0.010548830032348633, 0.29994207763671876, 0.39855319213867185
Logged reward of 244.013121
15, 0.011274576187133789, 0.35307177734375, 0.5347474365234375
Logged reward of 358.071328
6, 0.011718034744262695, 1.046336181640625, 1.359197265625
Logged reward of 683.667059
1, 0.010216951370239258, 1.9909541015625, 5.52608837890625
Logged reward of 2888.515405
1, 0.01421499252319336, 2.748275390625, 2.968222900390625
Logged reward of 3435.35267
6, 0.008194208145141602, 0.09493570709228516, 0.208871337890625
Logged reward of 16.185736
1, 0.010541677474975586, 1.6124381103515626, 3.50444970703125
Logged reward of 2414.197669
Old model # regressions: 0 regression amount: 0
New model # regressions: 0 regression amount: 0
New model had no regressions.
Accepted new model.
1, 0.01129293441772461, 2.3984931640625, 3.963727783203125
Logged reward of 3217.901321
22, 0.012812614440917969, 0.37618359375, 0.6425848999023438
Logged reward of 332.97811
1, 0.010182619094848633, 2.39856884765625, 3.963758056640625
Logged reward of 2412.350129
6, 0.007463932037353516, 0.545486572265625, 0.6800702514648438
Logged reward of 242.741669
0, 0.015659809112548828, 0.4218833312988281, 0.4218833312988281
Logged reward of 229.569901
22, 0.013409614562988281, 2.1523876953125, 2.2931611328125
Logged reward of 18892.627768
0, 0.01129007339477539, 0.17831613159179688, 0.17831613159179688
Logged reward of 223.677658
1, 0.010353565216064453, 3.01911181640625, 5.392490234375
Logged reward of 3175.447233
1, 0.013936996459960938, 5.06243994140625, 7.98932470703125
Logged reward of 4322.137078
6, 0.01392364501953125, 0.8365529174804688, 2.20022705078125
Logged reward of 846.317996
0, 0.008974075317382812, 0.17265252685546875, 0.17265252685546875
Logged reward of 14.814688
14, 0.016514301300048828, 0.3419004211425781, 2.24316796875
Logged reward of 2088.872913
6, 0.008222579956054688, 0.020015213012695314, 0.26311459350585936
Logged reward of 0.723058
0, 0.013479948043823242, 2.069491943359375, 2.069491943359375
Logged reward of 1933.213368
22, 0.012398481369018555, 0.3775394592285156, 0.643072998046875
Logged reward of 301.401446
15, 0.010109901428222656, 0.3278956909179688, 0.4795613098144531
Logged reward of 170.956246
6, 0.011241674423217773, 0.499416015625, 2.033589111328125
Logged reward of 378.752452
1, 0.010372161865234375, 2.39506201171875, 3.9623291015625
Logged reward of 3034.647467
15, 0.01939702033996582, 0.038049545288085934, 0.5030944213867188
Logged reward of 29.866048
22, 0.011714458465576172, 0.04401571273803711, 0.9565376586914063
Logged reward of 11.346533
9, 0.011202573776245117, 1.721618896484375, 1.8783460693359375
Logged reward of 1714.07981
1, 0.013963937759399414, 5.06246923828125, 8.16098095703125
Logged reward of 4383.677482
22, 0.013634443283081055, 0.376794189453125, 0.641892578125
Logged reward of 285.446882
6, 0.008193254470825195, 0.022004995346069336, 0.27985787963867187
Logged reward of 0.710476
1, 0.010153055191040039, 3.48245458984375, 6.3598017578125
Logged reward of 3474.501811
Old model # regressions: 0 regression amount: 0
New model # regressions: 0 regression amount: 0
New model had no regressions.
Accepted new model.
6, 0.011177778244018555, 0.7572725830078125, 1.7281639404296876
Logged reward of 379.502718
6, 0.00807642936706543, 0.11879459381103516, 0.44235546875
Logged reward of 12.135518
23, 0.010098695755004883, 0.524427978515625, 0.6961519165039063
Logged reward of 401.079274
4, 0.016769886016845703, 1.123751708984375, 1.3544842529296874
Logged reward of 1829.701087
0, 0.016065120697021484, 1.280134033203125, 1.280134033203125
Logged reward of 1171.639281
6, 0.012114286422729492, 0.26074130249023436, 0.32164749145507815
Logged reward of 186.86984
1, 0.01007223129272461, 1.6814288330078124, 5.99238671875
Logged reward of 2861.40436
19, 0.012695074081420898, 1.223592041015625, 1.75178662109375
Logged reward of 3102.891869
8, 0.011369466781616211, 0.44341708374023436, 1.1461116943359375
Logged reward of 1162.296949
1, 0.010335445404052734, 1.6961474609375, 4.57730322265625
Logged reward of 3183.558983
0, 0.010155916213989258, 1.785599853515625, 1.785599853515625
Logged reward of 2792.505856
6, 0.011314153671264648, 0.7384872436523438, 1.7056502685546875
Logged reward of 383.971424
15, 0.022521257400512695, 0.03692054748535156, 0.2636476135253906
Logged reward of 28.487774
1, 0.01036524772644043, 1.6851761474609375, 2.9928896484375
Logged reward of 3219.217421
0, 0.015539884567260742, 1.280287841796875, 1.280287841796875
Logged reward of 1167.671652
6, 0.008243799209594727, 0.03599529647827148, 0.29935556030273436
Logged reward of 0.645144
2, 0.011997461318969727, 2.128590087890625, 5.50518603515625
Logged reward of 1959.485442
15, 0.014965295791625977, 0.1888270263671875, 0.2462938232421875
Logged reward of 171.279502
6, 0.012449979782104492, 0.7386243896484375, 0.9677670288085938
Logged reward of 854.555363
15, 0.019512176513671875, 0.11034602355957031, 0.24735690307617186
Logged reward of 88.789379
9, 0.01454615592956543, 1.6723328857421875, 3.641745361328125
Logged reward of 2578.415139
14, 0.017815589904785156, 1.2156396484375, 1.3239617919921876
Logged reward of 1563.095296
1, 0.010764837265014648, 1.915994873046875, 5.93116015625
Logged reward of 3517.60567
0, 0.009267091751098633, 0.25520672607421874, 0.25520672607421874
Logged reward of 156.652849
20, 0.010654926300048828, 0.3381243896484375, 0.45523223876953123
Logged reward of 254.105692
Old model # regressions: 0 regression amount: 0
New model # regressions: 0 regression amount: 0
New model had no regressions.
Accepted new model.
15, 0.020143747329711914, 0.05818307113647461, 0.15789694213867186
Logged reward of 88.222187
6, 0.01656198501586914, 0.28139739990234375, 0.2895385437011719
Logged reward of 233.293922
1, 0.011116981506347656, 1.3448385009765624, 2.0156707763671875
Logged reward of 3051.989336
0, 0.012046337127685547, 0.1678736572265625, 0.1678736572265625
Logged reward of 152.477277
6, 0.011218070983886719, 0.5524722900390625, 2.280589111328125
Logged reward of 377.642828
1, 0.013848066329956055, 2.815241943359375, 5.531435546875
Logged reward of 4402.824326
6, 0.016301631927490234, 1.049656982421875, 1.2660025634765626
Logged reward of 1191.121735
1, 0.011573553085327148, 1.7877999267578124, 4.45342919921875
Logged reward of 3183.44205
1, 0.014308929443359375, 1.94594091796875, 2.504444580078125
Logged reward of 3924.090458
6, 0.012656450271606445, 0.7588086547851562, 0.8191693115234375
Logged reward of 690.644543
22, 0.011318683624267578, 0.048144355773925784, 1.0318603515625
Logged reward of 11.545659
6, 0.011481761932373047, 0.7593131713867187, 0.8186160888671875
Logged reward of 682.690763
6, 0.011310815811157227, 0.7593131713867187, 0.8186160888671875
Logged reward of 678.893983
15, 0.012584447860717773, 0.05962583160400391, 0.25153225708007815
Logged reward of 36.828902
15, 0.010256290435791016, 0.3208742065429688, 2.0107764892578124
Logged reward of 486.326412
19, 0.011126518249511719, 0.23201277160644532, 0.3214833679199219
Logged reward of 212.411203
0, 0.012286901473999023, 1.387810302734375, 1.387810302734375
Logged reward of 1940.981424
6, 0.00804758071899414, 0.16859994506835937, 0.23524772644042968
Logged reward of 9.54696
6, 0.008030414581298828, 0.03752374267578125, 0.24704586791992186
Logged reward of 0.697297
1, 0.011302947998046875, 0.19417762756347656, 1.0304449462890626
Logged reward of 186.034823
9, 0.011409521102905273, 1.1033834228515624, 1.232054931640625
Logged reward of 1716.747841
20, 0.010245084762573242, 0.271107421875, 0.37287091064453126
Logged reward of 237.111375
9, 0.011215686798095703, 1.10479248046875, 1.2331124267578124
Logged reward of 1591.496974
22, 0.01241159439086914, 0.4190688171386719, 0.5763900756835938
Logged reward of 325.987786
9, 0.011212348937988281, 1.103527099609375, 1.232162353515625
Logged reward of 1577.788945
Old model # regressions: 0 regression amount: 0
New model # regressions: 0 regression amount: 0
New model had no regressions.
Accepted new model.
0, 0.007262468338012695, 0.4180945129394531, 0.4180945129394531
Logged reward of 199.117756
22, 0.014756917953491211, 1.59301611328125, 2.24056298828125
Logged reward of 11003.473658
6, 0.008363008499145508, 0.02901979064941406, 0.20761944580078126
Logged reward of 0.743967
15, 0.02024984359741211, 0.023651853561401367, 1.4084605712890625
Logged reward of 28.905682
18, 0.015818119049072266, 1.0644990234375, 1.188361083984375
Logged reward of 1195.000005
0, 0.012173891067504883, 2.771720458984375, 2.771720458984375
Logged reward of 20771.681999
15, 0.010285139083862305, 0.19280055236816407, 0.3932880554199219
Logged reward of 358.246564
0, 0.013268709182739258, 1.2524351806640626, 1.2524351806640626
Logged reward of 1088.880313
14, 0.018502473831176758, 0.6217018432617187, 1.2738955078125
Logged reward of 1996.256614
15, 0.02036118507385254, 0.02360152816772461, 1.408014892578125
Logged reward of 27.549553
0, 0.011684656143188477, 0.673431640625, 0.673431640625
Logged reward of 871.575577
0, 0.011350393295288086, 1.396495361328125, 1.396495361328125
Logged reward of 1526.516604
14, 0.017460107803344727, 0.8826317749023438, 1.309159423828125
Logged reward of 1886.693962
20, 0.01101231575012207, 0.20517086791992187, 0.37158172607421874
Logged reward of 270.343216
15, 0.014773130416870117, 0.1269333038330078, 0.16463040161132814
Logged reward of 205.043465
0, 0.013680458068847656, 1.7385205078125, 1.7385205078125
Logged reward of 2040.628828
22, 0.012977361679077148, 0.38982553100585937, 0.4523478088378906
Logged reward of 332.58583
9, 0.011472225189208984, 2.778308349609375, 5.12818798828125
Logged reward of 11389.575505
15, 0.010012388229370117, 0.17221157836914064, 0.3535820617675781
Logged reward of 173.24976
9, 0.01380157470703125, 0.5485130004882812, 0.7796591186523437
Logged reward of 843.071994
6, 0.008789300918579102, 0.06598985290527344, 0.19852192687988282
Logged reward of 9.491956
0, 0.012583732604980469, 1.6747896728515625, 1.6747896728515625
Logged reward of 1916.305329
0, 0.012807130813598633, 0.7297481689453125, 0.7297481689453125
Logged reward of 761.135446
1, 0.011672258377075195, 2.568307861328125, 3.047138427734375
Logged reward of 2431.554262
20, 0.011927127838134766, 0.19868441772460937, 1.337192138671875
Logged reward of 236.129508
