Listening on localhost port 9381
Spawning server process...
Logged reward of 625.693505
Logged reward of 252.309441
Logged reward of 2475.070746
Logged reward of 11326.544013
Logged reward of 14.756803
Logged reward of 3086.185385
Logged reward of 32.2658
Logged reward of 76.413034
Logged reward of 529.551264
Logged reward of 264.112364
Logged reward of 11507.692762
Logged reward of 207.935188
Logged reward of 246.526413
Logged reward of 20247.012625
Logged reward of 609.718953
Logged reward of 201.518009
Logged reward of 11182.321512
Logged reward of 5121.933277
Logged reward of 137.392161
Logged reward of 376.29705
Logged reward of 133.291233
Logged reward of 1169.668434
Logged reward of 2352.824848
Logged reward of 370.460248
Logged reward of 199.600143
Old model # regressions: 0 regression amount: 0
New model # regressions: 0 regression amount: 0
New model had no regressions.
Accepted new model.
5, 0.06523275375366211, 0.18800050354003905, 2.1302470703125
Logged reward of 7395.421661
5, 0.05821347236633301, 0.2502634735107422, 0.4043924560546875
Logged reward of 11763.375175
5, 0.0564115047454834, 0.25149298095703126, 0.4050877990722656
Logged reward of 11680.625359
0, 0.05188703536987305, 0.08136682891845703, 0.08136682891845703
Logged reward of 104.620414
1, 0.06650948524475098, 0.39139877319335936, 0.796739990234375
Logged reward of 1836.71749
8, 0.05216360092163086, 0.09323616027832031, 0.25231724548339846
Logged reward of 6322.229639
0, 0.054505348205566406, 0.048151412963867185, 0.048151412963867185
Logged reward of 15.325113
8, 0.06201958656311035, 0.16269412231445313, 0.21906716918945313
Logged reward of 624.290552
5, 0.05710577964782715, 0.13221488952636717, 0.7097640380859375
Logged reward of 2658.767141
8, 0.05678677558898926, 0.2505220489501953, 0.9213574829101563
Logged reward of 137.705965
19, 0.06206250190734863, 0.25014825439453126, 2.305099609375
Logged reward of 114.940738
8, 0.0516660213470459, 0.2181802520751953, 2.00564013671875
Logged reward of 12733.542355
22, 0.06980776786804199, 0.16634085083007813, 1.0216927490234375
Logged reward of 1697.361418
0, 0.05138850212097168, 0.14006996154785156, 0.14006996154785156
Logged reward of 172.575772
1, 0.06283330917358398, 0.34339022827148435, 5.379056640625
Logged reward of 2293.278542
8, 0.06089901924133301, 0.2938374938964844, 1.7408685302734375
Logged reward of 10816.793571
22, 0.053934335708618164, 0.16280984497070314, 1.424104736328125
Logged reward of 12.822942
8, 0.05426192283630371, 0.2686370544433594, 3.678907470703125
Logged reward of 23476.750473
8, 0.058602094650268555, 0.22709274291992188, 3.334306884765625
Logged reward of 3560.068129
2, 0.05406451225280762, 0.13886306762695313, 0.1512365264892578
Logged reward of 77.719624
8, 0.052633047103881836, 0.2758678588867188, 3.676258544921875
Logged reward of 22025.132765
5, 0.05653572082519531, 0.2493909912109375, 0.3917213134765625
Logged reward of 11807.545614
22, 0.0568537712097168, 0.32411880493164064, 1.5295911865234375
Logged reward of 10603.672471
22, 0.06714916229248047, 0.10731072235107422, 1.2527327880859376
Logged reward of 1581.771014
8, 0.08205270767211914, 0.2526029968261719, 0.8838840942382813
Logged reward of 134.653158
Old model # regressions: 0 regression amount: 0
New model # regressions: 0 regression amount: 0
New model had no regressions.
Accepted new model.
0, 0.05649065971374512, 0.3387133483886719, 0.3387133483886719
Logged reward of 128.447444
15, 0.05485796928405762, 0.23420149230957032, 0.9116552124023437
Logged reward of 20134.346061
0, 0.05366063117980957, 0.16354478454589844, 0.16354478454589844
Logged reward of 246.019952
0, 0.05384969711303711, 0.22083497619628906, 0.22083497619628906
Logged reward of 268.050552
0, 0.04991412162780762, 0.19812416076660155, 0.19812416076660155
Logged reward of 614.495025
23, 0.06769728660583496, 0.37027960205078125, 0.8919983520507813
Logged reward of 30.689869
15, 0.05634474754333496, 0.18670103454589843, 0.80161083984375
Logged reward of 35.428526
0, 0.05148649215698242, 0.19490193176269532, 0.19490193176269532
Logged reward of 15.752171
23, 0.05641579627990723, 0.19762478637695313, 0.8076405029296875
Logged reward of 381.395794
0, 0.055449724197387695, 0.3390518798828125, 0.3390518798828125
Logged reward of 87.662751
20, 0.054169654846191406, 0.22953155517578125, 0.24389385986328124
Logged reward of 1211.97902
0, 0.0510251522064209, 0.19817527770996093, 0.19817527770996093
Logged reward of 609.397171
4, 0.059903621673583984, 0.318035888671875, 0.6783381958007813
Logged reward of 88.209297
18, 0.06050705909729004, 0.493887939453125, 0.5020534362792969
Logged reward of 257.743163
0, 0.05089569091796875, 0.1393528289794922, 0.1393528289794922
Logged reward of 105.59957
4, 0.06319761276245117, 0.4087326354980469, 1.4457325439453126
Logged reward of 46.383202
15, 0.053101301193237305, 0.21840286254882812, 0.8971796875
Logged reward of 5137.408472
0, 0.05505824089050293, 0.33050103759765626, 0.33050103759765626
Logged reward of 85.33154
0, 0.050803422927856445, 0.18011245727539063, 0.18011245727539063
Logged reward of 78.368851
0, 0.054262399673461914, 0.16508232116699217, 0.16508232116699217
Logged reward of 202.706281
15, 0.05386042594909668, 0.23748423767089843, 0.9019595947265625
Logged reward of 19873.903691
0, 0.052529335021972656, 0.20609934997558593, 0.20609934997558593
Logged reward of 911.187453
23, 0.04990077018737793, 0.13698553466796876, 0.39632424926757814
Logged reward of 160.394194
0, 0.050856828689575195, 0.18011245727539063, 0.18011245727539063
Logged reward of 77.613582
0, 0.05064201354980469, 0.19476986694335938, 0.19476986694335938
Logged reward of 602.765777
Old model # regressions: 0 regression amount: 0
New model # regressions: 0 regression amount: 0
New model had no regressions.
Accepted new model.
6, 0.059729576110839844, 0.8174405517578125, 1.63974462890625
Logged reward of 577.740267
2, 0.05454659461975098, 0.4743257751464844, 2.24078955078125
Logged reward of 1283.98395
15, 0.06174039840698242, 0.2820848388671875, 0.5724590454101562
Logged reward of 428.284744
2, 0.05363917350769043, 0.311940673828125, 0.6151573486328125
Logged reward of 234.969411
2, 0.05389738082885742, 0.4148526916503906, 0.957742431640625
Logged reward of 3838.427469
2, 0.06108880043029785, 0.22138177490234376, 1.057175048828125
Logged reward of 132.486905
2, 0.053893089294433594, 0.30894027709960936, 0.6651761474609375
Logged reward of 220.04612
15, 0.06228470802307129, 0.589447265625, 5.99652685546875
Logged reward of 1052.83449
2, 0.05046534538269043, 0.5396949462890624, 0.598091796875
Logged reward of 334.078949
6, 0.059189558029174805, 0.6793055419921875, 1.5763665771484374
Logged reward of 616.123297
2, 0.05368757247924805, 1.0441400146484374, 8.6056572265625
Logged reward of 15739.904586
2, 0.05505871772766113, 0.6450184936523438, 1.0955186767578124
Logged reward of 402.973431
2, 0.05657076835632324, 0.43611459350585935, 0.70900146484375
Logged reward of 451.26586
2, 0.05528712272644043, 0.34488491821289063, 0.4574486083984375
Logged reward of 5871.767731
22, 0.0548243522644043, 0.04201390838623047, 0.21598825073242187
Logged reward of 13.351273
2, 0.056940555572509766, 0.20201397705078125, 0.26744732666015625
Logged reward of 774.268073
23, 0.06595778465270996, 0.08910448455810546, 1.0125908813476563
Logged reward of 27.684007
2, 0.04950833320617676, 0.7630361328125, 0.9087571411132812
Logged reward of 220.257692
6, 0.05834197998046875, 1.0053650512695314, 1.54275390625
Logged reward of 347.395188
2, 0.05379009246826172, 0.31187460327148436, 0.8337289428710938
Logged reward of 218.483135
2, 0.056244611740112305, 0.34938754272460937, 0.4159415283203125
Logged reward of 105.184417
2, 0.05375313758850098, 1.1066024169921875, 1.346109619140625
Logged reward of 384.646028
19, 0.0605013370513916, 0.77482080078125, 0.9724760131835938
Logged reward of 927.786237
1, 0.055136919021606445, 0.700536376953125, 1.1343807373046875
Logged reward of 2549.673308
2, 0.05087447166442871, 0.36947055053710937, 0.6114805908203125
Logged reward of 176.714486
Old model # regressions: 0 regression amount: 0
New model # regressions: 0 regression amount: 0
New model had no regressions.
Accepted new model.
23, 0.05263113975524902, 0.2289770965576172, 0.4650592956542969
Logged reward of 395.686048
0, 0.059296369552612305, 0.26688201904296877, 0.26688201904296877
Logged reward of 247.100593
19, 0.06090736389160156, 0.2086639862060547, 0.3482082824707031
Logged reward of 5868.226723
15, 0.0592803955078125, 0.13759068298339844, 0.2238232879638672
Logged reward of 127.776557
0, 0.053852081298828125, 0.2568922424316406, 0.2568922424316406
Logged reward of 221.494798
0, 0.049963951110839844, 0.84455615234375, 0.84455615234375
Logged reward of 647.07355
22, 0.0564274787902832, 0.1028837890625, 0.1856305847167969
Logged reward of 307.543246
15, 0.058344364166259766, 0.2640018310546875, 1.22356689453125
Logged reward of 245.784027
0, 0.05935263633728027, 0.15106849670410155, 0.15106849670410155
Logged reward of 73.583378
0, 0.05260300636291504, 0.3527289123535156, 0.3527289123535156
Logged reward of 987.695837
22, 0.04984641075134277, 0.07129621887207031, 0.32799810791015627
Logged reward of 697.259354
0, 0.05397772789001465, 0.25831472778320314, 0.25831472778320314
Logged reward of 208.105884
0, 0.05540037155151367, 0.24698011779785156, 0.24698011779785156
Logged reward of 198.843534
15, 0.05654168128967285, 0.13002569580078124, 0.4687740173339844
Logged reward of 37.425651
8, 0.053922176361083984, 0.1579473419189453, 0.28757794189453123
Logged reward of 1117.85279
22, 0.05109667778015137, 0.07122467803955078, 0.32715048217773435
Logged reward of 667.183104
15, 0.05688166618347168, 0.17762742614746094, 0.4366812744140625
Logged reward of 184.011038
0, 0.05076456069946289, 0.8437106323242187, 0.8437106323242187
Logged reward of 644.895875
23, 0.06761312484741211, 0.10856463623046875, 0.21040191650390624
Logged reward of 30.921138
15, 0.0556793212890625, 0.26061837768554685, 0.4966637878417969
Logged reward of 385.628841
20, 0.06194663047790527, 0.08657942199707032, 0.5712371826171875
Logged reward of 55.881657
15, 0.06045675277709961, 0.13513294982910157, 0.20534956359863282
Logged reward of 125.965479
4, 0.06310701370239258, 0.0346132698059082, 1.009191650390625
Logged reward of 45.767921
15, 0.05958247184753418, 0.13514897155761718, 0.20522673034667968
Logged reward of 122.247058
23, 0.05422258377075195, 0.2261873779296875, 0.4378687744140625
Logged reward of 376.755358
Old model # regressions: 0 regression amount: 0
New model # regressions: 0 regression amount: 0
New model had no regressions.
Accepted new model.
14, 0.051259756088256836, 0.1268451919555664, 0.4249089050292969
Logged reward of 0.639847
0, 0.053783416748046875, 0.46724407958984376, 0.46724407958984376
Logged reward of 249.373894
6, 0.05487394332885742, 0.5437896728515625, 0.6725882568359375
Logged reward of 358.105625
9, 0.05078625679016113, 0.05686124420166016, 0.17980415344238282
Logged reward of 270.230547
6, 0.0507960319519043, 0.31126736450195314, 0.9793245239257813
Logged reward of 188.970227
0, 0.04989051818847656, 0.18299859619140624, 0.18299859619140624
Logged reward of 75.664171
22, 0.05510401725769043, 0.026677652359008788, 0.11394841766357422
Logged reward of 11.833776
9, 0.05107879638671875, 0.05686019134521485, 0.17980511474609376
Logged reward of 269.689158
19, 0.053891658782958984, 0.2702213439941406, 0.536767333984375
Logged reward of 1172.225855
15, 0.05487632751464844, 0.1302873077392578, 0.16543231201171876
Logged reward of 1.422009
18, 0.0568392276763916, 0.36474365234375, 0.8329495849609375
Logged reward of 1449.010038
19, 0.05408310890197754, 0.22864462280273437, 0.2888175048828125
Logged reward of 217.381329
20, 0.06334590911865234, 0.055697399139404295, 0.5956755981445313
Logged reward of 54.888178
20, 0.0621335506439209, 0.055697479248046876, 0.5956755981445313
Logged reward of 55.059886
0, 0.05387735366821289, 0.15211903381347655, 0.15211903381347655
Logged reward of 330.651211
23, 0.060576677322387695, 0.15087648010253907, 0.21311419677734375
Logged reward of 34.739766
4, 0.06105923652648926, 0.05532110214233398, 1.3760185546875
Logged reward of 87.633418
0, 0.054003000259399414, 0.23038868713378907, 0.23038868713378907
Logged reward of 215.640778
9, 0.051126956939697266, 0.05682949447631836, 0.1751310577392578
Logged reward of 268.867546
6, 0.059103965759277344, 0.29910501098632813, 0.8815491333007812
Logged reward of 347.117108
21, 0.05494403839111328, 0.90584228515625, 16.56321875
Logged reward of 8487.715198
15, 0.059281349182128906, 0.1932256317138672, 0.24995144653320311
Logged reward of 144.892697
0, 0.05123615264892578, 0.04063238525390625, 0.04063238525390625
Logged reward of 15.490476
24, 0.05379223823547363, 1.0100619506835937, 20.929810546875
Logged reward of 7922.263997
0, 0.05096244812011719, 0.16886759948730468, 0.16886759948730468
Logged reward of 86.280109
Old model # regressions: 0 regression amount: 0
New model # regressions: 0 regression amount: 0
New model had no regressions.
Accepted new model.
6, 0.05494332313537598, 0.4673986206054688, 0.5238082885742188
Logged reward of 2327.99502
0, 0.05092334747314453, 0.6598267211914063, 0.6598267211914063
Logged reward of 663.816102
15, 0.05810213088989258, 0.13570675659179687, 0.9882371215820313
Logged reward of 342.878541
6, 0.06038236618041992, 0.07199559020996094, 0.30772354125976564
Logged reward of 2325.134952
15, 0.05647158622741699, 0.08173875427246094, 0.13383761596679689
Logged reward of 1342.244546
15, 0.05420207977294922, 1.1704422607421876, 3.94411865234375
Logged reward of 10811.214461
6, 0.05814862251281738, 0.2415009002685547, 1.1169990234375
Logged reward of 2124.986007
4, 0.06339430809020996, 0.19394332885742188, 0.51119921875
Logged reward of 1263.503533
15, 0.0538177490234375, 1.099173828125, 2.186548828125
Logged reward of 5193.448169
15, 0.05370044708251953, 1.1679117431640624, 3.93651123046875
Logged reward of 10628.666676
14, 0.05395627021789551, 0.12376985931396485, 0.2056931610107422
Logged reward of 479.18393
23, 0.06727027893066406, 0.07585022735595703, 0.3071245422363281
Logged reward of 28.115851
15, 0.05262875556945801, 1.09850146484375, 2.18607421875
Logged reward of 5087.397083
0, 0.050730228424072266, 0.35703836059570315, 0.35703836059570315
Logged reward of 252.155778
15, 0.05070209503173828, 0.213343505859375, 0.26172024536132815
Logged reward of 177.409535
14, 0.053812503814697266, 0.12584327697753905, 0.2076400451660156
Logged reward of 412.137168
15, 0.05346560478210449, 1.0999893798828124, 2.189070556640625
Logged reward of 5053.897001
20, 0.06064200401306152, 0.3083984985351563, 0.40517108154296877
Logged reward of 1819.447812
15, 0.053513288497924805, 1.1680211181640625, 3.9367626953125
Logged reward of 10650.453249
22, 0.05399632453918457, 0.168757080078125, 0.31791555786132814
Logged reward of 1966.092578
0, 0.05488443374633789, 0.18406480407714843, 0.18406480407714843
Logged reward of 270.403694
9, 0.059293508529663086, 0.04008845138549805, 0.3740833740234375
Logged reward of 22.238125
23, 0.06052970886230469, 0.12339044189453124, 0.4935918884277344
Logged reward of 35.235422
4, 0.06291341781616211, 0.033967418670654295, 0.11572752380371094
Logged reward of 46.849553
0, 0.049262046813964844, 0.28166455078125, 0.28166455078125
Logged reward of 136.122413
Old model # regressions: 0 regression amount: 0
New model # regressions: 0 regression amount: 0
New model had no regressions.
Accepted new model.
6, 0.05384016036987305, 0.36393011474609377, 2.001245361328125
Logged reward of 288.842192
0, 0.05601191520690918, 0.11553304290771485, 0.11553304290771485
Logged reward of 1317.843934
15, 0.05920696258544922, 0.2454681396484375, 0.8572391357421875
Logged reward of 257.943396
0, 0.05945396423339844, 0.1513746032714844, 0.1513746032714844
Logged reward of 308.956029
15, 0.060663461685180664, 0.15759970092773437, 0.2563067932128906
Logged reward of 430.526392
0, 0.05099225044250488, 0.06397645568847657, 0.06397645568847657
Logged reward of 16.052298
20, 0.06045794486999512, 0.387690673828125, 0.4778839111328125
Logged reward of 1822.941471
0, 0.05469012260437012, 0.19377403259277343, 0.19377403259277343
Logged reward of 403.969277
0, 0.05686044692993164, 0.11446540069580079, 0.11446540069580079
Logged reward of 1258.808263
0, 0.05890059471130371, 0.15092288208007812, 0.15092288208007812
Logged reward of 500.321716
15, 0.058008670806884766, 0.5713455200195312, 1.0079506225585937
Logged reward of 2186.780133
0, 0.05091071128845215, 0.09197476959228515, 0.09197476959228515
Logged reward of 178.772094
15, 0.05261588096618652, 0.15211918640136718, 0.16309893798828126
Logged reward of 499.990747
6, 0.05380415916442871, 0.36444448852539063, 2.006126220703125
Logged reward of 287.409921
0, 0.0581202507019043, 0.2878261108398438, 0.2878261108398438
Logged reward of 71.814478
0, 0.05810046195983887, 0.15200015258789062, 0.15200015258789062
Logged reward of 299.496616
15, 0.05677437782287598, 0.17790156555175782, 0.8745282592773438
Logged reward of 7843.624397
15, 0.053529977798461914, 0.15032281494140626, 0.16218170166015625
Logged reward of 456.522715
6, 0.05495929718017578, 0.2382569580078125, 0.34416049194335935
Logged reward of 892.50723
0, 0.059052467346191406, 0.286555419921875, 0.286555419921875
Logged reward of 71.439698
0, 0.050978660583496094, 0.09200105285644532, 0.09200105285644532
Logged reward of 179.060213
4, 0.0609288215637207, 0.07059185028076172, 0.2747952880859375
Logged reward of 93.382511
22, 0.05494427680969238, 0.043307109832763674, 0.09650200653076171
Logged reward of 12.766141
0, 0.05546212196350098, 0.2748091125488281, 0.2748091125488281
Logged reward of 1008.92199
0, 0.04985833168029785, 0.05702848434448242, 0.05702848434448242
Logged reward of 100.069365
Old model # regressions: 0 regression amount: 0
New model # regressions: 0 regression amount: 0
New model had no regressions.
Accepted new model.
0, 0.05336284637451172, 0.09798867797851563, 0.09798867797851563
Logged reward of 199.307657
6, 0.053528785705566406, 0.22382960510253908, 0.49054388427734374
Logged reward of 268.083171
2, 0.05051755905151367, 0.20478419494628905, 0.2448169403076172
Logged reward of 175.229645
15, 0.054863929748535156, 0.24473316955566407, 0.4132322082519531
Logged reward of 409.41957
14, 0.055138349533081055, 0.4135906677246094, 0.7739116821289063
Logged reward of 1566.556414
6, 0.05247020721435547, 0.8729329223632812, 3.819142822265625
Logged reward of 11185.521763
0, 0.057822465896606445, 0.15854981994628906, 0.15854981994628906
Logged reward of 502.845032
22, 0.05360126495361328, 0.030101783752441408, 0.0711484375
Logged reward of 11.61876
0, 0.05620861053466797, 0.08064896392822266, 0.08064896392822266
Logged reward of 91.463414
0, 0.053879737854003906, 0.3931501159667969, 0.3931501159667969
Logged reward of 1035.336968
15, 0.05365610122680664, 0.2030032196044922, 0.21628883361816406
Logged reward of 247.758982
14, 0.061798810958862305, 0.03709588241577148, 3.772001953125
Logged reward of 45.476544
15, 0.05931663513183594, 0.12487603759765625, 0.21021311950683594
Logged reward of 441.157868
0, 0.059191226959228516, 0.16926219177246093, 0.16926219177246093
Logged reward of 298.222836
0, 0.05365562438964844, 0.10007230377197265, 0.10007230377197265
Logged reward of 198.789559
0, 0.05383944511413574, 0.4592872619628906, 0.4592872619628906
Logged reward of 1001.057464
4, 0.060434818267822266, 0.05238581085205078, 0.4816499938964844
Logged reward of 90.646848
0, 0.0577702522277832, 0.14351956176757813, 0.14351956176757813
Logged reward of 243.086278
23, 0.05539512634277344, 0.29599746704101565, 0.7559160766601563
Logged reward of 354.378381
15, 0.056525230407714844, 0.08585545349121093, 0.2095970458984375
Logged reward of 181.413287
0, 0.05351686477661133, 0.10053003692626954, 0.10053003692626954
Logged reward of 199.217853
20, 0.06316733360290527, 0.21935960388183592, 1.2998931884765625
Logged reward of 444.476036
15, 0.06054210662841797, 0.07724837493896484, 0.14027420043945313
Logged reward of 132.131132
0, 0.05153489112854004, 0.03545999908447266, 0.03545999908447266
Logged reward of 162.479812
22, 0.05494499206542969, 0.03219584274291992, 0.07409727478027343
Logged reward of 12.50635
Old model # regressions: 0 regression amount: 0
New model # regressions: 0 regression amount: 0
New model had no regressions.
Accepted new model.
15, 0.06327128410339355, 0.13187179565429688, 0.3603258056640625
Logged reward of 962.325476
2, 0.056450843811035156, 0.3672603454589844, 0.37545587158203125
Logged reward of 423.955802
0, 0.05081629753112793, 0.1653104705810547, 0.1653104705810547
Logged reward of 175.287902
19, 0.05599188804626465, 0.33175531005859377, 0.4857140808105469
Logged reward of 665.48654
0, 0.05366683006286621, 0.22497027587890625, 0.22497027587890625
Logged reward of 198.968098
15, 0.05451512336730957, 0.05678723907470703, 0.21290966796875
Logged reward of 1.43656
1, 0.05377912521362305, 0.9709157104492188, 2.3303212890625
Logged reward of 2861.773489
15, 0.06304025650024414, 0.1130844497680664, 0.23434217834472656
Logged reward of 3567.819153
15, 0.059404611587524414, 0.3692806396484375, 0.38417202758789065
Logged reward of 2993.907751
1, 0.053766727447509766, 0.805692138671875, 1.56550634765625
Logged reward of 3236.831337
0, 0.056946516036987305, 0.1327008819580078, 0.1327008819580078
Logged reward of 627.632969
6, 0.051139116287231445, 0.74417626953125, 0.876669189453125
Logged reward of 82.86893
20, 0.05373978614807129, 0.32128659057617187, 0.5394279174804687
Logged reward of 460.275227
15, 0.06314611434936523, 0.11808546447753906, 0.23875489807128905
Logged reward of 3496.778698
23, 0.06710004806518555, 0.049773685455322264, 0.17365885925292968
Logged reward of 30.573762
0, 0.058121681213378906, 0.2750400085449219, 0.2750400085449219
Logged reward of 303.641679
15, 0.06212568283081055, 0.13402911376953125, 0.36143032836914063
Logged reward of 960.859588
14, 0.06048440933227539, 0.15924967956542968, 0.5698241577148437
Logged reward of 1001.012799
8, 0.054660797119140625, 0.28386468505859375, 0.5262349243164063
Logged reward of 1134.88519
22, 0.05377674102783203, 0.9933129272460938, 4.25789013671875
22, 0.05490922927856445, 1.1222607421875, 4.33425830078125
22, 0.0537111759185791, 1.1314921875, 4.34351318359375
22, 0.05375528335571289, 1.1311240234375, 4.3421416015625
22, 0.0546259880065918, 1.131382080078125, 4.34299072265625
22, 0.05372190475463867, 1.1313880615234375, 4.34300732421875
22, 0.05505228042602539, 1.1313885498046874, 4.34300732421875
22, 0.05343937873840332, 1.1313114013671874, 4.3428173828125
22, 0.054741621017456055, 1.1313330078125, 4.3428212890625
22, 0.055165767669677734, 1.1313048095703124, 4.34272607421875
22, 0.055295705795288086, 1.1313243408203124, 4.34280419921875
22, 0.05459475517272949, 1.1313836669921875, 4.3429951171875
22, 0.05399346351623535, 1.1313680419921874, 4.34293701171875
22, 0.054334402084350586, 1.1313372802734376, 4.342837890625
22, 0.05355024337768555, 1.131328125, 4.3427958984375
22, 0.05456852912902832, 1.1313583984375, 4.34290380859375
22, 0.053455352783203125, 1.1312984619140625, 4.3427177734375
22, 0.05348014831542969, 1.1313841552734376, 4.3429951171875
22, 0.05357813835144043, 1.131103515625, 4.34237353515625
22, 0.05457592010498047, 1.1313782958984375, 4.34297412109375
22, 0.054540157318115234, 1.131274658203125, 4.34262646484375
22, 0.05444502830505371, 1.1313404541015626, 4.342845703125
22, 0.05465555191040039, 1.1313048095703124, 4.34272998046875
22, 0.054596662521362305, 1.1313841552734376, 4.3429951171875
22, 0.05504560470581055, 1.1312158203125, 4.3425888671875
22, 0.054897308349609375, 1.1313880615234375, 4.34300732421875
22, 0.05479741096496582, 1.1313076171875, 4.34272998046875
22, 0.05477595329284668, 1.13128662109375, 4.34266748046875
22, 0.053464412689208984, 1.1313345947265625, 4.342841796875
22, 0.053437232971191406, 1.1312254638671875, 4.342671875
22, 0.05498814582824707, 1.1312012939453124, 4.34253515625
22, 0.05430293083190918, 1.1313653564453126, 4.3429287109375
22, 0.05346226692199707, 1.1313314208984375, 4.34280859375
22, 0.05462050437927246, 1.1312325439453126, 4.34247705078125
22, 0.05336332321166992, 1.1313033447265626, 4.34276318359375
22, 0.05363345146179199, 1.1311741943359375, 4.3425185546875
22, 0.05486321449279785, 1.1312406005859375, 4.342671875
22, 0.053508758544921875, 1.131349609375, 4.34287890625
22, 0.053527116775512695, 1.1313297119140624, 4.34280859375
22, 0.054605960845947266, 1.1313621826171876, 4.3429248046875
22, 0.05344557762145996, 1.131275146484375, 4.34270068359375
22, 0.05441164970397949, 1.1311268310546876, 4.3424482421875
22, 0.05378365516662598, 1.1312357177734376, 4.34265966796875
22, 0.053733110427856445, 1.13135888671875, 4.34290771484375
22, 0.054631710052490234, 1.1312833251953125, 4.3426552734375
22, 0.05361580848693848, 1.1313680419921874, 4.34293701171875
22, 0.053597450256347656, 1.131275146484375, 4.34270068359375
22, 0.05470991134643555, 1.1311763916015625, 4.34252734375
22, 0.05497097969055176, 1.131228759765625, 4.342630859375
22, 0.05347013473510742, 1.1313880615234375, 4.34300732421875
22, 0.0546259880065918, 1.1313616943359375, 4.34291650390625
22, 0.054984092712402344, 1.1313675537109376, 4.34293310546875
6, 0.053785085678100586, 0.06962881469726563, 0.32565521240234374
Logged reward of 38150.580715
0, 0.05875396728515625, 0.25669528198242186, 0.25669528198242186
Logged reward of 392.726996
Listening on localhost port 9381
Spawning server process...
Loading existing model
Old model # regressions: 0 regression amount: 0
New model # regressions: 0 regression amount: 0
New model had no regressions.
Accepted new model.
Logged reward of 8179.586287
Logged reward of 8555.09099
Logged reward of 5704.786236
Logged reward of 70879.786558
Logged reward of 14.117439
Logged reward of 13396.79181
Logged reward of 32.745706
Logged reward of 79.850154
Logged reward of 760.968657
Logged reward of 191.34929
Logged reward of 11780.958096
Logged reward of 277.051787
Logged reward of 187.783389
Logged reward of 24905.073169
Logged reward of 525.3902
Logged reward of 841.550653
Logged reward of 11641.979607
Logged reward of 5156.503853
Logged reward of 256.753434
Logged reward of 385.457015
Logged reward of 126.812614
Logged reward of 1158.393299
Logged reward of 14865.276968
Logged reward of 685.833198
Logged reward of 234.82835
Old model # regressions: 0 regression amount: 0
New model # regressions: 0 regression amount: 0
New model had no regressions.
Accepted new model.
6, 0.06508111953735352, 3.93431103515625, 5.62534228515625
Logged reward of 2305.096894
14, 0.05792975425720215, 0.25199543762207033, 1.5245140380859374
Logged reward of 3443.869516
14, 0.056716203689575195, 0.25816131591796876, 1.572947998046875
Logged reward of 3157.467041
0, 0.05240964889526367, 0.21308457946777343, 0.21308457946777343
Logged reward of 121.551137
0, 0.06563544273376465, 0.685932861328125, 0.685932861328125
Logged reward of 730.983299
6, 0.051480770111083984, 0.17615632629394531, 0.3267146911621094
Logged reward of 180.986632
0, 0.05593991279602051, 0.06962399291992187, 0.06962399291992187
Logged reward of 12.793926
18, 0.06262445449829102, 0.44557305908203126, 0.6805504150390626
Logged reward of 215.88004
0, 0.056537628173828125, 0.7666097412109375, 0.7666097412109375
Logged reward of 586.180903
0, 0.05681657791137695, 0.31580108642578125, 0.31580108642578125
Logged reward of 125.353632
4, 0.06129860877990723, 0.2285662384033203, 7.4465322265625
Logged reward of 92.253898
6, 0.05143547058105469, 0.6864991455078125, 5.43130908203125
Logged reward of 190.043288
23, 0.06973552703857422, 0.15081781005859374, 0.65446435546875
Logged reward of 48.126412
15, 0.05161762237548828, 0.33206375122070314, 0.4730241394042969
Logged reward of 158.847733
6, 0.0635690689086914, 1.20508837890625, 7.68534619140625
Logged reward of 5143.923313
14, 0.06421256065368652, 2.474565673828125, 2.724194580078125
Logged reward of 1262.197227
22, 0.05584311485290527, 0.0313150634765625, 0.39257992553710935
Logged reward of 15.363669
9, 0.05572843551635742, 2.491802001953125, 4.113388671875
Logged reward of 7254.060812
15, 0.05849647521972656, 0.3198975830078125, 0.5562987670898437
Logged reward of 189.801848
15, 0.055866241455078125, 0.013666985511779785, 0.2598367614746094
Logged reward of 1.335729
9, 0.05386781692504883, 2.531373291015625, 4.178794921875
Logged reward of 5993.128492
14, 0.05669450759887695, 0.2526988983154297, 1.5819581298828125
Logged reward of 3188.219345
14, 0.05855560302734375, 1.0233165283203125, 5.2626435546875
Logged reward of 8899.866415
23, 0.06798696517944336, 0.08265187835693359, 0.7321959228515625
Logged reward of 26.572727
0, 0.08441424369812012, 0.423640869140625, 0.423640869140625
Logged reward of 107.347645
Old model # regressions: 0 regression amount: 0
New model # regressions: 0 regression amount: 0
New model had no regressions.
Accepted new model.
0, 0.05906200408935547, 0.11724446105957032, 0.11724446105957032
Logged reward of 106.696318
8, 0.05543112754821777, 3.600421875, 13.9581572265625
Logged reward of 46419.540341
15, 0.05442476272583008, 0.2251436004638672, 0.2572803649902344
Logged reward of 354.685224
6, 0.055676937103271484, 0.3178060913085938, 0.33238519287109375
Logged reward of 523.923832
6, 0.05153298377990723, 0.407513916015625, 0.859472412109375
Logged reward of 599.483384
23, 0.06841635704040527, 0.035928230285644534, 1.5645601806640625
Logged reward of 29.548687
15, 0.05709433555603027, 0.059819534301757814, 0.6673983154296875
Logged reward of 31.090041
0, 0.05278825759887695, 0.04383016586303711, 0.04383016586303711
Logged reward of 13.070572
23, 0.05697917938232422, 0.3443084716796875, 1.028699951171875
Logged reward of 374.950743
0, 0.05762505531311035, 0.11927871704101563, 0.11927871704101563
Logged reward of 88.690012
2, 0.05929732322692871, 0.6480771484375, 0.8030097045898438
Logged reward of 409.184431
6, 0.052030086517333984, 0.40374734497070314, 0.8701431884765625
Logged reward of 593.569868
19, 0.06196856498718262, 0.08646385955810547, 0.7523143310546875
Logged reward of 113.467009
9, 0.06444644927978516, 0.37671636962890626, 0.4757568054199219
Logged reward of 225.316655
0, 0.051175594329833984, 0.12083900451660157, 0.12083900451660157
Logged reward of 104.001616
14, 0.06389737129211426, 0.03918008422851563, 78.166796875
Logged reward of 43.675871
6, 0.05460524559020996, 0.8577979736328125, 5.7102939453125
Logged reward of 6001.896688
0, 0.05871295928955078, 0.1553230438232422, 0.1553230438232422
Logged reward of 87.700561
15, 0.05348634719848633, 0.058346015930175785, 0.15246420288085938
Logged reward of 10.479423
15, 0.05632591247558594, 0.23579800415039062, 0.2689337158203125
Logged reward of 226.985741
8, 0.05531883239746094, 3.490130615234375, 9.58097265625
Logged reward of 45730.369169
2, 0.05428028106689453, 0.30777639770507814, 0.5672279052734375
Logged reward of 1227.681709
6, 0.0517125129699707, 0.055136634826660154, 0.20762126159667968
Logged reward of 301.047046
15, 0.05155444145202637, 0.0583466911315918, 0.15246485900878906
Logged reward of 10.875822
6, 0.05118870735168457, 0.3193804931640625, 0.6944635009765625
Logged reward of 589.906558
Old model # regressions: 0 regression amount: 0
New model # regressions: 0 regression amount: 0
New model had no regressions.
Accepted new model.
0, 0.05948066711425781, 0.6178206176757812, 0.6178206176757812
Logged reward of 515.14216
8, 0.054911136627197266, 0.8711719360351563, 1.6908712158203125
Logged reward of 2960.467706
15, 0.06108736991882324, 0.25547787475585937, 0.3916012878417969
Logged reward of 438.884353
15, 0.053075313568115234, 0.24788113403320314, 0.3074095458984375
Logged reward of 255.294641
20, 0.05352926254272461, 0.3092639465332031, 1.2499381103515625
Logged reward of 1611.607886
9, 0.06057596206665039, 0.08047686004638673, 2.0271436767578126
Logged reward of 21.552878
15, 0.05342555046081543, 0.25029930114746096, 0.30134933471679687
Logged reward of 225.908307
20, 0.06321001052856445, 0.7367234497070313, 4.66941943359375
Logged reward of 491.826413
0, 0.05069446563720703, 0.141080078125, 0.141080078125
Logged reward of 255.942435
0, 0.05911564826965332, 0.6216967163085938, 0.6216967163085938
Logged reward of 482.085901
1, 0.053353071212768555, 3.49268212890625, 8.381865234375
Logged reward of 3048.363196
0, 0.05478835105895996, 0.882826416015625, 0.882826416015625
Logged reward of 1154.192568
0, 0.05634617805480957, 0.3485780029296875, 0.3485780029296875
Logged reward of 185.344533
15, 0.05664992332458496, 0.10576732635498047, 1.997403564453125
Logged reward of 3552.924356
22, 0.05501890182495117, 0.04348172760009766, 0.15169775390625
Logged reward of 12.773334
6, 0.05624651908874512, 0.3831697998046875, 0.4889669189453125
Logged reward of 1356.89092
23, 0.06710505485534668, 0.11827391052246093, 0.38038140869140624
Logged reward of 26.095987
0, 0.04954028129577637, 0.2571387939453125, 0.2571387939453125
Logged reward of 237.928729
0, 0.062300682067871094, 0.6178043823242187, 0.6178043823242187
Logged reward of 288.423367
14, 0.05742025375366211, 0.42337750244140626, 0.7273523559570313
Logged reward of 489.495898
0, 0.05560922622680664, 0.14802159118652344, 0.14802159118652344
Logged reward of 89.371102
0, 0.05457758903503418, 0.87549072265625, 0.87549072265625
Logged reward of 1053.698986
9, 0.062384843826293945, 0.7782551879882813, 1.92576123046875
Logged reward of 661.640813
0, 0.05440044403076172, 0.6467232666015625, 0.6467232666015625
Logged reward of 425.682063
15, 0.05109739303588867, 0.39483673095703126, 0.44505230712890625
Logged reward of 164.874119
Old model # regressions: 0 regression amount: 0
New model # regressions: 0 regression amount: 0
New model had no regressions.
Accepted new model.
2, 0.053710222244262695, 0.3823726806640625, 0.5509099731445313
Logged reward of 507.860804
0, 0.059190988540649414, 0.2944657287597656, 0.2944657287597656
Logged reward of 225.809327
2, 0.06414175033569336, 1.2305328369140625, 3.5950849609375
Logged reward of 1569.203981
15, 0.06044435501098633, 0.18904058837890625, 0.4758461608886719
Logged reward of 126.535727
0, 0.0531764030456543, 0.2573333435058594, 0.2573333435058594
Logged reward of 231.100052
1, 0.053375244140625, 0.8541622924804687, 2.343869384765625
Logged reward of 631.528242
22, 0.05665421485900879, 0.2109398956298828, 0.5163861083984375
Logged reward of 321.661983
15, 0.05934643745422363, 0.37645022583007814, 3.889572509765625
Logged reward of 286.416729
0, 0.059036970138549805, 0.16758192443847655, 0.16758192443847655
Logged reward of 73.967259
15, 0.05348706245422363, 0.43995611572265625, 0.7985397338867187
Logged reward of 1068.311925
20, 0.0503544807434082, 0.09023956298828124, 0.34406289672851564
Logged reward of 155.897457
0, 0.05526423454284668, 0.25800839233398437, 0.25800839233398437
Logged reward of 210.903648
0, 0.05619478225708008, 0.3041278076171875, 0.3041278076171875
Logged reward of 183.100215
15, 0.05635428428649902, 0.07408521270751953, 0.36132632446289065
Logged reward of 29.022397
0, 0.054609060287475586, 0.968924072265625, 0.968924072265625
Logged reward of 1006.641209
20, 0.05048871040344238, 0.09022482299804688, 0.3445899658203125
Logged reward of 157.017928
15, 0.05759239196777344, 0.31761114501953125, 0.41630972290039064
Logged reward of 191.426068
1, 0.05336475372314453, 0.85484521484375, 2.3397001953125
Logged reward of 624.090588
23, 0.067047119140625, 0.0617757453918457, 1.066729248046875
Logged reward of 28.686707
15, 0.05612826347351074, 0.43133984375, 0.9632805786132812
Logged reward of 399.7213
20, 0.06244850158691406, 0.08343171691894531, 1.1127188720703125
Logged reward of 53.751618
15, 0.06322503089904785, 0.18793716430664062, 0.5008325500488281
Logged reward of 128.265194
4, 0.06354880332946777, 0.05105282211303711, 13.1660732421875
Logged reward of 44.171916
15, 0.05995512008666992, 0.18793716430664062, 0.5008325500488281
Logged reward of 125.391572
2, 0.05363011360168457, 0.38801239013671873, 0.55530419921875
Logged reward of 471.050388
Old model # regressions: 0 regression amount: 0
New model # regressions: 0 regression amount: 0
New model had no regressions.
Accepted new model.
14, 0.05106091499328613, 0.014225383758544922, 0.9304241943359375
Logged reward of 0.643632
0, 0.05362749099731445, 0.8018267822265625, 0.8018267822265625
Logged reward of 203.892553
0, 0.05458831787109375, 0.4130400695800781, 0.4130400695800781
Logged reward of 287.668135
15, 0.05106520652770996, 0.13935423278808592, 0.18771766662597655
Logged reward of 155.903036
6, 0.05068349838256836, 0.30323171997070314, 0.38669442749023436
Logged reward of 192.924402
15, 0.05054187774658203, 0.04061209869384766, 0.3796688232421875
Logged reward of 10.51626
22, 0.05744218826293945, 0.033837753295898436, 0.13952513122558594
Logged reward of 12.016557
15, 0.05056881904602051, 0.1393541717529297, 0.18771774291992188
Logged reward of 156.223982
2, 0.0536649227142334, 1.3620240478515624, 1.3622738037109374
Logged reward of 1113.66318
15, 0.05762124061584473, 0.005579797267913819, 0.16006707763671876
Logged reward of 1.431435
0, 0.05627131462097168, 0.7346389770507813, 0.7346389770507813
Logged reward of 1724.13425
2, 0.05674004554748535, 0.49722674560546876, 0.582733154296875
Logged reward of 216.568439
20, 0.06348919868469238, 0.08814841461181641, 0.7643298950195313
Logged reward of 52.891556
20, 0.06299591064453125, 0.08814841461181641, 0.7643298950195313
Logged reward of 53.0978
0, 0.055062055587768555, 0.5728767700195313, 0.5728767700195313
Logged reward of 345.027892
15, 0.06065964698791504, 0.059849536895751954, 0.19951959228515626
Logged reward of 78.426235
4, 0.06029796600341797, 0.14122541809082031, 3.454634521484375
Logged reward of 90.097492
0, 0.053406715393066406, 0.2967762756347656, 0.2967762756347656
Logged reward of 214.232418
15, 0.05057930946350098, 0.14954696655273436, 0.18512614440917968
Logged reward of 156.380908
6, 0.060919761657714844, 0.7943247680664063, 0.865484619140625
Logged reward of 331.902554
1, 0.05450606346130371, 1.78775390625, 21.775390625
Logged reward of 4788.207922
15, 0.06053733825683594, 0.3673797302246094, 0.4985277404785156
Logged reward of 126.334799
0, 0.05215930938720703, 0.09129068756103516, 0.09129068756103516
Logged reward of 12.65939
1, 0.05449271202087402, 1.9780233154296876, 18.0812265625
Logged reward of 4739.342073
15, 0.051177024841308594, 0.04061209869384766, 0.3796688232421875
Logged reward of 10.62676
Old model # regressions: 0 regression amount: 0
New model # regressions: 0 regression amount: 0
New model had no regressions.
Accepted new model.
2, 0.05743694305419922, 0.6842212524414063, 1.2006617431640625
Logged reward of 411.112697
1, 0.05089712142944336, 0.511466796875, 0.9475347290039062
Logged reward of 619.46459
20, 0.05962634086608887, 0.30179690551757815, 4.56428466796875
Logged reward of 266.984085
9, 0.06340646743774414, 0.7330712280273437, 1.290700439453125
Logged reward of 655.794645
22, 0.05594205856323242, 0.36098092651367186, 0.6168488159179687
Logged reward of 321.869665
1, 0.053980350494384766, 2.02168994140625, 10.6556875
Logged reward of 3051.090887
1, 0.057301998138427734, 1.3595008544921876, 4.7362138671875
Logged reward of 2649.860274
20, 0.06636309623718262, 0.48060763549804686, 5.77852099609375
Logged reward of 466.515957
1, 0.056868553161621094, 2.011813720703125, 4.532158203125
Logged reward of 3748.800739
1, 0.05398678779602051, 2.02092138671875, 10.654224609375
Logged reward of 3020.863961
2, 0.05459475517272949, 0.3521824951171875, 0.3680304260253906
Logged reward of 221.63073
23, 0.06704854965209961, 0.03800057220458984, 0.7058194580078125
Logged reward of 25.612338
1, 0.05669450759887695, 2.01195947265625, 4.532158203125
Logged reward of 3399.876777
0, 0.05057382583618164, 0.2804021606445313, 0.2804021606445313
Logged reward of 248.443985
0, 0.052802085876464844, 0.28400341796875, 0.28400341796875
Logged reward of 164.520048
2, 0.05463838577270508, 0.35412112426757814, 0.368734619140625
Logged reward of 210.212976
1, 0.05672621726989746, 2.0120362548828123, 4.53217138671875
Logged reward of 3740.086769
6, 0.06566834449768066, 1.4355517578125, 3.386006591796875
Logged reward of 1676.085384
1, 0.05353736877441406, 2.025798095703125, 10.663375
Logged reward of 3028.133861
0, 0.05468320846557617, 0.38512127685546876, 0.38512127685546876
Logged reward of 346.743358
0, 0.055005788803100586, 0.3971027526855469, 0.3971027526855469
Logged reward of 296.176425
9, 0.06089377403259277, 0.03194187164306641, 1.7159080810546874
Logged reward of 21.416985
23, 0.06010746955871582, 0.051060531616210936, 0.3349294738769531
Logged reward of 28.035345
14, 0.06261110305786133, 0.06218983459472656, 3.584913818359375
Logged reward of 42.148694
6, 0.049246788024902344, 0.22295735168457032, 0.3064501647949219
Logged reward of 180.297583
Old model # regressions: 0 regression amount: 0
New model # regressions: 0 regression amount: 0
New model had no regressions.
Accepted new model.
6, 0.05703330039978027, 0.4535545654296875, 1.755233642578125
Logged reward of 279.139348
0, 0.05620312690734863, 0.838671875, 0.838671875
Logged reward of 1344.52559
15, 0.05891227722167969, 0.2871637573242187, 0.9366270751953125
Logged reward of 261.670813
2, 0.06223893165588379, 0.30937197875976563, 0.3618694152832031
Logged reward of 466.98376
23, 0.0604856014251709, 0.24895816040039062, 0.39612005615234375
Logged reward of 419.474354
0, 0.055269718170166016, 0.07217807006835937, 0.07217807006835937
Logged reward of 12.341576
18, 0.0607149600982666, 1.0013775634765625, 1.253125732421875
Logged reward of 1642.624436
0, 0.05812478065490723, 0.44370819091796876, 0.44370819091796876
Logged reward of 429.393767
0, 0.05614805221557617, 0.8275802001953125, 0.8275802001953125
Logged reward of 1288.291964
2, 0.0622258186340332, 0.3160660095214844, 0.35880560302734377
Logged reward of 681.635491
9, 0.05760622024536133, 1.5729749755859375, 3.05460107421875
Logged reward of 2740.994905
0, 0.051013946533203125, 0.2468246612548828, 0.2468246612548828
Logged reward of 162.86791
15, 0.05373430252075195, 0.43222393798828124, 0.7147442016601563
Logged reward of 530.068532
6, 0.054724931716918945, 0.44560052490234375, 1.749671630859375
Logged reward of 271.055865
0, 0.05904364585876465, 0.12546484375, 0.12546484375
Logged reward of 70.697519
2, 0.059519290924072266, 0.312773681640625, 0.356172607421875
Logged reward of 468.278025
0, 0.0576930046081543, 2.6919609375, 2.6919609375
Logged reward of 2803.863675
15, 0.05348348617553711, 0.4290745544433594, 0.7031004638671875
Logged reward of 472.880001
2, 0.054412841796875, 0.919544189453125, 1.33036083984375
Logged reward of 1473.35086
0, 0.06264543533325195, 0.12362470245361327, 0.12362470245361327
Logged reward of 70.652112
15, 0.05127096176147461, 0.24673605346679686, 0.24723126220703126
Logged reward of 164.484871
4, 0.06014537811279297, 0.0920025634765625, 0.6374053344726562
Logged reward of 92.94672
22, 0.05749678611755371, 0.024341238021850585, 0.13202084350585938
Logged reward of 12.221665
2, 0.05477094650268555, 0.5222158203125, 0.875527099609375
Logged reward of 429.835508
15, 0.05365800857543945, 0.07203793334960938, 0.1371597442626953
Logged reward of 109.793045
Old model # regressions: 0 regression amount: 0
New model # regressions: 0 regression amount: 0
New model had no regressions.
Accepted new model.
6, 0.05323195457458496, 0.3199472961425781, 0.3366676330566406
Logged reward of 295.204678
0, 0.054833412170410156, 0.4122174072265625, 0.4122174072265625
Logged reward of 314.512937
15, 0.050798654556274414, 0.28940875244140624, 0.3778437194824219
Logged reward of 165.301772
15, 0.058828115463256836, 0.4767148132324219, 0.7036001586914062
Logged reward of 394.775065
2, 0.059496164321899414, 0.6996163940429687, 1.50802587890625
Logged reward of 3947.558158
1, 0.05620288848876953, 2.521182861328125, 7.64693603515625
Logged reward of 3076.54188
2, 0.05846118927001953, 0.5331095581054688, 0.7969766235351563
Logged reward of 684.634881
22, 0.05488729476928711, 0.028493772506713866, 0.1995498046875
Logged reward of 12.959213
2, 0.056099891662597656, 0.205577880859375, 0.26282308959960937
Logged reward of 110.904286
2, 0.05465984344482422, 0.5958494873046875, 1.4250157470703124
Logged reward of 425.737303
0, 0.053208112716674805, 0.34924520874023435, 0.34924520874023435
Logged reward of 239.926579
4, 0.0634613037109375, 0.06805596160888672, 17.714548828125
Logged reward of 46.050755
6, 0.06093430519104004, 0.27720089721679686, 2.810573974609375
Logged reward of 281.640795
2, 0.05907154083251953, 0.553660400390625, 0.7616264038085937
Logged reward of 473.358759
6, 0.05642533302307129, 0.31999810791015626, 0.33676504516601563
Logged reward of 192.672518
2, 0.0548555850982666, 0.63179296875, 1.4849654541015624
Logged reward of 411.492297
19, 0.06340265274047852, 0.13928265380859375, 4.74482763671875
Logged reward of 112.809739
0, 0.05888104438781738, 0.24984329223632812, 0.24984329223632812
Logged reward of 231.061232
15, 0.0559391975402832, 0.5621761474609375, 0.8872254028320312
Logged reward of 369.782411
15, 0.05776524543762207, 0.21983010864257813, 1.1909761962890626
Logged reward of 185.240689
6, 0.05309033393859863, 0.3200111389160156, 0.3367659912109375
Logged reward of 182.812755
20, 0.06318426132202148, 0.6881017456054688, 4.93511279296875
Logged reward of 461.244677
15, 0.06001734733581543, 0.2561509094238281, 0.6621148681640625
Logged reward of 130.854564
0, 0.05204486846923828, 0.0599691047668457, 0.0599691047668457
Logged reward of 146.976956
22, 0.05465245246887207, 0.02820076560974121, 0.19840313720703126
Logged reward of 12.72251
Old model # regressions: 0 regression amount: 0
New model # regressions: 0 regression amount: 0
New model had no regressions.
Accepted new model.
20, 0.06333470344543457, 0.654391845703125, 5.1038173828125
Logged reward of 457.072731
0, 0.05940890312194824, 0.2982251281738281, 0.2982251281738281
Logged reward of 186.675598
15, 0.05062747001647949, 0.16427584838867187, 0.20660804748535155
Logged reward of 164.573294
23, 0.05646061897277832, 0.516979248046875, 1.142224365234375
Logged reward of 326.938207
0, 0.05344104766845703, 0.2049923095703125, 0.2049923095703125
Logged reward of 186.447548
15, 0.05434870719909668, 0.008275141716003418, 0.14958824157714845
Logged reward of 1.355662
6, 0.05486631393432617, 0.41970367431640626, 1.6982447509765626
Logged reward of 279.001282
19, 0.06366467475891113, 0.67060400390625, 0.9962173461914062
Logged reward of 594.605378
6, 0.060657501220703125, 1.5704769287109375, 2.2370810546875
Logged reward of 1769.679886
24, 0.053356170654296875, 1.72886572265625, 2.748702880859375
Logged reward of 7491.246542
22, 0.05585169792175293, 0.45875311279296876, 0.5893642578125
Logged reward of 320.15869
0, 0.05095410346984863, 0.1633168487548828, 0.1633168487548828
Logged reward of 35.921442
19, 0.05346798896789551, 0.5780314331054688, 0.9015296630859375
Logged reward of 519.804237
19, 0.06342959403991699, 0.5722247314453125, 0.93843017578125
Logged reward of 635.789005
23, 0.06763815879821777, 0.03749528503417969, 0.556388916015625
Logged reward of 30.196367
0, 0.06216073036193848, 0.5239075927734375, 0.5239075927734375
Logged reward of 296.835962
20, 0.06293702125549316, 0.5540321655273438, 3.910104248046875
Logged reward of 465.703252
9, 0.06232476234436035, 0.35412265014648436, 0.7272738647460938
Logged reward of 662.975281
21, 0.054656267166137695, 0.22584323120117186, 0.408220703125
Logged reward of 6413.756068
22, 0.05475807189941406, 4.56811767578125, 8.9813408203125
22, 0.05526614189147949, 4.64428173828125, 9.0183203125
22, 0.054821014404296875, 4.64152294921875, 9.01928515625
22, 0.054334163665771484, 4.64731298828125, 9.0087607421875
22, 0.05475807189941406, 4.64627587890625, 9.008640625
22, 0.05491828918457031, 4.64714892578125, 9.008658203125
22, 0.055764198303222656, 4.64780078125, 9.0087265625
22, 0.05472993850708008, 4.64727783203125, 9.008615234375
22, 0.05517911911010742, 4.64674560546875, 9.0088125
22, 0.05791354179382324, 4.6447470703125, 9.008607421875
22, 0.05529379844665527, 4.64780078125, 9.0087265625
22, 0.055170536041259766, 4.64766796875, 9.008708984375
22, 0.05784869194030762, 4.64780078125, 9.0087265625
22, 0.05528402328491211, 4.6476279296875, 9.008658203125
22, 0.054656267166137695, 4.647787109375, 9.0087177734375
22, 0.054801225662231445, 4.64671923828125, 9.0087529296875
22, 0.054758310317993164, 4.64780078125, 9.0087265625
22, 0.05767464637756348, 4.64583740234375, 9.00859765625
22, 0.05515289306640625, 4.64774755859375, 9.008658203125
22, 0.0550994873046875, 4.64767626953125, 9.0087265625
22, 0.05461907386779785, 4.6475390625, 9.008658203125
22, 0.05494117736816406, 4.64740625, 9.008708984375
22, 0.05473065376281738, 4.647078125, 9.008615234375
22, 0.05480623245239258, 4.64734423828125, 9.00877734375
22, 0.05764174461364746, 4.64774755859375, 9.0086748046875
22, 0.05486488342285156, 4.64638671875, 9.0088984375
22, 0.05473017692565918, 4.6474375, 9.0087607421875
22, 0.05485963821411133, 4.6470029296875, 9.0086748046875
22, 0.05481529235839844, 4.6470693359375, 9.008693359375
22, 0.0548863410949707, 4.64774755859375, 9.008658203125
22, 0.05504322052001953, 4.6469765625, 9.0088125
22, 0.05504798889160156, 4.64766796875, 9.008708984375
22, 0.05470156669616699, 4.647703125, 9.0087265625
22, 0.05478191375732422, 4.64714892578125, 9.00868359375
22, 0.0548856258392334, 4.6470205078125, 9.0087353515625
22, 0.05450749397277832, 4.64777392578125, 9.008708984375
22, 0.054674386978149414, 4.6477294921875, 9.0086748046875
22, 0.05489778518676758, 4.64784521484375, 9.0087265625
22, 0.05595088005065918, 4.64696728515625, 9.008830078125
22, 0.05477333068847656, 4.6468076171875, 9.0085888671875
22, 0.054711341857910156, 4.64774755859375, 9.008658203125
22, 0.056314706802368164, 4.64784521484375, 9.0087265625
22, 0.055110931396484375, 4.647357421875, 9.00876953125
22, 0.055077552795410156, 4.6474326171875, 9.008744140625
22, 0.05469250679016113, 4.64784521484375, 9.0087265625
22, 0.05518770217895508, 4.6470693359375, 9.008693359375
22, 0.05694127082824707, 4.64759228515625, 9.008744140625
22, 0.055025577545166016, 4.64774755859375, 9.008658203125
22, 0.05565047264099121, 4.6464794921875, 9.0088984375
22, 0.05516672134399414, 4.6470380859375, 9.0088037109375
22, 0.05454611778259277, 4.647060546875, 9.008693359375
22, 0.05485343933105469, 4.64774755859375, 9.008658203125
22, 0.05476999282836914, 4.64780078125, 9.0087265625
22, 0.05467677116394043, 4.64784521484375, 9.0087265625
22, 0.055692195892333984, 4.647357421875, 9.00876953125
22, 0.054647207260131836, 4.64766796875, 9.008708984375
22, 0.05474972724914551, 4.64710888671875, 9.008693359375
22, 0.05484437942504883, 4.64730859375, 9.0087265625
22, 0.05504155158996582, 4.64777392578125, 9.008708984375
22, 0.05467104911804199, 4.64686083984375, 9.0086748046875
22, 0.054879188537597656, 4.64737939453125, 9.00877734375
22, 0.05475759506225586, 4.6463291015625, 9.0085888671875
22, 0.057721853256225586, 4.64774755859375, 9.0086748046875
22, 0.05769944190979004, 4.64777392578125, 9.008708984375
22, 0.05510306358337402, 4.64772119140625, 9.0087177734375
22, 0.05473756790161133, 4.64763232421875, 9.0087265625
22, 0.05524945259094238, 4.64745068359375, 9.0087529296875
22, 0.057884931564331055, 4.64780078125, 9.0087265625
22, 0.05466437339782715, 4.647060546875, 9.008693359375
22, 0.05483579635620117, 4.64745068359375, 9.0087529296875
22, 0.054886817932128906, 4.64774755859375, 9.008658203125
22, 0.05758857727050781, 4.64737939453125, 9.00877734375
22, 0.05500388145446777, 4.647060546875, 9.008693359375
22, 0.05466485023498535, 4.64780078125, 9.0087265625
22, 0.05742025375366211, 4.647787109375, 9.0087177734375
22, 0.054976701736450195, 4.64775634765625, 9.008658203125
22, 0.054938554763793945, 4.64755224609375, 9.0087607421875
22, 0.057703495025634766, 4.64737939453125, 9.00877734375
22, 0.05487942695617676, 4.64767626953125, 9.0087265625
22, 0.0552220344543457, 4.64710888671875, 9.008693359375
22, 0.05464363098144531, 4.6473974609375, 9.0087177734375
22, 0.054805755615234375, 4.64774755859375, 9.008658203125
22, 0.056829214096069336, 4.64737939453125, 9.00877734375
22, 0.054502248764038086, 4.6467236328125, 9.0085888671875
22, 0.055106401443481445, 4.6475791015625, 9.008708984375
22, 0.057494163513183594, 4.647751953125, 9.0087265625
22, 0.05796241760253906, 4.64775634765625, 9.00868359375
22, 0.054659366607666016, 4.647734375, 9.008693359375
22, 0.058151960372924805, 4.64751220703125, 9.0087529296875
22, 0.0576174259185791, 4.64754345703125, 9.0087529296875
22, 0.05471682548522949, 4.64780078125, 9.0087265625
22, 0.054849863052368164, 4.6460986328125, 9.00859765625
22, 0.054620981216430664, 4.64774755859375, 9.008658203125
22, 0.05767536163330078, 4.647392578125, 9.00876953125
22, 0.05492806434631348, 4.64780078125, 9.0087265625
22, 0.055071353912353516, 4.6471357421875, 9.00868359375
22, 0.05476212501525879, 4.64725537109375, 9.008615234375
22, 0.05469703674316406, 4.647703125, 9.0087265625
22, 0.054930686950683594, 4.64774755859375, 9.008658203125
22, 0.05475640296936035, 4.64771240234375, 9.008744140625
22, 0.05478191375732422, 4.64737939453125, 9.00877734375
22, 0.05791354179382324, 4.6475615234375, 9.0087529296875
22, 0.05489206314086914, 4.647060546875, 9.008693359375
22, 0.05497097969055176, 4.64774755859375, 9.008658203125
22, 0.05457186698913574, 4.64737939453125, 9.00877734375
22, 0.05500173568725586, 4.64780078125, 9.0087265625
22, 0.05435609817504883, 4.64786279296875, 9.0087265625
22, 0.055126190185546875, 4.6470693359375, 9.008693359375
22, 0.05514383316040039, 4.64730859375, 9.0087265625
22, 0.05447554588317871, 4.64774755859375, 9.0086748046875
22, 0.05450248718261719, 4.647685546875, 9.0087177734375
22, 0.057758331298828125, 4.6474375, 9.0087607421875
22, 0.054520606994628906, 4.64711376953125, 9.0086669921875
22, 0.05808901786804199, 4.64631982421875, 9.008615234375
22, 0.05805492401123047, 4.64774755859375, 9.008658203125
22, 0.054572343826293945, 4.6472685546875, 9.0087958984375
22, 0.05484795570373535, 4.6476943359375, 9.008744140625
22, 0.05515313148498535, 4.64770751953125, 9.008693359375
22, 0.05762982368469238, 4.6478095703125, 9.0087265625
22, 0.054723262786865234, 4.647060546875, 9.008693359375
22, 0.056678056716918945, 4.64773876953125, 9.0087265625
22, 0.05493450164794922, 4.64774755859375, 9.008658203125
22, 0.05752921104431152, 4.64762353515625, 9.0087529296875
22, 0.054791927337646484, 4.6472685546875, 9.0087958984375
22, 0.05431246757507324, 4.6470693359375, 9.008693359375
22, 0.05463814735412598, 4.64774755859375, 9.008658203125
22, 0.057639122009277344, 4.64780078125, 9.0087265625
22, 0.054979801177978516, 4.64784521484375, 9.0087265625
22, 0.05453801155090332, 4.6473662109375, 9.00876953125
22, 0.05658149719238281, 4.6476943359375, 9.008744140625
22, 0.05474281311035156, 4.647060546875, 9.008693359375
22, 0.054624319076538086, 4.64776513671875, 9.0087177734375
22, 0.05455160140991211, 4.64774755859375, 9.008658203125
22, 0.05445218086242676, 4.6473662109375, 9.008708984375
22, 0.054772138595581055, 4.64737939453125, 9.00877734375
22, 0.054646968841552734, 4.6469365234375, 9.0086494140625
22, 0.05450272560119629, 4.6476279296875, 9.008658203125
22, 0.05675387382507324, 4.647685546875, 9.008708984375
22, 0.054466962814331055, 4.6477294921875, 9.008708984375
22, 0.05678391456604004, 4.64751220703125, 9.0087529296875
22, 0.05510902404785156, 4.64754345703125, 9.0087529296875
22, 0.0547947883605957, 4.64776513671875, 9.008658203125
22, 0.054705142974853516, 4.6470556640625, 9.0086748046875
22, 0.0545957088470459, 4.647787109375, 9.0087177734375
22, 0.05679464340209961, 4.6476279296875, 9.008658203125
22, 0.054518938064575195, 4.64740185546875, 9.0087607421875
22, 0.054999589920043945, 4.6470693359375, 9.008693359375
22, 0.05663442611694336, 4.64780078125, 9.0087265625
22, 0.05436873435974121, 4.64777392578125, 9.008708984375
22, 0.05480217933654785, 4.64776513671875, 9.008658203125
22, 0.05520224571228027, 4.64773876953125, 9.0087265625
22, 0.054384469985961914, 4.64737939453125, 9.00877734375
22, 0.054628610610961914, 4.64773876953125, 9.0087265625
22, 0.05504274368286133, 4.6470693359375, 9.008693359375
22, 0.05756354331970215, 4.64773876953125, 9.0087265625
22, 0.054791927337646484, 4.64774755859375, 9.008658203125
22, 0.05756568908691406, 4.64737939453125, 9.00877734375
22, 0.05472683906555176, 4.6470693359375, 9.008693359375
22, 0.054815053939819336, 4.64780078125, 9.0087265625
22, 0.055202484130859375, 4.6476943359375, 9.008744140625
22, 0.055147647857666016, 4.64774755859375, 9.0086748046875
22, 0.054988861083984375, 4.6476943359375, 9.0087265625
22, 0.05514407157897949, 4.64740185546875, 9.0087607421875
22, 0.05471396446228027, 4.64760546875, 9.0087529296875
22, 0.05527019500732422, 4.64741943359375, 9.0087177734375
22, 0.05781817436218262, 4.64627587890625, 9.008640625
22, 0.05466103553771973, 4.64774755859375, 9.008658203125
22, 0.05486011505126953, 4.64720654296875, 9.00877734375
22, 0.05481982231140137, 4.6473974609375, 9.008693359375
22, 0.05474710464477539, 4.64749072265625, 9.008708984375
22, 0.05522012710571289, 4.6472734375, 9.0087177734375
22, 0.057643890380859375, 4.647751953125, 9.0087265625
22, 0.05492711067199707, 4.64774755859375, 9.008658203125
22, 0.056970834732055664, 4.64771240234375, 9.008744140625
22, 0.05522775650024414, 4.64737939453125, 9.00877734375
22, 0.05533266067504883, 4.647751953125, 9.0087265625
22, 0.05485820770263672, 4.64683935546875, 9.0085810546875
22, 0.05471038818359375, 4.64774755859375, 9.008658203125
22, 0.05494403839111328, 4.64740185546875, 9.0087607421875
22, 0.05523347854614258, 4.64780078125, 9.0087265625
22, 0.05661821365356445, 4.647787109375, 9.0087177734375
22, 0.054671287536621094, 4.6470693359375, 9.008693359375
22, 0.05514264106750488, 4.64776513671875, 9.0087177734375
22, 0.054894208908081055, 4.64774755859375, 9.008658203125
22, 0.05775308609008789, 4.64750341796875, 9.008708984375
22, 0.05485677719116211, 4.64737939453125, 9.00877734375
22, 0.05461382865905762, 4.6471005859375, 9.0086748046875
22, 0.054635047912597656, 4.64691845703125, 9.0086494140625
22, 0.054673194885253906, 4.64761474609375, 9.0086494140625
22, 0.05458998680114746, 4.6469052734375, 9.0088212890625
22, 0.05480456352233887, 4.64758349609375, 9.008640625
22, 0.05767226219177246, 4.64771630859375, 9.008658203125
22, 0.05505037307739258, 4.647787109375, 9.0087177734375
22, 0.05443406105041504, 4.64707373046875, 9.008640625
22, 0.054798126220703125, 4.64777392578125, 9.0087265625
22, 0.054746150970458984, 4.64774755859375, 9.008658203125
22, 0.054474592208862305, 4.64780078125, 9.0087265625
22, 0.05464363098144531, 4.6469052734375, 9.0088212890625
22, 0.057173967361450195, 4.647060546875, 9.008693359375
22, 0.054900407791137695, 4.64774755859375, 9.008658203125
22, 0.05465412139892578, 4.64780078125, 9.0087265625
22, 0.054796695709228516, 4.647703125, 9.0087265625
22, 0.05474233627319336, 4.6474150390625, 9.00877734375
22, 0.054851531982421875, 4.647703125, 9.0087265625
22, 0.054770469665527344, 4.6470693359375, 9.008693359375
22, 0.05476975440979004, 4.64777392578125, 9.008708984375
22, 0.054962158203125, 4.64774755859375, 9.008658203125
22, 0.05702495574951172, 4.647703125, 9.0087265625
22, 0.05472397804260254, 4.64737939453125, 9.00877734375
22, 0.05522346496582031, 4.6470380859375, 9.0086494140625
22, 0.05497169494628906, 4.64774755859375, 9.008658203125
22, 0.055132389068603516, 4.64777392578125, 9.0087265625
22, 0.054251909255981445, 4.6475615234375, 9.0087529296875
22, 0.054560184478759766, 4.64742822265625, 9.0087529296875
22, 0.0567326545715332, 4.64760546875, 9.0087529296875
22, 0.05504107475280762, 4.64741943359375, 9.0087177734375
22, 0.05756998062133789, 4.64721533203125, 9.0085810546875
22, 0.05753588676452637, 4.647787109375, 9.0087177734375
22, 0.05667424201965332, 4.6473310546875, 9.008658203125
22, 0.057649850845336914, 4.6472685546875, 9.0087958984375
22, 0.057654380798339844, 4.6470693359375, 9.008693359375
22, 0.05486941337585449, 4.647787109375, 9.0087177734375
22, 0.05681490898132324, 4.64776953125, 9.00868359375
22, 0.05797433853149414, 4.64775634765625, 9.00868359375
22, 0.054848432540893555, 4.64773876953125, 9.0087265625
22, 0.05512046813964844, 4.64737939453125, 9.00877734375
22, 0.055013418197631836, 4.647787109375, 9.0087177734375
22, 0.05499458312988281, 4.6470693359375, 9.008693359375
22, 0.055399179458618164, 4.64771240234375, 9.008744140625
22, 0.05810213088989258, 4.64774755859375, 9.008658203125
22, 0.05799555778503418, 4.64737939453125, 9.00877734375
22, 0.05677962303161621, 4.647060546875, 9.008693359375
22, 0.05671238899230957, 4.64780078125, 9.0087265625
22, 0.055048465728759766, 4.64772119140625, 9.0087177734375
22, 0.057401180267333984, 4.64774755859375, 9.008658203125
22, 0.07093429565429688, 4.6475791015625, 9.008708984375
22, 0.08114886283874512, 4.64737939453125, 9.00877734375
22, 0.0705411434173584, 4.64749072265625, 9.0086494140625
22, 0.07899045944213867, 4.64714892578125, 9.00868359375
22, 0.11183977127075195, 4.64669287109375, 9.008693359375
22, 0.12280106544494629, 4.64764990234375, 9.0086494140625
22, 0.12236142158508301, 4.64696728515625, 9.008830078125
22, 0.12373709678649902, 4.6470205078125, 9.0086318359375
22, 0.2872314453125, 4.6475966796875, 9.0086748046875
22, 0.28961992263793945, 4.647162109375, 9.008708984375
22, 0.29193639755249023, 4.64777392578125, 9.0087265625
22, 0.2973451614379883, 4.64774755859375, 9.008658203125
22, 0.2975020408630371, 4.647787109375, 9.0087177734375
22, 0.2937741279602051, 4.64737939453125, 9.00877734375
22, 0.2826681137084961, 4.64786279296875, 9.0087265625
22, 0.2655646800994873, 4.646515625, 9.008615234375
22, 0.31511807441711426, 4.64774755859375, 9.008658203125
22, 0.3333137035369873, 4.647392578125, 9.00876953125
22, 0.29898786544799805, 4.64780078125, 9.0087265625
22, 0.3075370788574219, 4.64780078125, 9.0087265625
22, 0.3042163848876953, 4.647060546875, 9.008693359375
22, 0.2891542911529541, 4.647751953125, 9.008701171875
22, 0.315920352935791, 4.64774755859375, 9.008658203125
22, 0.3368382453918457, 4.64771240234375, 9.008744140625
22, 0.34112548828125, 4.64737939453125, 9.00877734375
22, 0.2702951431274414, 4.6476630859375, 9.0086669921875
22, 0.2870473861694336, 4.64704736328125, 9.008623046875
22, 0.29842543601989746, 4.64774755859375, 9.008658203125
22, 0.29143190383911133, 4.64737939453125, 9.00877734375
22, 0.32963085174560547, 4.64780078125, 9.0087265625
22, 0.32782888412475586, 4.647751953125, 9.008701171875
22, 0.31565165519714355, 4.6474814453125, 9.008701171875
22, 0.28659629821777344, 4.6472734375, 9.008640625
22, 0.2770540714263916, 4.64780078125, 9.0087265625
22, 0.3223905563354492, 4.64774755859375, 9.008658203125
22, 0.30625033378601074, 4.64776513671875, 9.0087177734375
22, 0.3348560333251953, 4.6470380859375, 9.0088037109375
22, 0.32406187057495117, 4.647060546875, 9.008693359375
22, 0.3476531505584717, 4.64774755859375, 9.008658203125
22, 0.2749159336090088, 4.64772119140625, 9.0087177734375
22, 0.2874720096588135, 4.64767626953125, 9.0087265625
